#
# There is insufficient memory for the Java Runtime Environment to continue.
# Native memory allocation (malloc) failed to allocate 1208176 bytes for Chunk::new
# Possible reasons:
#   The system is out of physical RAM or swap space
#   In 32 bit mode, the process size limit was hit
# Possible solutions:
#   Reduce memory load on the system
#   Increase physical memory or swap space
#   Check if swap backing store is full
#   Use 64 bit Java on a 64 bit OS
#   Decrease Java heap size (-Xmx/-Xms)
#   Decrease number of Java threads
#   Decrease Java thread stack sizes (-Xss)
#   Set larger code cache with -XX:ReservedCodeCacheSize=
# This output file may be truncated or incomplete.
#
#  Out of Memory Error (allocation.cpp:390), pid=8180, tid=0x0000000000000dfc
#
# JRE version: OpenJDK Runtime Environment (8.0_152-b06) (build 1.8.0_152-release-1136-b06)
# Java VM: OpenJDK 64-Bit Server VM (25.152-b06 mixed mode windows-amd64 compressed oops)
# Failed to write core dump. Minidumps are not enabled by default on client versions of Windows
#

---------------  T H R E A D  ---------------

Current thread (0x000000001863c800):  JavaThread "C2 CompilerThread1" daemon [_thread_in_native, id=3580, stack(0x0000000019ea0000,0x0000000019fa0000)]

Stack: [0x0000000019ea0000,0x0000000019fa0000]
[error occurred during error reporting (printing stack bounds), id 0xc0000005]

Native frames: (J=compiled Java code, j=interpreted, Vv=VM code, C=native code)


Current CompileTask:
C2:1721491 16870       4       com.android.ide.common.resources.NodeUtils::duplicateNode (315 bytes)


---------------  P R O C E S S  ---------------

Java Threads: ( => current thread )
  0x000000002180d800 JavaThread "stdout" daemon [_thread_in_native, id=7636, stack(0x0000000035440000,0x0000000035540000)]
  0x000000002180e000 JavaThread "stderr" daemon [_thread_in_native, id=9160, stack(0x0000000035340000,0x0000000035440000)]
  0x0000000021811800 JavaThread "stdout" daemon [_thread_in_native, id=10352, stack(0x0000000035240000,0x0000000035340000)]
  0x0000000021810000 JavaThread "stderr" daemon [_thread_in_native, id=2772, stack(0x0000000035140000,0x0000000035240000)]
  0x0000000021806800 JavaThread "stdout" daemon [_thread_in_native, id=10096, stack(0x0000000035040000,0x0000000035140000)]
  0x0000000021805000 JavaThread "stderr" daemon [_thread_in_native, id=9496, stack(0x0000000034f40000,0x0000000035040000)]
  0x0000000021808000 JavaThread "pool-19-thread-1" [_thread_blocked, id=4224, stack(0x0000000034e40000,0x0000000034f40000)]
  0x0000000021809800 JavaThread "ForkJoinPool.commonPool-worker-3" daemon [_thread_blocked, id=8832, stack(0x0000000034d40000,0x0000000034e40000)]
  0x0000000021806000 JavaThread "ForkJoinPool.commonPool-worker-2" daemon [_thread_blocked, id=1484, stack(0x0000000034c40000,0x0000000034d40000)]
  0x0000000021807800 JavaThread "ForkJoinPool.commonPool-worker-1" daemon [_thread_blocked, id=11948, stack(0x0000000034b40000,0x0000000034c40000)]
  0x000000002120b800 JavaThread "Task worker for ':' Thread 3" [_thread_blocked, id=684, stack(0x0000000034a40000,0x0000000034b40000)]
  0x000000002120b000 JavaThread "Task worker for ':' Thread 2" [_thread_blocked, id=11764, stack(0x0000000034940000,0x0000000034a40000)]
  0x000000002120a000 JavaThread "Task worker for ':'" [_thread_blocked, id=11512, stack(0x0000000034840000,0x0000000034940000)]
  0x0000000021208000 JavaThread "Cache worker for Build Output Cleanup Cache (C:\Users\LRIBEIRO\Documents\A\MEUS-BENS-master\.gradle\buildOutputCleanup)" [_thread_blocked, id=3620, stack(0x0000000034740000,0x0000000034840000)]
  0x0000000021209800 JavaThread "Cache worker for task history cache (C:\Users\LRIBEIRO\Documents\A\MEUS-BENS-master\.gradle\4.6\taskHistory)" [_thread_blocked, id=6500, stack(0x0000000034640000,0x0000000034740000)]
  0x0000000021208800 JavaThread "Build operations Thread 4" [_thread_blocked, id=10248, stack(0x0000000034540000,0x0000000034640000)]
  0x0000000021207000 JavaThread "Build operations Thread 3" [_thread_blocked, id=11332, stack(0x0000000034440000,0x0000000034540000)]
  0x00000000211ff800 JavaThread "Build operations Thread 2" [_thread_blocked, id=1116, stack(0x0000000034340000,0x0000000034440000)]
  0x0000000021206800 JavaThread "Build operations" [_thread_blocked, id=10400, stack(0x0000000034240000,0x0000000034340000)]
  0x00000000211ff000 JavaThread "Cache worker for Artifact transforms cache (C:\Users\LRIBEIRO\.gradle\caches\transforms-1)" [_thread_blocked, id=9008, stack(0x0000000034140000,0x0000000034240000)]
  0x0000000021200800 JavaThread "Cache worker for file hash cache (C:\Users\LRIBEIRO\Documents\A\MEUS-BENS-master\.gradle\4.6\fileHashes)" [_thread_blocked, id=2276, stack(0x0000000034040000,0x0000000034140000)]
  0x0000000021205800 JavaThread "Stdin handler" [_thread_blocked, id=5760, stack(0x0000000033f40000,0x0000000034040000)]
  0x00000000211fe000 JavaThread "Asynchronous log dispatcher for DefaultDaemonConnection: socket connection from /127.0.0.1:59055 to /127.0.0.1:60237" [_thread_blocked, id=10428, stack(0x0000000033e40000,0x0000000033f40000)]
  0x0000000021202800 JavaThread "Cancel handler" [_thread_blocked, id=7996, stack(0x0000000033d40000,0x0000000033e40000)]
  0x0000000021205000 JavaThread "Handler for socket connection from /127.0.0.1:59055 to /127.0.0.1:60237" [_thread_in_native, id=2908, stack(0x0000000033c40000,0x0000000033d40000)]
  0x0000000021202000 JavaThread "Daemon worker Thread 7" [_thread_blocked, id=10324, stack(0x0000000033340000,0x0000000033440000)]
  0x0000000021204000 JavaThread "Daemon Thread 7" [_thread_blocked, id=8772, stack(0x0000000033040000,0x0000000033140000)]
  0x00000000211fc800 JavaThread "MarlinRenderer Disposer" daemon [_thread_blocked, id=8232, stack(0x0000000032740000,0x0000000032840000)]
  0x0000000021201000 JavaThread "Java2D Disposer" daemon [_thread_blocked, id=8416, stack(0x0000000032640000,0x0000000032740000)]
  0x0000000021809000 JavaThread "pool-1-thread-1" [_thread_blocked, id=9012, stack(0x0000000026f40000,0x0000000027040000)]
  0x000000001d91a800 JavaThread "Memory manager" [_thread_blocked, id=9936, stack(0x0000000022ea0000,0x0000000022fa0000)]
  0x000000001b75a000 JavaThread "File lock request listener" [_thread_in_native, id=7304, stack(0x000000001d200000,0x000000001d300000)]
  0x000000001ba37000 JavaThread "Cache worker for file hash cache (C:\Users\LRIBEIRO\.gradle\caches\4.6\fileHashes)" [_thread_blocked, id=12120, stack(0x000000001d100000,0x000000001d200000)]
  0x000000001b88c000 JavaThread "Daemon periodic checks" [_thread_blocked, id=11876, stack(0x000000001c600000,0x000000001c700000)]
  0x000000001b86e000 JavaThread "Incoming local TCP Connector on port 59055" [_thread_in_native, id=3832, stack(0x000000001c3b0000,0x000000001c4b0000)]
  0x000000001a0cb800 JavaThread "Service Thread" daemon [_thread_blocked, id=1672, stack(0x000000001a4a0000,0x000000001a5a0000)]
  0x0000000018644000 JavaThread "C1 CompilerThread2" daemon [_thread_blocked, id=11128, stack(0x0000000019fa0000,0x000000001a0a0000)]
=>0x000000001863c800 JavaThread "C2 CompilerThread1" daemon [_thread_in_native, id=3580, stack(0x0000000019ea0000,0x0000000019fa0000)]
  0x0000000018639000 JavaThread "C2 CompilerThread0" daemon [_thread_in_native, id=10600, stack(0x0000000019da0000,0x0000000019ea0000)]
  0x0000000018648000 JavaThread "Attach Listener" daemon [_thread_blocked, id=3148, stack(0x0000000019ca0000,0x0000000019da0000)]
  0x0000000018647000 JavaThread "Signal Dispatcher" daemon [_thread_blocked, id=12176, stack(0x0000000019ba0000,0x0000000019ca0000)]
  0x0000000018628000 JavaThread "Finalizer" daemon [_thread_blocked, id=108, stack(0x00000000198a0000,0x00000000199a0000)]
  0x0000000004cc3800 JavaThread "Reference Handler" daemon [_thread_blocked, id=3596, stack(0x00000000197a0000,0x00000000198a0000)]
  0x0000000004bae000 JavaThread "main" [_thread_blocked, id=9532, stack(0x0000000004a30000,0x0000000004b30000)]

Other Threads:
  0x0000000018606000 VMThread [stack: 0x00000000196a0000,0x00000000197a0000] [id=2356]
  0x000000001a0cc000 WatcherThread [stack: 0x000000001a5a0000,0x000000001a6a0000] [id=7184]

VM state:not at safepoint (normal execution)

VM Mutex/Monitor currently owned by a thread: None

Heap:
 PSYoungGen      total 165888K, used 82607K [0x00000000e0000000, 0x00000000f0c80000, 0x0000000100000000)
  eden space 91648K, 12% used [0x00000000e0000000,0x00000000e0adac70,0x00000000e5980000)
  from space 74240K, 96% used [0x00000000e5980000,0x00000000e9f511a8,0x00000000ea200000)
  to   space 84992K, 0% used [0x00000000eb980000,0x00000000eb980000,0x00000000f0c80000)
 ParOldGen       total 159232K, used 55276K [0x00000000a0000000, 0x00000000a9b80000, 0x00000000e0000000)
  object space 159232K, 34% used [0x00000000a0000000,0x00000000a35fb160,0x00000000a9b80000)
 Metaspace       used 80765K, capacity 86204K, committed 86400K, reserved 1124352K
  class space    used 10455K, capacity 11877K, committed 11904K, reserved 1048576K

Card table byte_map: [0x0000000014090000,0x00000000143a0000] byte_map_base: 0x0000000013b90000

Marking Bits: (ParMarkBitMap*) 0x000000006c335aa0
 Begin Bits: [0x00000000149a0000, 0x00000000161a0000)
 End Bits:   [0x00000000161a0000, 0x00000000179a0000)

Polling page: 0x0000000003250000

CodeCache: size=245760Kb used=48860Kb max_used=48864Kb free=196899Kb
 bounds [0x0000000004cd0000, 0x0000000007cd0000, 0x0000000013cd0000]
 total_blobs=14547 nmethods=13590 adapters=867
 compilation: enabled

Compilation events (10 events):
Event: 1720.914 Thread 0x0000000018644000 16876       3       com.android.utils.XmlUtils::appendXmlTextValue (76 bytes)
Event: 1720.915 Thread 0x0000000018644000 nmethod 16876 0x0000000007cc8990 code [0x0000000007cc8bc0, 0x0000000007cc99c8]
Event: 1720.968 Thread 0x0000000018644000 16877  s    3       java.util.Hashtable::remove (133 bytes)
Event: 1720.972 Thread 0x0000000018644000 nmethod 16877 0x0000000007cca2d0 code [0x0000000007cca480, 0x0000000007ccacb8]
Event: 1720.973 Thread 0x0000000018644000 16878   !   3       sun.java2d.Disposer::clearDeferredRecords (70 bytes)
Event: 1720.974 Thread 0x0000000018644000 nmethod 16878 0x0000000007ccb010 code [0x0000000007ccb220, 0x0000000007ccbd88]
Event: 1720.975 Thread 0x0000000018644000 16879  s!   3       com.sun.imageio.stream.CloseableDisposerRecord::dispose (42 bytes)
Event: 1720.975 Thread 0x0000000018644000 nmethod 16879 0x0000000007cc5590 code [0x0000000007cc5700, 0x0000000007cc5b88]
Event: 1720.994 Thread 0x0000000018644000 16880   !   3       java.lang.ThreadGroup::add (110 bytes)
Event: 1720.995 Thread 0x0000000018644000 nmethod 16880 0x00000000051c7450 code [0x00000000051c7620, 0x00000000051c7ed8]

GC Heap History (10 events):
Event: 1404.661 GC heap before
{Heap before GC invocations=28 (full 3):
 PSYoungGen      total 154112K, used 154102K [0x00000000e0000000, 0x00000000ee100000, 0x0000000100000000)
  eden space 107520K, 100% used [0x00000000e0000000,0x00000000e6900000,0x00000000e6900000)
  from space 46592K, 99% used [0x00000000ea100000,0x00000000ece7da48,0x00000000ece80000)
  to   space 57344K, 0% used [0x00000000e6900000,0x00000000e6900000,0x00000000ea100000)
 ParOldGen       total 159232K, used 55244K [0x00000000a0000000, 0x00000000a9b80000, 0x00000000e0000000)
  object space 159232K, 34% used [0x00000000a0000000,0x00000000a35f3160,0x00000000a9b80000)
 Metaspace       used 79684K, capacity 84246K, committed 84608K, reserved 1122304K
  class space    used 10308K, capacity 11553K, committed 11648K, reserved 1048576K
Event: 1404.692 GC heap after
Heap after GC invocations=28 (full 3):
 PSYoungGen      total 141824K, used 36608K [0x00000000e0000000, 0x00000000ed980000, 0x0000000100000000)
  eden space 104960K, 0% used [0x00000000e0000000,0x00000000e0000000,0x00000000e6680000)
  from space 36864K, 99% used [0x00000000e6900000,0x00000000e8cc03f8,0x00000000e8d00000)
  to   space 58880K, 0% used [0x00000000ea000000,0x00000000ea000000,0x00000000ed980000)
 ParOldGen       total 159232K, used 55252K [0x00000000a0000000, 0x00000000a9b80000, 0x00000000e0000000)
  object space 159232K, 34% used [0x00000000a0000000,0x00000000a35f5160,0x00000000a9b80000)
 Metaspace       used 79684K, capacity 84246K, committed 84608K, reserved 1122304K
  class space    used 10308K, capacity 11553K, committed 11648K, reserved 1048576K
}
Event: 1714.478 GC heap before
{Heap before GC invocations=29 (full 3):
 PSYoungGen      total 141824K, used 141568K [0x00000000e0000000, 0x00000000ed980000, 0x0000000100000000)
  eden space 104960K, 100% used [0x00000000e0000000,0x00000000e6680000,0x00000000e6680000)
  from space 36864K, 99% used [0x00000000e6900000,0x00000000e8cc03f8,0x00000000e8d00000)
  to   space 58880K, 0% used [0x00000000ea000000,0x00000000ea000000,0x00000000ed980000)
 ParOldGen       total 159232K, used 55252K [0x00000000a0000000, 0x00000000a9b80000, 0x00000000e0000000)
  object space 159232K, 34% used [0x00000000a0000000,0x00000000a35f5160,0x00000000a9b80000)
 Metaspace       used 80180K, capacity 84992K, committed 85248K, reserved 1122304K
  class space    used 10370K, capacity 11719K, committed 11776K, reserved 1048576K
Event: 1714.528 GC heap after
Heap after GC invocations=29 (full 3):
 PSYoungGen      total 161280K, used 39558K [0x00000000e0000000, 0x00000000edc80000, 0x0000000100000000)
  eden space 102400K, 0% used [0x00000000e0000000,0x00000000e0000000,0x00000000e6400000)
  from space 58880K, 67% used [0x00000000ea000000,0x00000000ec6a18c8,0x00000000ed980000)
  to   space 61440K, 0% used [0x00000000e6400000,0x00000000e6400000,0x00000000ea000000)
 ParOldGen       total 159232K, used 55260K [0x00000000a0000000, 0x00000000a9b80000, 0x00000000e0000000)
  object space 159232K, 34% used [0x00000000a0000000,0x00000000a35f7160,0x00000000a9b80000)
 Metaspace       used 80180K, capacity 84992K, committed 85248K, reserved 1122304K
  class space    used 10370K, capacity 11719K, committed 11776K, reserved 1048576K
}
Event: 1717.086 GC heap before
{Heap before GC invocations=30 (full 3):
 PSYoungGen      total 161280K, used 141958K [0x00000000e0000000, 0x00000000edc80000, 0x0000000100000000)
  eden space 102400K, 100% used [0x00000000e0000000,0x00000000e6400000,0x00000000e6400000)
  from space 58880K, 67% used [0x00000000ea000000,0x00000000ec6a18c8,0x00000000ed980000)
  to   space 61440K, 0% used [0x00000000e6400000,0x00000000e6400000,0x00000000ea000000)
 ParOldGen       total 159232K, used 55260K [0x00000000a0000000, 0x00000000a9b80000, 0x00000000e0000000)
  object space 159232K, 34% used [0x00000000a0000000,0x00000000a35f7160,0x00000000a9b80000)
 Metaspace       used 80634K, capacity 86006K, committed 86144K, reserved 1124352K
  class space    used 10455K, capacity 11876K, committed 11904K, reserved 1048576K
Event: 1717.143 GC heap after
Heap after GC invocations=30 (full 3):
 PSYoungGen      total 161792K, used 47602K [0x00000000e0000000, 0x00000000ee200000, 0x0000000100000000)
  eden space 100352K, 0% used [0x00000000e0000000,0x00000000e0000000,0x00000000e6200000)
  from space 61440K, 77% used [0x00000000e6400000,0x00000000e927c9b8,0x00000000ea000000)
  to   space 65536K, 0% used [0x00000000ea200000,0x00000000ea200000,0x00000000ee200000)
 ParOldGen       total 159232K, used 55268K [0x00000000a0000000, 0x00000000a9b80000, 0x00000000e0000000)
  object space 159232K, 34% used [0x00000000a0000000,0x00000000a35f9160,0x00000000a9b80000)
 Metaspace       used 80634K, capacity 86006K, committed 86144K, reserved 1124352K
  class space    used 10455K, capacity 11876K, committed 11904K, reserved 1048576K
}
Event: 1719.284 GC heap before
{Heap before GC invocations=31 (full 3):
 PSYoungGen      total 161792K, used 147954K [0x00000000e0000000, 0x00000000ee200000, 0x0000000100000000)
  eden space 100352K, 100% used [0x00000000e0000000,0x00000000e6200000,0x00000000e6200000)
  from space 61440K, 77% used [0x00000000e6400000,0x00000000e927c9b8,0x00000000ea000000)
  to   space 65536K, 0% used [0x00000000ea200000,0x00000000ea200000,0x00000000ee200000)
 ParOldGen       total 159232K, used 55268K [0x00000000a0000000, 0x00000000a9b80000, 0x00000000e0000000)
  object space 159232K, 34% used [0x00000000a0000000,0x00000000a35f9160,0x00000000a9b80000)
 Metaspace       used 80641K, capacity 86006K, committed 86144K, reserved 1124352K
  class space    used 10455K, capacity 11876K, committed 11904K, reserved 1048576K
Event: 1719.352 GC heap after
Heap after GC invocations=31 (full 3):
 PSYoungGen      total 157184K, used 61421K [0x00000000e0000000, 0x00000000eff80000, 0x0000000100000000)
  eden space 91648K, 0% used [0x00000000e0000000,0x00000000e0000000,0x00000000e5980000)
  from space 65536K, 93% used [0x00000000ea200000,0x00000000eddfb408,0x00000000ee200000)
  to   space 74240K, 0% used [0x00000000e5980000,0x00000000e5980000,0x00000000ea200000)
 ParOldGen       total 159232K, used 55268K [0x00000000a0000000, 0x00000000a9b80000, 0x00000000e0000000)
  object space 159232K, 34% used [0x00000000a0000000,0x00000000a35f9160,0x00000000a9b80000)
 Metaspace       used 80641K, capacity 86006K, committed 86144K, reserved 1124352K
  class space    used 10455K, capacity 11876K, committed 11904K, reserved 1048576K
}
Event: 1720.916 GC heap before
{Heap before GC invocations=32 (full 3):
 PSYoungGen      total 157184K, used 150758K [0x00000000e0000000, 0x00000000eff80000, 0x0000000100000000)
  eden space 91648K, 97% used [0x00000000e0000000,0x00000000e573e410,0x00000000e5980000)
  from space 65536K, 93% used [0x00000000ea200000,0x00000000eddfb408,0x00000000ee200000)
  to   space 74240K, 0% used [0x00000000e5980000,0x00000000e5980000,0x00000000ea200000)
 ParOldGen       total 159232K, used 55268K [0x00000000a0000000, 0x00000000a9b80000, 0x00000000e0000000)
  object space 159232K, 34% used [0x00000000a0000000,0x00000000a35f9160,0x00000000a9b80000)
 Metaspace       used 80762K, capacity 86204K, committed 86400K, reserved 1124352K
  class space    used 10455K, capacity 11877K, committed 11904K, reserved 1048576K
Event: 1720.968 GC heap after
Heap after GC invocations=32 (full 3):
 PSYoungGen      total 165888K, used 71492K [0x00000000e0000000, 0x00000000f0c80000, 0x0000000100000000)
  eden space 91648K, 0% used [0x00000000e0000000,0x00000000e0000000,0x00000000e5980000)
  from space 74240K, 96% used [0x00000000e5980000,0x00000000e9f511a8,0x00000000ea200000)
  to   space 84992K, 0% used [0x00000000eb980000,0x00000000eb980000,0x00000000f0c80000)
 ParOldGen       total 159232K, used 55276K [0x00000000a0000000, 0x00000000a9b80000, 0x00000000e0000000)
  object space 159232K, 34% used [0x00000000a0000000,0x00000000a35fb160,0x00000000a9b80000)
 Metaspace       used 80762K, capacity 86204K, committed 86400K, reserved 1124352K
  class space    used 10455K, capacity 11877K, committed 11904K, reserved 1048576K
}

Deoptimization events (10 events):
Event: 1716.826 Thread 0x0000000021202000 Uncommon trap: reason=array_check action=maybe_recompile pc=0x0000000007877fc8 method=java.util.TimSort.binarySort([Ljava/lang/Object;IIILjava/util/Comparator;)V @ 215
Event: 1716.839 Thread 0x0000000021202000 Uncommon trap: reason=array_check action=maybe_recompile pc=0x0000000007877fc8 method=java.util.TimSort.binarySort([Ljava/lang/Object;IIILjava/util/Comparator;)V @ 215
Event: 1718.423 Thread 0x0000000021202000 Uncommon trap: reason=unstable_if action=reinterpret pc=0x00000000060aa85c method=com.sun.org.apache.xerces.internal.parsers.AbstractSAXParser.startElement(Lcom/sun/org/apache/xerces/internal/xni/QName;Lcom/sun/org/apache/xerces/internal/xni/XMLAttributes
Event: 1719.477 Thread 0x0000000021202000 Uncommon trap: reason=unstable_if action=reinterpret pc=0x0000000007a09770 method=com.android.ide.common.resources.DataMerger.mergeData(Lcom/android/ide/common/resources/MergeConsumer;Z)V @ 474
Event: 1719.487 Thread 0x0000000021202000 Uncommon trap: reason=unstable_if action=reinterpret pc=0x00000000079460a0 method=com.sun.org.apache.xerces.internal.dom.ElementNSImpl.setName(Ljava/lang/String;Ljava/lang/String;)V @ 6
Event: 1720.062 Thread 0x0000000021202000 Uncommon trap: reason=class_check action=maybe_recompile pc=0x0000000007a02b10 method=com.android.ide.common.resources.ResourceMergerItem.compareTo(Ljava/lang/Object;)I @ 2
Event: 1720.062 Thread 0x0000000021202000 Uncommon trap: reason=class_check action=maybe_recompile pc=0x0000000007a02b10 method=com.android.ide.common.resources.ResourceMergerItem.compareTo(Ljava/lang/Object;)I @ 2
Event: 1720.062 Thread 0x0000000021202000 Uncommon trap: reason=class_check action=maybe_recompile pc=0x0000000007a02b10 method=com.android.ide.common.resources.ResourceMergerItem.compareTo(Ljava/lang/Object;)I @ 2
Event: 1720.062 Thread 0x0000000021202000 Uncommon trap: reason=class_check action=maybe_recompile pc=0x0000000007a02b10 method=com.android.ide.common.resources.ResourceMergerItem.compareTo(Ljava/lang/Object;)I @ 2
Event: 1720.064 Thread 0x0000000021202000 Uncommon trap: reason=unstable_if action=reinterpret pc=0x00000000055810e8 method=com.sun.org.apache.xerces.internal.dom.ChildNode.getParentNode()Lorg/w3c/dom/Node; @ 4

Classes redefined (0 events):
No events

Internal exceptions (10 events):
Event: 1716.331 Thread 0x0000000021202000 Exception <a 'sun/nio/fs/WindowsException'> (0x00000000e2ec8770) thrown at [D:\src\AOSP-openjdk-cygwin\jdk8u\hotspot\src\share\vm\prims\jni.cpp, line 709]
Event: 1716.331 Thread 0x0000000021202000 Exception <a 'sun/nio/fs/WindowsException'> (0x00000000e2ec9370) thrown at [D:\src\AOSP-openjdk-cygwin\jdk8u\hotspot\src\share\vm\prims\jni.cpp, line 709]
Event: 1716.331 Thread 0x0000000021202000 Exception <a 'sun/nio/fs/WindowsException'> (0x00000000e2ecafb0) thrown at [D:\src\AOSP-openjdk-cygwin\jdk8u\hotspot\src\share\vm\prims\jni.cpp, line 709]
Event: 1716.332 Thread 0x0000000021202000 Exception <a 'sun/nio/fs/WindowsException'> (0x00000000e2ecbbe8) thrown at [D:\src\AOSP-openjdk-cygwin\jdk8u\hotspot\src\share\vm\prims\jni.cpp, line 709]
Event: 1716.332 Thread 0x0000000021202000 Exception <a 'sun/nio/fs/WindowsException'> (0x00000000e2ece7c0) thrown at [D:\src\AOSP-openjdk-cygwin\jdk8u\hotspot\src\share\vm\prims\jni.cpp, line 709]
Event: 1716.332 Thread 0x0000000021202000 Exception <a 'sun/nio/fs/WindowsException'> (0x00000000e2ecf438) thrown at [D:\src\AOSP-openjdk-cygwin\jdk8u\hotspot\src\share\vm\prims\jni.cpp, line 709]
Event: 1716.332 Thread 0x0000000021202000 Exception <a 'sun/nio/fs/WindowsException'> (0x00000000e2ed10f0) thrown at [D:\src\AOSP-openjdk-cygwin\jdk8u\hotspot\src\share\vm\prims\jni.cpp, line 709]
Event: 1716.332 Thread 0x0000000021202000 Exception <a 'sun/nio/fs/WindowsException'> (0x00000000e2ed1da0) thrown at [D:\src\AOSP-openjdk-cygwin\jdk8u\hotspot\src\share\vm\prims\jni.cpp, line 709]
Event: 1716.733 Thread 0x0000000021202000 Implicit null exception at 0x00000000050cd833 to 0x00000000050cde45
Event: 1719.487 Thread 0x0000000021202000 Implicit null exception at 0x0000000007944470 to 0x0000000007946089

Events (10 events):
Event: 1720.976 Thread 0x0000000018644000 flushing nmethod 0x00000000051c6710
Event: 1720.985 Executing VM operation: RevokeBias
Event: 1720.985 Executing VM operation: RevokeBias done
Event: 1720.985 Thread 0x0000000021808000 Thread added: 0x0000000021808000
Event: 1720.988 Thread 0x0000000021805000 Thread added: 0x0000000021805000
Event: 1720.988 Thread 0x0000000021806800 Thread added: 0x0000000021806800
Event: 1720.991 Thread 0x0000000021810000 Thread added: 0x0000000021810000
Event: 1720.991 Thread 0x0000000021811800 Thread added: 0x0000000021811800
Event: 1720.994 Thread 0x000000002180e000 Thread added: 0x000000002180e000
Event: 1720.994 Thread 0x000000002180d800 Thread added: 0x000000002180d800


Dynamic libraries:
0x00007ff78e5f0000 - 0x00007ff78e621000 	C:\Program Files\Android\Android Studio\jre\bin\java.exe
0x00007ff9edae0000 - 0x00007ff9edcc0000 	C:\WINDOWS\SYSTEM32\ntdll.dll
0x00007ff9eb010000 - 0x00007ff9eb0be000 	C:\WINDOWS\System32\KERNEL32.DLL
0x00007ff9ea930000 - 0x00007ff9eab96000 	C:\WINDOWS\System32\KERNELBASE.dll
0x00007ff9ec0b0000 - 0x00007ff9ec151000 	C:\WINDOWS\System32\ADVAPI32.dll
0x00007ff9eda10000 - 0x00007ff9edaad000 	C:\WINDOWS\System32\msvcrt.dll
0x00007ff9eb400000 - 0x00007ff9eb45b000 	C:\WINDOWS\System32\sechost.dll
0x00007ff9ed8f0000 - 0x00007ff9eda0f000 	C:\WINDOWS\System32\RPCRT4.dll
0x00007ff9ed760000 - 0x00007ff9ed8ef000 	C:\WINDOWS\System32\USER32.dll
0x00007ff9eac20000 - 0x00007ff9eac40000 	C:\WINDOWS\System32\win32u.dll
0x00007ff9eb460000 - 0x00007ff9eb488000 	C:\WINDOWS\System32\GDI32.dll
0x00007ff9ea630000 - 0x00007ff9ea7c3000 	C:\WINDOWS\System32\gdi32full.dll
0x00007ff9eaf10000 - 0x00007ff9eafab000 	C:\WINDOWS\System32\msvcp_win.dll
0x00007ff9ea7d0000 - 0x00007ff9ea8c6000 	C:\WINDOWS\System32\ucrtbase.dll
0x00007ff9d8dc0000 - 0x00007ff9d9029000 	C:\WINDOWS\WinSxS\amd64_microsoft.windows.common-controls_6595b64144ccf1df_6.0.16299.309_none_15cfd4c4935e6b11\COMCTL32.dll
0x00007ff9ebb80000 - 0x00007ff9ebe88000 	C:\WINDOWS\System32\combase.dll
0x00007ff9eaba0000 - 0x00007ff9eac12000 	C:\WINDOWS\System32\bcryptPrimitives.dll
0x00007ff9eb3d0000 - 0x00007ff9eb3fd000 	C:\WINDOWS\System32\IMM32.DLL
0x000000006d540000 - 0x000000006d579000 	C:\PROGRA~2\Sophos\SOPHOS~1\SOPHOS~2.DLL
0x00007ff9ed750000 - 0x00007ff9ed758000 	C:\WINDOWS\System32\PSAPI.DLL
0x000000006b9b0000 - 0x000000006ba82000 	C:\Program Files\Android\Android Studio\jre\jre\bin\msvcr100.dll
0x000000006bb70000 - 0x000000006c3b1000 	C:\Program Files\Android\Android Studio\jre\jre\bin\server\jvm.dll
0x00007ff9e7880000 - 0x00007ff9e7889000 	C:\WINDOWS\SYSTEM32\WSOCK32.dll
0x00007ff9eb6c0000 - 0x00007ff9eb72c000 	C:\WINDOWS\System32\WS2_32.dll
0x00007ff9e4840000 - 0x00007ff9e484a000 	C:\WINDOWS\SYSTEM32\VERSION.dll
0x00007ff9e76d0000 - 0x00007ff9e76f3000 	C:\WINDOWS\SYSTEM32\WINMM.dll
0x00007ff9e76a0000 - 0x00007ff9e76ca000 	C:\WINDOWS\SYSTEM32\WINMMBASE.dll
0x00007ff9eaec0000 - 0x00007ff9eaf0a000 	C:\WINDOWS\System32\cfgmgr32.dll
0x00007ff9e2f10000 - 0x00007ff9e2f1f000 	C:\Program Files\Android\Android Studio\jre\jre\bin\verify.dll
0x00007ff9d4b50000 - 0x00007ff9d4b79000 	C:\Program Files\Android\Android Studio\jre\jre\bin\java.dll
0x00007ff9d9930000 - 0x00007ff9d9946000 	C:\Program Files\Android\Android Studio\jre\jre\bin\zip.dll
0x00007ff9ec310000 - 0x00007ff9ed746000 	C:\WINDOWS\System32\SHELL32.dll
0x00007ff9eb490000 - 0x00007ff9eb536000 	C:\WINDOWS\System32\shcore.dll
0x00007ff9e9ee0000 - 0x00007ff9ea627000 	C:\WINDOWS\System32\windows.storage.dll
0x00007ff9ec2b0000 - 0x00007ff9ec301000 	C:\WINDOWS\System32\shlwapi.dll
0x00007ff9e9e50000 - 0x00007ff9e9e61000 	C:\WINDOWS\System32\kernel.appcore.dll
0x00007ff9e9e70000 - 0x00007ff9e9ebc000 	C:\WINDOWS\System32\powrprof.dll
0x00007ff9e9ec0000 - 0x00007ff9e9edb000 	C:\WINDOWS\System32\profapi.dll
0x00007ff9d89e0000 - 0x00007ff9d89fa000 	C:\Program Files\Android\Android Studio\jre\jre\bin\net.dll
0x00007ff9e96c0000 - 0x00007ff9e9726000 	C:\WINDOWS\system32\mswsock.dll
0x00007ff9d7020000 - 0x00007ff9d7031000 	C:\Program Files\Android\Android Studio\jre\jre\bin\nio.dll
0x00007ff9e3050000 - 0x00007ff9e306e000 	C:\Users\LRIBEIRO\.gradle\native\25\windows-amd64\native-platform.dll
0x00007ff9e2f00000 - 0x00007ff9e2f0d000 	C:\Program Files\Android\Android Studio\jre\jre\bin\management.dll
0x00007ff9e9880000 - 0x00007ff9e9897000 	C:\WINDOWS\SYSTEM32\CRYPTSP.dll
0x00007ff9e92c0000 - 0x00007ff9e92f3000 	C:\WINDOWS\system32\rsaenh.dll
0x00007ff9e9990000 - 0x00007ff9e99b5000 	C:\WINDOWS\SYSTEM32\bcrypt.dll
0x00007ff9e9d60000 - 0x00007ff9e9d89000 	C:\WINDOWS\SYSTEM32\USERENV.dll
0x00007ff9e98a0000 - 0x00007ff9e98ab000 	C:\WINDOWS\SYSTEM32\CRYPTBASE.dll
0x00007ff9e9450000 - 0x00007ff9e9489000 	C:\WINDOWS\SYSTEM32\IPHLPAPI.DLL
0x00007ff9ec0a0000 - 0x00007ff9ec0a8000 	C:\WINDOWS\System32\NSI.dll
0x00007ff9e5690000 - 0x00007ff9e56a6000 	C:\WINDOWS\SYSTEM32\dhcpcsvc6.DLL
0x00007ff9e5670000 - 0x00007ff9e568a000 	C:\WINDOWS\SYSTEM32\dhcpcsvc.DLL
0x00007ff9da870000 - 0x00007ff9da894000 	C:\Program Files\Android\Android Studio\jre\jre\bin\sunec.dll
0x00007ff9e9490000 - 0x00007ff9e9546000 	C:\WINDOWS\SYSTEM32\DNSAPI.dll
0x00007ff9e4210000 - 0x00007ff9e421a000 	C:\Windows\System32\rasadhlp.dll
0x00007ff9e5310000 - 0x00007ff9e5380000 	C:\WINDOWS\System32\fwpuclnt.dll
0x00007ff9e8170000 - 0x00007ff9e817b000 	C:\Program Files\Android\Android Studio\jre\jre\bin\sunmscapi.dll
0x00007ff9eac40000 - 0x00007ff9eae0e000 	C:\WINDOWS\System32\CRYPT32.dll
0x00007ff9e9e30000 - 0x00007ff9e9e42000 	C:\WINDOWS\System32\MSASN1.dll
0x00007ff9bad90000 - 0x00007ff9baf27000 	C:\Program Files\Android\Android Studio\jre\jre\bin\awt.dll
0x00007ff9ec160000 - 0x00007ff9ec225000 	C:\WINDOWS\System32\OLEAUT32.dll
0x00007ff9e6070000 - 0x00007ff9e6628000 	C:\WINDOWS\SYSTEM32\d2d1.dll
0x00007ff9e82e0000 - 0x00007ff9e8368000 	C:\WINDOWS\SYSTEM32\apphelp.dll
0x00007ff9e86b0000 - 0x00007ff9e86da000 	C:\WINDOWS\system32\DWMAPI.DLL
0x00007ff9e8410000 - 0x00007ff9e84a5000 	C:\WINDOWS\system32\uxtheme.dll

VM Arguments:
jvm_args: -Xmx1536m -Dfile.encoding=windows-1252 -Duser.country=BR -Duser.language=pt -Duser.variant 
java_command: org.gradle.launcher.daemon.bootstrap.GradleDaemon 4.6
java_class_path (initial): C:\Users\LRIBEIRO\.gradle\wrapper\dists\gradle-4.6-all\bcst21l2brirad8k2ben1letg\gradle-4.6\lib\gradle-launcher-4.6.jar
Launcher Type: SUN_STANDARD

Environment Variables:
JAVA_HOME=C:\Java\jdk1.8.0_162
CLASSPATH=C:\Java\jdk1.8.0_162\lib;C:\Java\jdk1.8.0_162\lib\tools.jar;C:\Java\jdk1.8.0_162\lib\dt.jar;C:\Java\jdk1.8.0_162\lib\htmlconverter.jar;C:\Java\jdk1.8.0_162\jre\lib;C:\Java\jdk1.8.0_162\jre\lib\rt.jar,C:\Java\jdk1.8.0_162\lib\security\cacerts ;
PATH=C:\Java\jdk1.8.0_162\bin;C:\Program Files (x86)\Common Files\Oracle\Java\javapath;C:\ProgramData\Oracle\Java\javapath;C:\WINDOWS\system32;C:\WINDOWS;C:\WINDOWS\System32\Wbem;C:\WINDOWS\System32\WindowsPowerShell\v1.0\;C:\Program Files\TortoiseSVN\bin;C:\Program Files (x86)\Attachmate\EXTRA!\;C:\Program Files (x86)\Borland\StarTeam SDK 13.0\Lib;C:\Program Files (x86)\Borland\StarTeam SDK 13.0\Bin;C:\Java\jdk1.8.0_162\bin;C:\Program Files\Micro Focus\StarTeam SDK 16.0\lib;C:\Program Files\Micro Focus\StarTeam SDK 16.0\bin;C:\Program Files\nodejs\;C:\Program Files\Git\cmd;C:\Users\LRIBEIRO\AppData\Local\Microsoft\WindowsApps;C:\Users\LRIBEIRO\AppData\Roaming\npm;C:\Program Files\Docker Toolbox;C:\VisualCode\bin
USERNAME=lribeiro
OS=Windows_NT
PROCESSOR_IDENTIFIER=Intel64 Family 6 Model 142 Stepping 9, GenuineIntel



---------------  S Y S T E M  ---------------

OS: Windows 10.0 , 64 bit Build 16299 (10.0.16299.15)

CPU:total 4 (initial active 4) (2 cores per cpu, 2 threads per core) family 6 model 142 stepping 9, cmov, cx8, fxsr, mmx, sse, sse2, sse3, ssse3, sse4.1, sse4.2, popcnt, avx, avx2, aes, clmul, erms, 3dnowpref, lzcnt, ht, tsc, tscinvbit, bmi1, bmi2, adx

Memory: 4k page, physical 8294624k(530800k free), swap 8294624k(10440k free)

vm_info: OpenJDK 64-Bit Server VM (25.152-b06) for windows-amd64 JRE (1.8.0_152-release-1136-b06), built by "builder" with MS VC++ 10.0 (VS2010)

time: Thu Oct 18 16:50:07 2018
elapsed time: 1721 seconds (0d 0h 28m 41s)

