#
# There is insufficient memory for the Java Runtime Environment to continue.
# Native memory allocation (malloc) failed to allocate 460672 bytes for Chunk::new
# Possible reasons:
#   The system is out of physical RAM or swap space
#   In 32 bit mode, the process size limit was hit
# Possible solutions:
#   Reduce memory load on the system
#   Increase physical memory or swap space
#   Check if swap backing store is full
#   Use 64 bit Java on a 64 bit OS
#   Decrease Java heap size (-Xmx/-Xms)
#   Decrease number of Java threads
#   Decrease Java thread stack sizes (-Xss)
#   Set larger code cache with -XX:ReservedCodeCacheSize=
# This output file may be truncated or incomplete.
#
#  Out of Memory Error (allocation.cpp:390), pid=6088, tid=0x0000000000001100
#
# JRE version: OpenJDK Runtime Environment (8.0_152-b06) (build 1.8.0_152-release-1136-b06)
# Java VM: OpenJDK 64-Bit Server VM (25.152-b06 mixed mode windows-amd64 compressed oops)
# Failed to write core dump. Minidumps are not enabled by default on client versions of Windows
#

---------------  T H R E A D  ---------------

Current thread (0x0000000018b4f000):  JavaThread "C2 CompilerThread0" daemon [_thread_in_native, id=4352, stack(0x000000001a2b0000,0x000000001a3b0000)]

Stack: [0x000000001a2b0000,0x000000001a3b0000]
[error occurred during error reporting (printing stack bounds), id 0xc0000005]

Native frames: (J=compiled Java code, j=interpreted, Vv=VM code, C=native code)


Current CompileTask:
C2:  55136 7396   !   4       sun.nio.ch.SocketChannelImpl::write (385 bytes)


---------------  P R O C E S S  ---------------

Java Threads: ( => current thread )
  0x000000001ebff800 JavaThread "Cache worker for Artifact transforms cache (C:\Users\LRIBEIRO\.gradle\caches\transforms-1)" [_thread_blocked, id=1224, stack(0x0000000027130000,0x0000000027230000)]
  0x000000001ebfc800 JavaThread "Cache worker for file hash cache (C:\Users\LRIBEIRO\Documents\A\MEUS-BENS-master\.gradle\4.1\fileHashes)" [_thread_blocked, id=9744, stack(0x0000000027030000,0x0000000027130000)]
  0x000000001ebfa800 JavaThread "Stdin handler" [_thread_blocked, id=10412, stack(0x0000000026f30000,0x0000000027030000)]
  0x000000001ebfb000 JavaThread "Asynchronous log dispatcher for DefaultDaemonConnection: socket connection from /127.0.0.1:58703 to /127.0.0.1:54312" [_thread_blocked, id=2456, stack(0x0000000026e30000,0x0000000026f30000)]
  0x000000001ebff000 JavaThread "Cancel handler" [_thread_blocked, id=3164, stack(0x0000000026d30000,0x0000000026e30000)]
  0x000000001ebfd800 JavaThread "Handler for socket connection from /127.0.0.1:58703 to /127.0.0.1:54312" [_thread_in_native, id=10340, stack(0x0000000026c30000,0x0000000026d30000)]
  0x000000001d2bf800 JavaThread "Memory manager" [_thread_blocked, id=12032, stack(0x00000000229e0000,0x0000000022ae0000)]
  0x000000001bb18800 JavaThread "File lock request listener" [_thread_in_native, id=4636, stack(0x000000001e6e0000,0x000000001e7e0000)]
  0x000000001b873800 JavaThread "Cache worker for file hash cache (C:\Users\LRIBEIRO\.gradle\caches\4.1\fileHashes)" [_thread_blocked, id=5928, stack(0x000000001e3e0000,0x000000001e4e0000)]
  0x000000001b8e2000 JavaThread "Daemon worker" [_thread_in_native, id=11040, stack(0x000000001e0e0000,0x000000001e1e0000)]
  0x000000001b6fc800 JavaThread "Daemon" [_thread_blocked, id=7548, stack(0x000000001dbe0000,0x000000001dce0000)]
  0x000000001bd26000 JavaThread "Daemon periodic checks" [_thread_blocked, id=6000, stack(0x000000001dae0000,0x000000001dbe0000)]
  0x000000001bd9d000 JavaThread "Incoming local TCP Connector on port 58703" [_thread_in_native, id=2316, stack(0x000000001d890000,0x000000001d990000)]
  0x000000001a5d0800 JavaThread "Service Thread" daemon [_thread_blocked, id=2136, stack(0x000000001a9b0000,0x000000001aab0000)]
  0x0000000018b57000 JavaThread "C1 CompilerThread2" daemon [_thread_blocked, id=10060, stack(0x000000001a4b0000,0x000000001a5b0000)]
  0x0000000018b53000 JavaThread "C2 CompilerThread1" daemon [_thread_in_native, id=1088, stack(0x000000001a3b0000,0x000000001a4b0000)]
=>0x0000000018b4f000 JavaThread "C2 CompilerThread0" daemon [_thread_in_native, id=4352, stack(0x000000001a2b0000,0x000000001a3b0000)]
  0x0000000018b4e000 JavaThread "Attach Listener" daemon [_thread_blocked, id=10264, stack(0x000000001a1b0000,0x000000001a2b0000)]
  0x0000000018b4d000 JavaThread "Signal Dispatcher" daemon [_thread_blocked, id=12084, stack(0x000000001a0b0000,0x000000001a1b0000)]
  0x0000000018b3e000 JavaThread "Finalizer" daemon [_thread_blocked, id=11736, stack(0x0000000019db0000,0x0000000019eb0000)]
  0x00000000051d5800 JavaThread "Reference Handler" daemon [_thread_blocked, id=7204, stack(0x0000000019cb0000,0x0000000019db0000)]
  0x00000000050de800 JavaThread "main" [_thread_blocked, id=10000, stack(0x0000000004fd0000,0x00000000050d0000)]

Other Threads:
  0x0000000018b16000 VMThread [stack: 0x0000000019bb0000,0x0000000019cb0000] [id=9080]
  0x000000001a5d5000 WatcherThread [stack: 0x000000001aab0000,0x000000001abb0000] [id=4672]

VM state:not at safepoint (normal execution)

VM Mutex/Monitor currently owned by a thread: None

Heap:
 PSYoungGen      total 210432K, used 24923K [0x00000000e0000000, 0x00000000efa00000, 0x0000000100000000)
  eden space 192000K, 12% used [0x00000000e0000000,0x00000000e1856d10,0x00000000ebb80000)
  from space 18432K, 0% used [0x00000000ecf00000,0x00000000ecf00000,0x00000000ee100000)
  to   space 19968K, 0% used [0x00000000ebb80000,0x00000000ebb80000,0x00000000ecf00000)
 ParOldGen       total 90112K, used 37414K [0x00000000a0000000, 0x00000000a5800000, 0x00000000e0000000)
  object space 90112K, 41% used [0x00000000a0000000,0x00000000a24898d8,0x00000000a5800000)
 Metaspace       used 57989K, capacity 60218K, committed 60504K, reserved 1101824K
  class space    used 7768K, capacity 8283K, committed 8320K, reserved 1048576K

Card table byte_map: [0x00000000145a0000,0x00000000148b0000] byte_map_base: 0x00000000140a0000

Marking Bits: (ParMarkBitMap*) 0x000000006c395aa0
 Begin Bits: [0x0000000014eb0000, 0x00000000166b0000)
 End Bits:   [0x00000000166b0000, 0x0000000017eb0000)

Polling page: 0x0000000004f20000

CodeCache: size=245760Kb used=20155Kb max_used=20155Kb free=225604Kb
 bounds [0x00000000051e0000, 0x00000000065e0000, 0x00000000141e0000]
 total_blobs=7205 nmethods=6421 adapters=697
 compilation: enabled

Compilation events (10 events):
Event: 55.112 Thread 0x0000000018b57000 7436   !   3       com.esotericsoftware.kryo.io.Input::close (19 bytes)
Event: 55.113 Thread 0x0000000018b57000 nmethod 7436 0x000000000632c4d0 code [0x000000000632c640, 0x000000000632c8c8]
Event: 55.113 Thread 0x0000000018b57000 7437       3       org.gradle.internal.io.ClassLoaderObjectInputStream::<init> (11 bytes)
Event: 55.113 Thread 0x0000000018b57000 nmethod 7437 0x0000000005ae16d0 code [0x0000000005ae1840, 0x0000000005ae1a08]
Event: 55.113 Thread 0x0000000018b57000 7438       3       org.gradle.internal.component.external.model.DefaultMavenModuleResolveMetadata::withSource (6 bytes)
Event: 55.113 Thread 0x0000000018b57000 nmethod 7438 0x000000000626c450 code [0x000000000626c5e0, 0x000000000626c948]
Event: 55.113 Thread 0x0000000018b57000 7439   !   3       org.gradle.internal.serialize.DefaultSerializer::read (24 bytes)
Event: 55.114 Thread 0x0000000018b57000 nmethod 7439 0x0000000005b0be50 code [0x0000000005b0c000, 0x0000000005b0c758]
Event: 55.114 Thread 0x0000000018b57000 7440       3       org.gradle.internal.serialize.AbstractDecoder::getInputStream (25 bytes)
Event: 55.114 Thread 0x0000000018b57000 nmethod 7440 0x0000000005570e10 code [0x0000000005570fa0, 0x00000000055713d0]

GC Heap History (10 events):
Event: 5.395 GC heap before
{Heap before GC invocations=9 (full 2):
 PSYoungGen      total 116224K, used 9154K [0x00000000e0000000, 0x00000000ec080000, 0x0000000100000000)
  eden space 105472K, 0% used [0x00000000e0000000,0x00000000e0000000,0x00000000e6700000)
  from space 10752K, 85% used [0x00000000e6700000,0x00000000e6ff0848,0x00000000e7180000)
  to   space 11264K, 0% used [0x00000000eb580000,0x00000000eb580000,0x00000000ec080000)
 ParOldGen       total 60416K, used 10661K [0x00000000a0000000, 0x00000000a3b00000, 0x00000000e0000000)
  object space 60416K, 17% used [0x00000000a0000000,0x00000000a0a69468,0x00000000a3b00000)
 Metaspace       used 34542K, capacity 35302K, committed 35416K, reserved 1079296K
  class space    used 4723K, capacity 4969K, committed 4992K, reserved 1048576K
Event: 5.480 GC heap after
Heap after GC invocations=9 (full 2):
 PSYoungGen      total 116224K, used 0K [0x00000000e0000000, 0x00000000ec080000, 0x0000000100000000)
  eden space 105472K, 0% used [0x00000000e0000000,0x00000000e0000000,0x00000000e6700000)
  from space 10752K, 0% used [0x00000000e6700000,0x00000000e6700000,0x00000000e7180000)
  to   space 11264K, 0% used [0x00000000eb580000,0x00000000eb580000,0x00000000ec080000)
 ParOldGen       total 90112K, used 15264K [0x00000000a0000000, 0x00000000a5800000, 0x00000000e0000000)
  object space 90112K, 16% used [0x00000000a0000000,0x00000000a0ee8138,0x00000000a5800000)
 Metaspace       used 34542K, capacity 35302K, committed 35416K, reserved 1079296K
  class space    used 4723K, capacity 4969K, committed 4992K, reserved 1048576K
}
Event: 6.613 GC heap before
{Heap before GC invocations=10 (full 2):
 PSYoungGen      total 116224K, used 105472K [0x00000000e0000000, 0x00000000ec080000, 0x0000000100000000)
  eden space 105472K, 100% used [0x00000000e0000000,0x00000000e6700000,0x00000000e6700000)
  from space 10752K, 0% used [0x00000000e6700000,0x00000000e6700000,0x00000000e7180000)
  to   space 11264K, 0% used [0x00000000eb580000,0x00000000eb580000,0x00000000ec080000)
 ParOldGen       total 90112K, used 15264K [0x00000000a0000000, 0x00000000a5800000, 0x00000000e0000000)
  object space 90112K, 16% used [0x00000000a0000000,0x00000000a0ee8138,0x00000000a5800000)
 Metaspace       used 39720K, capacity 40578K, committed 40792K, reserved 1085440K
  class space    used 5385K, capacity 5664K, committed 5760K, reserved 1048576K
Event: 6.627 GC heap after
Heap after GC invocations=10 (full 2):
 PSYoungGen      total 163840K, used 11239K [0x00000000e0000000, 0x00000000ec080000, 0x0000000100000000)
  eden space 152576K, 0% used [0x00000000e0000000,0x00000000e0000000,0x00000000e9500000)
  from space 11264K, 99% used [0x00000000eb580000,0x00000000ec079c30,0x00000000ec080000)
  to   space 12800K, 0% used [0x00000000ea780000,0x00000000ea780000,0x00000000eb400000)
 ParOldGen       total 90112K, used 15601K [0x00000000a0000000, 0x00000000a5800000, 0x00000000e0000000)
  object space 90112K, 17% used [0x00000000a0000000,0x00000000a0f3c5a0,0x00000000a5800000)
 Metaspace       used 39720K, capacity 40578K, committed 40792K, reserved 1085440K
  class space    used 5385K, capacity 5664K, committed 5760K, reserved 1048576K
}
Event: 8.837 GC heap before
{Heap before GC invocations=11 (full 2):
 PSYoungGen      total 163840K, used 163815K [0x00000000e0000000, 0x00000000ec080000, 0x0000000100000000)
  eden space 152576K, 100% used [0x00000000e0000000,0x00000000e9500000,0x00000000e9500000)
  from space 11264K, 99% used [0x00000000eb580000,0x00000000ec079c30,0x00000000ec080000)
  to   space 12800K, 0% used [0x00000000ea780000,0x00000000ea780000,0x00000000eb400000)
 ParOldGen       total 90112K, used 15601K [0x00000000a0000000, 0x00000000a5800000, 0x00000000e0000000)
  object space 90112K, 17% used [0x00000000a0000000,0x00000000a0f3c5a0,0x00000000a5800000)
 Metaspace       used 52935K, capacity 54820K, committed 55128K, reserved 1097728K
  class space    used 7280K, capacity 7732K, committed 7808K, reserved 1048576K
Event: 8.881 GC heap after
Heap after GC invocations=11 (full 2):
 PSYoungGen      total 184320K, used 12769K [0x00000000e0000000, 0x00000000ee100000, 0x0000000100000000)
  eden space 171520K, 0% used [0x00000000e0000000,0x00000000e0000000,0x00000000ea780000)
  from space 12800K, 99% used [0x00000000ea780000,0x00000000eb3f8700,0x00000000eb400000)
  to   space 18432K, 0% used [0x00000000ecf00000,0x00000000ecf00000,0x00000000ee100000)
 ParOldGen       total 90112K, used 26640K [0x00000000a0000000, 0x00000000a5800000, 0x00000000e0000000)
  object space 90112K, 29% used [0x00000000a0000000,0x00000000a1a04228,0x00000000a5800000)
 Metaspace       used 52935K, capacity 54820K, committed 55128K, reserved 1097728K
  class space    used 7280K, capacity 7732K, committed 7808K, reserved 1048576K
}
Event: 11.370 GC heap before
{Heap before GC invocations=12 (full 2):
 PSYoungGen      total 184320K, used 171209K [0x00000000e0000000, 0x00000000ee100000, 0x0000000100000000)
  eden space 171520K, 92% used [0x00000000e0000000,0x00000000e9ab9d70,0x00000000ea780000)
  from space 12800K, 99% used [0x00000000ea780000,0x00000000eb3f8700,0x00000000eb400000)
  to   space 18432K, 0% used [0x00000000ecf00000,0x00000000ecf00000,0x00000000ee100000)
 ParOldGen       total 90112K, used 26640K [0x00000000a0000000, 0x00000000a5800000, 0x00000000e0000000)
  object space 90112K, 29% used [0x00000000a0000000,0x00000000a1a04228,0x00000000a5800000)
 Metaspace       used 56694K, capacity 58794K, committed 58968K, reserved 1099776K
  class space    used 7673K, capacity 8195K, committed 8320K, reserved 1048576K
Event: 11.408 GC heap after
Heap after GC invocations=12 (full 2):
 PSYoungGen      total 210432K, used 16123K [0x00000000e0000000, 0x00000000efa00000, 0x0000000100000000)
  eden space 192000K, 0% used [0x00000000e0000000,0x00000000e0000000,0x00000000ebb80000)
  from space 18432K, 87% used [0x00000000ecf00000,0x00000000edebed98,0x00000000ee100000)
  to   space 19968K, 0% used [0x00000000ebb80000,0x00000000ebb80000,0x00000000ecf00000)
 ParOldGen       total 90112K, used 32310K [0x00000000a0000000, 0x00000000a5800000, 0x00000000e0000000)
  object space 90112K, 35% used [0x00000000a0000000,0x00000000a1f8d870,0x00000000a5800000)
 Metaspace       used 56694K, capacity 58794K, committed 58968K, reserved 1099776K
  class space    used 7673K, capacity 8195K, committed 8320K, reserved 1048576K
}
Event: 11.408 GC heap before
{Heap before GC invocations=13 (full 3):
 PSYoungGen      total 210432K, used 16123K [0x00000000e0000000, 0x00000000efa00000, 0x0000000100000000)
  eden space 192000K, 0% used [0x00000000e0000000,0x00000000e0000000,0x00000000ebb80000)
  from space 18432K, 87% used [0x00000000ecf00000,0x00000000edebed98,0x00000000ee100000)
  to   space 19968K, 0% used [0x00000000ebb80000,0x00000000ebb80000,0x00000000ecf00000)
 ParOldGen       total 90112K, used 32310K [0x00000000a0000000, 0x00000000a5800000, 0x00000000e0000000)
  object space 90112K, 35% used [0x00000000a0000000,0x00000000a1f8d870,0x00000000a5800000)
 Metaspace       used 56694K, capacity 58794K, committed 58968K, reserved 1099776K
  class space    used 7673K, capacity 8195K, committed 8320K, reserved 1048576K
Event: 11.645 GC heap after
Heap after GC invocations=13 (full 3):
 PSYoungGen      total 210432K, used 0K [0x00000000e0000000, 0x00000000efa00000, 0x0000000100000000)
  eden space 192000K, 0% used [0x00000000e0000000,0x00000000e0000000,0x00000000ebb80000)
  from space 18432K, 0% used [0x00000000ecf00000,0x00000000ecf00000,0x00000000ee100000)
  to   space 19968K, 0% used [0x00000000ebb80000,0x00000000ebb80000,0x00000000ecf00000)
 ParOldGen       total 90112K, used 37414K [0x00000000a0000000, 0x00000000a5800000, 0x00000000e0000000)
  object space 90112K, 41% used [0x00000000a0000000,0x00000000a24898d8,0x00000000a5800000)
 Metaspace       used 56690K, capacity 58782K, committed 58968K, reserved 1099776K
  class space    used 7672K, capacity 8193K, committed 8320K, reserved 1048576K
}

Deoptimization events (10 events):
Event: 11.760 Thread 0x000000001b6fc800 Uncommon trap: reason=bimorphic action=maybe_recompile pc=0x00000000063e5fc0 method=java.io.ObjectOutputStream$BlockDataOutputStream.drain()V @ 36
Event: 11.761 Thread 0x000000001b6fc800 Uncommon trap: reason=bimorphic action=maybe_recompile pc=0x00000000063e5fc0 method=java.io.ObjectOutputStream$BlockDataOutputStream.drain()V @ 36
Event: 11.761 Thread 0x000000001b6fc800 Uncommon trap: reason=bimorphic action=maybe_recompile pc=0x00000000063e5fc0 method=java.io.ObjectOutputStream$BlockDataOutputStream.drain()V @ 36
Event: 11.761 Thread 0x000000001b6fc800 Uncommon trap: reason=bimorphic action=maybe_recompile pc=0x00000000063e5fc0 method=java.io.ObjectOutputStream$BlockDataOutputStream.drain()V @ 36
Event: 11.770 Thread 0x000000001b6fc800 Uncommon trap: reason=bimorphic action=maybe_recompile pc=0x0000000005bbf49c method=java.io.ObjectOutputStream$BlockDataOutputStream.drain()V @ 36
Event: 11.786 Thread 0x000000001bd89800 Uncommon trap: reason=unstable_if action=reinterpret pc=0x0000000005a68df4 method=com.esotericsoftware.kryo.io.Input.require(I)I @ 117
Event: 41.989 Thread 0x000000001bd26000 Uncommon trap: reason=bimorphic action=maybe_recompile pc=0x00000000064278ac method=java.util.HashMap.removeNode(ILjava/lang/Object;Ljava/lang/Object;ZZ)Ljava/util/HashMap$Node; @ 283
Event: 41.989 Thread 0x000000001bd26000 Uncommon trap: reason=bimorphic action=maybe_recompile pc=0x00000000064278ac method=java.util.HashMap.removeNode(ILjava/lang/Object;Ljava/lang/Object;ZZ)Ljava/util/HashMap$Node; @ 283
Event: 51.995 Thread 0x000000001bd26000 Uncommon trap: reason=bimorphic action=maybe_recompile pc=0x00000000064278ac method=java.util.HashMap.removeNode(ILjava/lang/Object;Ljava/lang/Object;ZZ)Ljava/util/HashMap$Node; @ 283
Event: 55.012 Thread 0x000000001b8e2000 Uncommon trap: reason=null_check action=make_not_entrant pc=0x0000000005aa4a90 method=org.gradle.internal.serialize.DefaultSerializerRegistry$TaggedTypeSerializer.map(Ljava/lang/Class;)Lorg/gradle/internal/serialize/DefaultSerializerRegistry$TypeInfo; @ 1

Classes redefined (0 events):
No events

Internal exceptions (10 events):
Event: 11.757 Thread 0x000000001b6fc800 Exception <a 'java/lang/NoSuchMethodError': <clinit>> (0x00000000e0d6d760) thrown at [D:\src\AOSP-openjdk-cygwin\jdk8u\hotspot\src\share\vm\prims\jni.cpp, line 1613]
Event: 11.760 Thread 0x000000001b6fc800 Exception <a 'java/lang/NoSuchMethodError': <clinit>> (0x00000000e0d8a480) thrown at [D:\src\AOSP-openjdk-cygwin\jdk8u\hotspot\src\share\vm\prims\jni.cpp, line 1613]
Event: 11.765 Thread 0x000000001b6fc800 Exception <a 'java/lang/NoSuchMethodError': <clinit>> (0x00000000e0dac388) thrown at [D:\src\AOSP-openjdk-cygwin\jdk8u\hotspot\src\share\vm\prims\jni.cpp, line 1613]
Event: 11.765 Thread 0x000000001b6fc800 Exception <a 'java/lang/NoSuchMethodError': <clinit>> (0x00000000e0db1ef0) thrown at [D:\src\AOSP-openjdk-cygwin\jdk8u\hotspot\src\share\vm\prims\jni.cpp, line 1613]
Event: 11.767 Thread 0x000000001b6fc800 Exception <a 'java/lang/NoSuchMethodError': <clinit>> (0x00000000e0dc5288) thrown at [D:\src\AOSP-openjdk-cygwin\jdk8u\hotspot\src\share\vm\prims\jni.cpp, line 1613]
Event: 11.771 Thread 0x000000001b6fc800 Exception <a 'java/lang/NoSuchMethodError': <clinit>> (0x00000000e0e148b8) thrown at [D:\src\AOSP-openjdk-cygwin\jdk8u\hotspot\src\share\vm\prims\jni.cpp, line 1613]
Event: 11.773 Thread 0x000000001b6fc800 Exception <a 'java/lang/NoSuchMethodError': <clinit>> (0x00000000e0e69c28) thrown at [D:\src\AOSP-openjdk-cygwin\jdk8u\hotspot\src\share\vm\prims\jni.cpp, line 1613]
Event: 11.773 Thread 0x000000001b6fc800 Exception <a 'java/lang/NoSuchMethodError': <clinit>> (0x00000000e0e7d200) thrown at [D:\src\AOSP-openjdk-cygwin\jdk8u\hotspot\src\share\vm\prims\jni.cpp, line 1613]
Event: 11.775 Thread 0x000000001b6fc800 Exception <a 'java/lang/NoSuchMethodError': <clinit>> (0x00000000e0e904e8) thrown at [D:\src\AOSP-openjdk-cygwin\jdk8u\hotspot\src\share\vm\prims\jni.cpp, line 1613]
Event: 11.785 Thread 0x000000001bd89800 Exception <a 'java/lang/NoSuchMethodError': <clinit>> (0x00000000e1018620) thrown at [D:\src\AOSP-openjdk-cygwin\jdk8u\hotspot\src\share\vm\prims\jni.cpp, line 1613]

Events (10 events):
Event: 55.035 Executing VM operation: RevokeBias done
Event: 55.035 Executing VM operation: RevokeBias
Event: 55.035 Executing VM operation: RevokeBias done
Event: 55.035 Executing VM operation: RevokeBias
Event: 55.035 Executing VM operation: RevokeBias done
Event: 55.035 Executing VM operation: RevokeBias
Event: 55.035 Executing VM operation: RevokeBias done
Event: 55.059 Thread 0x000000001ebff800 Thread added: 0x000000001ebff800
Event: 55.063 Thread 0x000000001b8e2000 DEOPT PACKING pc=0x0000000005d2b693 sp=0x000000001e1d93d0
Event: 55.063 Thread 0x000000001b8e2000 DEOPT UNPACKING pc=0x00000000052275d0 sp=0x000000001e1d9158 mode 0


Dynamic libraries:
0x00007ff736570000 - 0x00007ff7365a1000 	C:\Program Files\Android\Android Studio\jre\bin\java.exe
0x00007fff37710000 - 0x00007fff378f0000 	C:\WINDOWS\SYSTEM32\ntdll.dll
0x00007fff35830000 - 0x00007fff358de000 	C:\WINDOWS\System32\KERNEL32.DLL
0x00007fff33cb0000 - 0x00007fff33f16000 	C:\WINDOWS\System32\KERNELBASE.dll
0x00007fff35960000 - 0x00007fff35a01000 	C:\WINDOWS\System32\ADVAPI32.dll
0x00007fff34f40000 - 0x00007fff34fdd000 	C:\WINDOWS\System32\msvcrt.dll
0x00007fff35d40000 - 0x00007fff35d9b000 	C:\WINDOWS\System32\sechost.dll
0x00007fff34c60000 - 0x00007fff34d7f000 	C:\WINDOWS\System32\RPCRT4.dll
0x00007fff34d80000 - 0x00007fff34f0f000 	C:\WINDOWS\System32\USER32.dll
0x00007fff341c0000 - 0x00007fff341e0000 	C:\WINDOWS\System32\win32u.dll
0x00007fff35d10000 - 0x00007fff35d38000 	C:\WINDOWS\System32\GDI32.dll
0x00007fff33b10000 - 0x00007fff33ca3000 	C:\WINDOWS\System32\gdi32full.dll
0x00007fff34070000 - 0x00007fff3410b000 	C:\WINDOWS\System32\msvcp_win.dll
0x00007fff33f20000 - 0x00007fff34016000 	C:\WINDOWS\System32\ucrtbase.dll
0x00007fff20630000 - 0x00007fff20899000 	C:\WINDOWS\WinSxS\amd64_microsoft.windows.common-controls_6595b64144ccf1df_6.0.16299.309_none_15cfd4c4935e6b11\COMCTL32.dll
0x00007fff35370000 - 0x00007fff35678000 	C:\WINDOWS\System32\combase.dll
0x00007fff34990000 - 0x00007fff34a02000 	C:\WINDOWS\System32\bcryptPrimitives.dll
0x00007fff35ce0000 - 0x00007fff35d0d000 	C:\WINDOWS\System32\IMM32.DLL
0x000000006d310000 - 0x000000006d349000 	C:\PROGRA~2\Sophos\SOPHOS~1\SOPHOS~2.DLL
0x00007fff34f30000 - 0x00007fff34f38000 	C:\WINDOWS\System32\PSAPI.DLL
0x000000006b980000 - 0x000000006ba52000 	C:\Program Files\Android\Android Studio\jre\jre\bin\msvcr100.dll
0x000000006bbd0000 - 0x000000006c411000 	C:\Program Files\Android\Android Studio\jre\jre\bin\server\jvm.dll
0x00007fff31720000 - 0x00007fff31729000 	C:\WINDOWS\SYSTEM32\WSOCK32.dll
0x00007fff31e20000 - 0x00007fff31e43000 	C:\WINDOWS\SYSTEM32\WINMM.dll
0x00007fff2f440000 - 0x00007fff2f44a000 	C:\WINDOWS\SYSTEM32\VERSION.dll
0x00007fff350f0000 - 0x00007fff3515c000 	C:\WINDOWS\System32\WS2_32.dll
0x00007fff31dc0000 - 0x00007fff31dea000 	C:\WINDOWS\SYSTEM32\WINMMBASE.dll
0x00007fff34020000 - 0x00007fff3406a000 	C:\WINDOWS\System32\cfgmgr32.dll
0x00007fff31710000 - 0x00007fff3171f000 	C:\Program Files\Android\Android Studio\jre\jre\bin\verify.dll
0x00007fff1fc60000 - 0x00007fff1fc89000 	C:\Program Files\Android\Android Studio\jre\jre\bin\java.dll
0x00007fff2f8c0000 - 0x00007fff2f8d6000 	C:\Program Files\Android\Android Studio\jre\jre\bin\zip.dll
0x00007fff35da0000 - 0x00007fff371d6000 	C:\WINDOWS\System32\SHELL32.dll
0x00007fff37630000 - 0x00007fff376d6000 	C:\WINDOWS\System32\shcore.dll
0x00007fff341e0000 - 0x00007fff34927000 	C:\WINDOWS\System32\windows.storage.dll
0x00007fff35c80000 - 0x00007fff35cd1000 	C:\WINDOWS\System32\shlwapi.dll
0x00007fff33af0000 - 0x00007fff33b01000 	C:\WINDOWS\System32\kernel.appcore.dll
0x00007fff33aa0000 - 0x00007fff33aec000 	C:\WINDOWS\System32\powrprof.dll
0x00007fff33a60000 - 0x00007fff33a7b000 	C:\WINDOWS\System32\profapi.dll
0x00007fff258d0000 - 0x00007fff258ea000 	C:\Program Files\Android\Android Studio\jre\jre\bin\net.dll
0x00007fff33290000 - 0x00007fff332f6000 	C:\WINDOWS\system32\mswsock.dll
0x00007fff245f0000 - 0x00007fff24601000 	C:\Program Files\Android\Android Studio\jre\jre\bin\nio.dll
0x00007fff24580000 - 0x00007fff2459e000 	C:\Users\LRIBEIRO\.gradle\native\25\windows-amd64\native-platform.dll
0x00007fff31700000 - 0x00007fff3170d000 	C:\Program Files\Android\Android Studio\jre\jre\bin\management.dll
0x00007fff33450000 - 0x00007fff33467000 	C:\WINDOWS\SYSTEM32\CRYPTSP.dll
0x00007fff32e90000 - 0x00007fff32ec3000 	C:\WINDOWS\system32\rsaenh.dll
0x00007fff33560000 - 0x00007fff33585000 	C:\WINDOWS\SYSTEM32\bcrypt.dll
0x00007fff33990000 - 0x00007fff339b9000 	C:\WINDOWS\SYSTEM32\USERENV.dll
0x00007fff33470000 - 0x00007fff3347b000 	C:\WINDOWS\SYSTEM32\CRYPTBASE.dll
0x00007fff33020000 - 0x00007fff33059000 	C:\WINDOWS\SYSTEM32\IPHLPAPI.DLL
0x00007fff358f0000 - 0x00007fff358f8000 	C:\WINDOWS\System32\NSI.dll
0x00007fff2f240000 - 0x00007fff2f256000 	C:\WINDOWS\SYSTEM32\dhcpcsvc6.DLL
0x00007fff2f220000 - 0x00007fff2f23a000 	C:\WINDOWS\SYSTEM32\dhcpcsvc.DLL

VM Arguments:
jvm_args: -Xmx1536m -Dfile.encoding=windows-1252 -Duser.country=BR -Duser.language=pt -Duser.variant 
java_command: org.gradle.launcher.daemon.bootstrap.GradleDaemon 4.1
java_class_path (initial): C:\Users\LRIBEIRO\.gradle\wrapper\dists\gradle-4.1-all\bzyivzo6n839fup2jbap0tjew\gradle-4.1\lib\gradle-launcher-4.1.jar
Launcher Type: SUN_STANDARD

Environment Variables:
JAVA_HOME=C:\Java\jdk1.8.0_162
CLASSPATH=C:\Java\jdk1.8.0_162\lib;C:\Java\jdk1.8.0_162\lib\tools.jar;C:\Java\jdk1.8.0_162\lib\dt.jar;C:\Java\jdk1.8.0_162\lib\htmlconverter.jar;C:\Java\jdk1.8.0_162\jre\lib;C:\Java\jdk1.8.0_162\jre\lib\rt.jar,C:\Java\jdk1.8.0_162\lib\security\cacerts ;
PATH=C:\Java\jdk1.8.0_162\bin;C:\Program Files (x86)\Common Files\Oracle\Java\javapath;C:\ProgramData\Oracle\Java\javapath;C:\WINDOWS\system32;C:\WINDOWS;C:\WINDOWS\System32\Wbem;C:\WINDOWS\System32\WindowsPowerShell\v1.0\;C:\Program Files\TortoiseSVN\bin;C:\Program Files (x86)\Attachmate\EXTRA!\;C:\Program Files (x86)\Borland\StarTeam SDK 13.0\Lib;C:\Program Files (x86)\Borland\StarTeam SDK 13.0\Bin;C:\Java\jdk1.8.0_162\bin;C:\Program Files\Micro Focus\StarTeam SDK 16.0\lib;C:\Program Files\Micro Focus\StarTeam SDK 16.0\bin;C:\Program Files\nodejs\;C:\Program Files\Git\cmd;C:\Users\LRIBEIRO\AppData\Local\Microsoft\WindowsApps;C:\Users\LRIBEIRO\AppData\Roaming\npm;C:\Program Files\Docker Toolbox;C:\VisualCode\bin
USERNAME=lribeiro
OS=Windows_NT
PROCESSOR_IDENTIFIER=Intel64 Family 6 Model 142 Stepping 9, GenuineIntel



---------------  S Y S T E M  ---------------

OS: Windows 10.0 , 64 bit Build 16299 (10.0.16299.15)

CPU:total 4 (initial active 4) (2 cores per cpu, 2 threads per core) family 6 model 142 stepping 9, cmov, cx8, fxsr, mmx, sse, sse2, sse3, ssse3, sse4.1, sse4.2, popcnt, avx, avx2, aes, clmul, erms, 3dnowpref, lzcnt, ht, tsc, tscinvbit, bmi1, bmi2, adx

Memory: 4k page, physical 8294624k(1330028k free), swap 8294624k(4492k free)

vm_info: OpenJDK 64-Bit Server VM (25.152-b06) for windows-amd64 JRE (1.8.0_152-release-1136-b06), built by "builder" with MS VC++ 10.0 (VS2010)

time: Thu Oct 18 09:44:27 2018
elapsed time: 55 seconds (0d 0h 0m 55s)

