#
# There is insufficient memory for the Java Runtime Environment to continue.
# Native memory allocation (malloc) failed to allocate 1245936 bytes for Chunk::new
# Possible reasons:
#   The system is out of physical RAM or swap space
#   In 32 bit mode, the process size limit was hit
# Possible solutions:
#   Reduce memory load on the system
#   Increase physical memory or swap space
#   Check if swap backing store is full
#   Use 64 bit Java on a 64 bit OS
#   Decrease Java heap size (-Xmx/-Xms)
#   Decrease number of Java threads
#   Decrease Java thread stack sizes (-Xss)
#   Set larger code cache with -XX:ReservedCodeCacheSize=
# This output file may be truncated or incomplete.
#
#  Out of Memory Error (allocation.cpp:390), pid=12156, tid=0x0000000000001d20
#
# JRE version: OpenJDK Runtime Environment (8.0_152-b06) (build 1.8.0_152-release-1136-b06)
# Java VM: OpenJDK 64-Bit Server VM (25.152-b06 mixed mode windows-amd64 compressed oops)
# Failed to write core dump. Minidumps are not enabled by default on client versions of Windows
#

---------------  T H R E A D  ---------------

Current thread (0x00000000189cc800):  JavaThread "C2 CompilerThread1" daemon [_thread_in_native, id=7456, stack(0x000000001a220000,0x000000001a320000)]

Stack: [0x000000001a220000,0x000000001a320000]
[error occurred during error reporting (printing stack bounds), id 0xc0000005]

Native frames: (J=compiled Java code, j=interpreted, Vv=VM code, C=native code)


Current CompileTask:
C2: 285746 12111       4       com.android.ide.common.resources.ResourceMergerItem::getDetailsXml (9 bytes)


---------------  P R O C E S S  ---------------

Java Threads: ( => current thread )
  0x000000001ad88000 JavaThread "stdout" daemon [_thread_in_native, id=11468, stack(0x000000002a370000,0x000000002a470000)]
  0x000000001ad83800 JavaThread "stderr" daemon [_thread_in_native, id=4544, stack(0x000000002a270000,0x000000002a370000)]
  0x000000001e162000 JavaThread "pool-6-thread-1" [_thread_blocked, id=6516, stack(0x0000000029b70000,0x0000000029c70000)]
  0x000000001e160800 JavaThread "ForkJoinPool.commonPool-worker-2" daemon [_thread_in_native, id=4880, stack(0x0000000029a70000,0x0000000029b70000)]
  0x000000001e165000 JavaThread "ForkJoinPool.commonPool-worker-1" daemon [_thread_blocked, id=10912, stack(0x0000000029970000,0x0000000029a70000)]
  0x000000001e15f000 JavaThread "ForkJoinPool.commonPool-worker-0" daemon [_thread_in_native, id=3156, stack(0x0000000029870000,0x0000000029970000)]
  0x000000001e164800 JavaThread "Task worker for ':' Thread 3" [_thread_blocked, id=7420, stack(0x0000000029770000,0x0000000029870000)]
  0x000000001e161800 JavaThread "Task worker for ':' Thread 2" [_thread_blocked, id=12148, stack(0x0000000029670000,0x0000000029770000)]
  0x0000000021427800 JavaThread "Task worker for ':'" [_thread_in_native, id=10760, stack(0x0000000029570000,0x0000000029670000)]
  0x0000000021427000 JavaThread "Cache worker for Build Output Cleanup Cache (C:\Users\LRIBEIRO\Documents\A\MEUS-BENS-master\.gradle\buildOutputCleanup)" [_thread_blocked, id=12084, stack(0x0000000029470000,0x0000000029570000)]
  0x0000000021423000 JavaThread "Cache worker for task history cache (C:\Users\LRIBEIRO\Documents\A\MEUS-BENS-master\.gradle\4.6\taskHistory)" [_thread_blocked, id=3976, stack(0x0000000029370000,0x0000000029470000)]
  0x0000000021422800 JavaThread "Build operations Thread 4" [_thread_blocked, id=1396, stack(0x0000000029270000,0x0000000029370000)]
  0x0000000021426000 JavaThread "Build operations Thread 3" [_thread_blocked, id=3672, stack(0x0000000029170000,0x0000000029270000)]
  0x0000000021424800 JavaThread "Build operations Thread 2" [_thread_blocked, id=2568, stack(0x0000000029070000,0x0000000029170000)]
  0x0000000021429000 JavaThread "Build operations" [_thread_blocked, id=5208, stack(0x0000000028f70000,0x0000000029070000)]
  0x0000000021428800 JavaThread "Cache worker for Artifact transforms cache (C:\Users\LRIBEIRO\.gradle\caches\transforms-1)" [_thread_blocked, id=9948, stack(0x0000000028e70000,0x0000000028f70000)]
  0x000000002141b000 JavaThread "Cache worker for file hash cache (C:\Users\LRIBEIRO\Documents\A\MEUS-BENS-master\.gradle\4.6\fileHashes)" [_thread_blocked, id=10720, stack(0x0000000028d70000,0x0000000028e70000)]
  0x0000000021421800 JavaThread "Stdin handler" [_thread_blocked, id=992, stack(0x0000000028c70000,0x0000000028d70000)]
  0x0000000021420000 JavaThread "Asynchronous log dispatcher for DefaultDaemonConnection: socket connection from /127.0.0.1:60428 to /127.0.0.1:60664" [_thread_blocked, id=3136, stack(0x0000000028b70000,0x0000000028c70000)]
  0x000000002141f800 JavaThread "Cancel handler" [_thread_blocked, id=2728, stack(0x0000000028a70000,0x0000000028b70000)]
  0x000000002141e000 JavaThread "Handler for socket connection from /127.0.0.1:60428 to /127.0.0.1:60664" [_thread_in_native, id=7544, stack(0x0000000028970000,0x0000000028a70000)]
  0x000000002141e800 JavaThread "Daemon worker Thread 2" [_thread_blocked, id=10716, stack(0x0000000028070000,0x0000000028170000)]
  0x000000002141c800 JavaThread "Daemon Thread 2" [_thread_blocked, id=1944, stack(0x0000000027d70000,0x0000000027e70000)]
  0x000000002141a000 JavaThread "pool-1-thread-1" [_thread_blocked, id=9176, stack(0x0000000027b70000,0x0000000027c70000)]
  0x000000002141b800 JavaThread "MarlinRenderer Disposer" daemon [_thread_blocked, id=11728, stack(0x0000000027170000,0x0000000027270000)]
  0x0000000021421000 JavaThread "Java2D Disposer" daemon [_thread_blocked, id=224, stack(0x0000000026d40000,0x0000000026e40000)]
  0x000000001e163000 JavaThread "Memory manager" [_thread_blocked, id=3340, stack(0x0000000022ed0000,0x0000000022fd0000)]
  0x000000001bcc0800 JavaThread "File lock request listener" [_thread_in_native, id=11900, stack(0x000000001e550000,0x000000001e650000)]
  0x000000001bcc0000 JavaThread "Cache worker for file hash cache (C:\Users\LRIBEIRO\.gradle\caches\4.6\fileHashes)" [_thread_blocked, id=8344, stack(0x000000001e450000,0x000000001e550000)]
  0x000000001bc08800 JavaThread "Daemon periodic checks" [_thread_blocked, id=4196, stack(0x000000001c980000,0x000000001ca80000)]
  0x000000001bbf7800 JavaThread "Incoming local TCP Connector on port 60428" [_thread_in_native, id=7884, stack(0x000000001c730000,0x000000001c830000)]
  0x0000000018a2e000 JavaThread "Service Thread" daemon [_thread_blocked, id=7424, stack(0x000000001a820000,0x000000001a920000)]
  0x00000000189d9000 JavaThread "C1 CompilerThread2" daemon [_thread_blocked, id=7384, stack(0x000000001a320000,0x000000001a420000)]
=>0x00000000189cc800 JavaThread "C2 CompilerThread1" daemon [_thread_in_native, id=7456, stack(0x000000001a220000,0x000000001a320000)]
  0x00000000189c9000 JavaThread "C2 CompilerThread0" daemon [_thread_in_native, id=8836, stack(0x000000001a120000,0x000000001a220000)]
  0x00000000189d8000 JavaThread "Attach Listener" daemon [_thread_blocked, id=9048, stack(0x000000001a020000,0x000000001a120000)]
  0x00000000189d7000 JavaThread "Signal Dispatcher" daemon [_thread_blocked, id=11148, stack(0x0000000019f20000,0x000000001a020000)]
  0x00000000189b8000 JavaThread "Finalizer" daemon [_thread_blocked, id=9456, stack(0x0000000019c20000,0x0000000019d20000)]
  0x0000000005053800 JavaThread "Reference Handler" daemon [_thread_blocked, id=6276, stack(0x0000000019b20000,0x0000000019c20000)]
  0x0000000004c5e000 JavaThread "main" [_thread_blocked, id=7024, stack(0x0000000004e60000,0x0000000004f60000)]

Other Threads:
  0x0000000018996000 VMThread [stack: 0x0000000019a20000,0x0000000019b20000] [id=10424]
  0x000000001a42a800 WatcherThread [stack: 0x000000001a920000,0x000000001aa20000] [id=5148]

VM state:not at safepoint (normal execution)

VM Mutex/Monitor currently owned by a thread: None

Heap:
 PSYoungGen      total 197632K, used 54161K [0x00000000e0000000, 0x00000000ee580000, 0x0000000100000000)
  eden space 166912K, 17% used [0x00000000e0000000,0x00000000e1c9c420,0x00000000ea300000)
  from space 30720K, 80% used [0x00000000ea300000,0x00000000ebb483a8,0x00000000ec100000)
  to   space 22528K, 0% used [0x00000000ec100000,0x00000000ec100000,0x00000000ed700000)
 ParOldGen       total 141312K, used 70166K [0x00000000a0000000, 0x00000000a8a00000, 0x00000000e0000000)
  object space 141312K, 49% used [0x00000000a0000000,0x00000000a44859b8,0x00000000a8a00000)
 Metaspace       used 72725K, capacity 75782K, committed 75864K, reserved 1114112K
  class space    used 9510K, capacity 10333K, committed 10368K, reserved 1048576K

Card table byte_map: [0x0000000014420000,0x0000000014730000] byte_map_base: 0x0000000013f20000

Marking Bits: (ParMarkBitMap*) 0x000000006c335aa0
 Begin Bits: [0x0000000014d30000, 0x0000000016530000)
 End Bits:   [0x0000000016530000, 0x0000000017d30000)

Polling page: 0x0000000003020000

CodeCache: size=245760Kb used=34922Kb max_used=35025Kb free=210837Kb
 bounds [0x0000000005060000, 0x00000000072e0000, 0x0000000014060000]
 total_blobs=11035 nmethods=10106 adapters=841
 compilation: enabled

Compilation events (10 events):
Event: 285.439 Thread 0x00000000189d9000 12113       3       com.android.utils.XmlUtils::appendXmlTextValue (11 bytes)
Event: 285.439 Thread 0x00000000189d9000 nmethod 12113 0x0000000005260950 code [0x0000000005260ac0, 0x0000000005260d28]
Event: 285.451 Thread 0x00000000189cc800 nmethod 12101 0x00000000072d32d0 code [0x00000000072d3780, 0x00000000072d6610]
Event: 285.451 Thread 0x00000000189cc800 12110       4       com.android.ide.common.resources.configuration.FolderConfiguration::getQualifierString (114 bytes)
Event: 285.477 Thread 0x00000000189cc800 nmethod 12110 0x00000000063237d0 code [0x00000000063239a0, 0x0000000006324878]
Event: 285.477 Thread 0x00000000189cc800 12103       4       com.sun.org.apache.xerces.internal.dom.CoreDocumentImpl::createElement (47 bytes)
Event: 285.483 Thread 0x00000000189cc800 nmethod 12103 0x0000000005a1fd90 code [0x0000000005a1fee0, 0x0000000005a20298]
Event: 285.483 Thread 0x00000000189cc800 12108       4       com.sun.org.apache.xerces.internal.dom.ElementImpl::synchronizeData (34 bytes)
Event: 285.485 Thread 0x00000000189cc800 nmethod 12108 0x00000000058c9190 code [0x00000000058c92e0, 0x00000000058c9418]
Event: 285.485 Thread 0x00000000189cc800 12111       4       com.android.ide.common.resources.ResourceMergerItem::getDetailsXml (9 bytes)

GC Heap History (10 events):
Event: 29.657 GC heap before
{Heap before GC invocations=20 (full 3):
 PSYoungGen      total 146944K, used 146820K [0x00000000e0000000, 0x00000000ea700000, 0x0000000100000000)
  eden space 134144K, 100% used [0x00000000e0000000,0x00000000e8300000,0x00000000e8300000)
  from space 12800K, 99% used [0x00000000e9a80000,0x00000000ea6e1250,0x00000000ea700000)
  to   space 16896K, 0% used [0x00000000e8600000,0x00000000e8600000,0x00000000e9680000)
 ParOldGen       total 141312K, used 35243K [0x00000000a0000000, 0x00000000a8a00000, 0x00000000e0000000)
  object space 141312K, 24% used [0x00000000a0000000,0x00000000a226ae98,0x00000000a8a00000)
 Metaspace       used 61230K, capacity 63038K, committed 63448K, reserved 1103872K
  class space    used 8207K, capacity 8640K, committed 8704K, reserved 1048576K
Event: 29.663 GC heap after
Heap after GC invocations=20 (full 3):
 PSYoungGen      total 154112K, used 4932K [0x00000000e0000000, 0x00000000eb700000, 0x0000000100000000)
  eden space 137216K, 0% used [0x00000000e0000000,0x00000000e0000000,0x00000000e8600000)
  from space 16896K, 29% used [0x00000000e8600000,0x00000000e8ad10b8,0x00000000e9680000)
  to   space 16896K, 0% used [0x00000000ea680000,0x00000000ea680000,0x00000000eb700000)
 ParOldGen       total 141312K, used 35251K [0x00000000a0000000, 0x00000000a8a00000, 0x00000000e0000000)
  object space 141312K, 24% used [0x00000000a0000000,0x00000000a226ce98,0x00000000a8a00000)
 Metaspace       used 61230K, capacity 63038K, committed 63448K, reserved 1103872K
  class space    used 8207K, capacity 8640K, committed 8704K, reserved 1048576K
}
Event: 275.223 GC heap before
{Heap before GC invocations=21 (full 3):
 PSYoungGen      total 154112K, used 142148K [0x00000000e0000000, 0x00000000eb700000, 0x0000000100000000)
  eden space 137216K, 100% used [0x00000000e0000000,0x00000000e8600000,0x00000000e8600000)
  from space 16896K, 29% used [0x00000000e8600000,0x00000000e8ad10b8,0x00000000e9680000)
  to   space 16896K, 0% used [0x00000000ea680000,0x00000000ea680000,0x00000000eb700000)
 ParOldGen       total 141312K, used 35251K [0x00000000a0000000, 0x00000000a8a00000, 0x00000000e0000000)
  object space 141312K, 24% used [0x00000000a0000000,0x00000000a226ce98,0x00000000a8a00000)
 Metaspace       used 68294K, capacity 70502K, committed 70744K, reserved 1110016K
  class space    used 8936K, capacity 9526K, committed 9600K, reserved 1048576K
Event: 275.240 GC heap after
Heap after GC invocations=21 (full 3):
 PSYoungGen      total 169472K, used 13388K [0x00000000e0000000, 0x00000000eb900000, 0x0000000100000000)
  eden space 152576K, 0% used [0x00000000e0000000,0x00000000e0000000,0x00000000e9500000)
  from space 16896K, 79% used [0x00000000ea680000,0x00000000eb393250,0x00000000eb700000)
  to   space 17920K, 0% used [0x00000000e9500000,0x00000000e9500000,0x00000000ea680000)
 ParOldGen       total 141312K, used 35259K [0x00000000a0000000, 0x00000000a8a00000, 0x00000000e0000000)
  object space 141312K, 24% used [0x00000000a0000000,0x00000000a226ee98,0x00000000a8a00000)
 Metaspace       used 68294K, capacity 70502K, committed 70744K, reserved 1110016K
  class space    used 8936K, capacity 9526K, committed 9600K, reserved 1048576K
}
Event: 276.987 GC heap before
{Heap before GC invocations=22 (full 3):
 PSYoungGen      total 169472K, used 165964K [0x00000000e0000000, 0x00000000eb900000, 0x0000000100000000)
  eden space 152576K, 100% used [0x00000000e0000000,0x00000000e9500000,0x00000000e9500000)
  from space 16896K, 79% used [0x00000000ea680000,0x00000000eb393250,0x00000000eb700000)
  to   space 17920K, 0% used [0x00000000e9500000,0x00000000e9500000,0x00000000ea680000)
 ParOldGen       total 141312K, used 35259K [0x00000000a0000000, 0x00000000a8a00000, 0x00000000e0000000)
  object space 141312K, 24% used [0x00000000a0000000,0x00000000a226ee98,0x00000000a8a00000)
 Metaspace       used 70796K, capacity 73372K, committed 73560K, reserved 1112064K
  class space    used 9327K, capacity 10073K, committed 10112K, reserved 1048576K
Event: 277.022 GC heap after
Heap after GC invocations=22 (full 3):
 PSYoungGen      total 170496K, used 17892K [0x00000000e0000000, 0x00000000ed700000, 0x0000000100000000)
  eden space 152576K, 0% used [0x00000000e0000000,0x00000000e0000000,0x00000000e9500000)
  from space 17920K, 99% used [0x00000000e9500000,0x00000000ea679060,0x00000000ea680000)
  to   space 22528K, 0% used [0x00000000ec100000,0x00000000ec100000,0x00000000ed700000)
 ParOldGen       total 141312K, used 41823K [0x00000000a0000000, 0x00000000a8a00000, 0x00000000e0000000)
  object space 141312K, 29% used [0x00000000a0000000,0x00000000a28d7f70,0x00000000a8a00000)
 Metaspace       used 70796K, capacity 73372K, committed 73560K, reserved 1112064K
  class space    used 9327K, capacity 10073K, committed 10112K, reserved 1048576K
}
Event: 282.224 GC heap before
{Heap before GC invocations=23 (full 3):
 PSYoungGen      total 170496K, used 170468K [0x00000000e0000000, 0x00000000ed700000, 0x0000000100000000)
  eden space 152576K, 100% used [0x00000000e0000000,0x00000000e9500000,0x00000000e9500000)
  from space 17920K, 99% used [0x00000000e9500000,0x00000000ea679060,0x00000000ea680000)
  to   space 22528K, 0% used [0x00000000ec100000,0x00000000ec100000,0x00000000ed700000)
 ParOldGen       total 141312K, used 41823K [0x00000000a0000000, 0x00000000a8a00000, 0x00000000e0000000)
  object space 141312K, 29% used [0x00000000a0000000,0x00000000a28d7f70,0x00000000a8a00000)
 Metaspace       used 72600K, capacity 75712K, committed 75864K, reserved 1114112K
  class space    used 9509K, capacity 10332K, committed 10368K, reserved 1048576K
Event: 282.259 GC heap after
Heap after GC invocations=23 (full 3):
 PSYoungGen      total 189440K, used 22500K [0x00000000e0000000, 0x00000000ee580000, 0x0000000100000000)
  eden space 166912K, 0% used [0x00000000e0000000,0x00000000e0000000,0x00000000ea300000)
  from space 22528K, 99% used [0x00000000ec100000,0x00000000ed6f9080,0x00000000ed700000)
  to   space 30720K, 0% used [0x00000000ea300000,0x00000000ea300000,0x00000000ec100000)
 ParOldGen       total 141312K, used 54400K [0x00000000a0000000, 0x00000000a8a00000, 0x00000000e0000000)
  object space 141312K, 38% used [0x00000000a0000000,0x00000000a35202d0,0x00000000a8a00000)
 Metaspace       used 72600K, capacity 75712K, committed 75864K, reserved 1114112K
  class space    used 9509K, capacity 10332K, committed 10368K, reserved 1048576K
}
Event: 284.918 GC heap before
{Heap before GC invocations=24 (full 3):
 PSYoungGen      total 189440K, used 189412K [0x00000000e0000000, 0x00000000ee580000, 0x0000000100000000)
  eden space 166912K, 100% used [0x00000000e0000000,0x00000000ea300000,0x00000000ea300000)
  from space 22528K, 99% used [0x00000000ec100000,0x00000000ed6f9080,0x00000000ed700000)
  to   space 30720K, 0% used [0x00000000ea300000,0x00000000ea300000,0x00000000ec100000)
 ParOldGen       total 141312K, used 54400K [0x00000000a0000000, 0x00000000a8a00000, 0x00000000e0000000)
  object space 141312K, 38% used [0x00000000a0000000,0x00000000a35202d0,0x00000000a8a00000)
 Metaspace       used 72715K, capacity 75782K, committed 75864K, reserved 1114112K
  class space    used 9510K, capacity 10333K, committed 10368K, reserved 1048576K
Event: 284.975 GC heap after
Heap after GC invocations=24 (full 3):
 PSYoungGen      total 197632K, used 24864K [0x00000000e0000000, 0x00000000ee580000, 0x0000000100000000)
  eden space 166912K, 0% used [0x00000000e0000000,0x00000000e0000000,0x00000000ea300000)
  from space 30720K, 80% used [0x00000000ea300000,0x00000000ebb483a8,0x00000000ec100000)
  to   space 22528K, 0% used [0x00000000ec100000,0x00000000ec100000,0x00000000ed700000)
 ParOldGen       total 141312K, used 70166K [0x00000000a0000000, 0x00000000a8a00000, 0x00000000e0000000)
  object space 141312K, 49% used [0x00000000a0000000,0x00000000a44859b8,0x00000000a8a00000)
 Metaspace       used 72715K, capacity 75782K, committed 75864K, reserved 1114112K
  class space    used 9510K, capacity 10333K, committed 10368K, reserved 1048576K
}

Deoptimization events (10 events):
Event: 280.990 Thread 0x0000000021427800 Uncommon trap: reason=class_check action=maybe_recompile pc=0x0000000006908f80 method=com.sun.org.apache.xerces.internal.dom.AttrImpl.getValue()Ljava/lang/String; @ 19
Event: 280.991 Thread 0x0000000021427800 Uncommon trap: reason=class_check action=maybe_recompile pc=0x0000000006908f80 method=com.sun.org.apache.xerces.internal.dom.AttrImpl.getValue()Ljava/lang/String; @ 19
Event: 281.050 Thread 0x0000000021427800 Uncommon trap: reason=bimorphic action=maybe_recompile pc=0x000000000690c838 method=com.sun.org.apache.xerces.internal.dom.ElementImpl.getAttributes()Lorg/w3c/dom/NamedNodeMap; @ 8
Event: 281.051 Thread 0x0000000021427800 Uncommon trap: reason=bimorphic action=maybe_recompile pc=0x000000000690c838 method=com.sun.org.apache.xerces.internal.dom.ElementImpl.getAttributes()Lorg/w3c/dom/NamedNodeMap; @ 8
Event: 281.051 Thread 0x0000000021427800 Uncommon trap: reason=bimorphic action=maybe_recompile pc=0x000000000690c838 method=com.sun.org.apache.xerces.internal.dom.ElementImpl.getAttributes()Lorg/w3c/dom/NamedNodeMap; @ 8
Event: 281.051 Thread 0x0000000021427800 Uncommon trap: reason=bimorphic action=maybe_recompile pc=0x000000000690c838 method=com.sun.org.apache.xerces.internal.dom.ElementImpl.getAttributes()Lorg/w3c/dom/NamedNodeMap; @ 8
Event: 282.259 Thread 0x0000000005053800 Uncommon trap: reason=unstable_if action=reinterpret pc=0x00000000061884b4 method=java.lang.ref.Reference.tryHandlePending(Z)Z @ 20
Event: 282.571 Thread 0x0000000021427800 Uncommon trap: reason=null_check action=make_not_entrant pc=0x0000000006322c10 method=com.sun.org.apache.xerces.internal.dom.NamedNodeMapImpl.findNamePoint(Ljava/lang/String;Ljava/lang/String;)I @ 76
Event: 285.405 Thread 0x0000000021427800 Uncommon trap: reason=class_check action=maybe_recompile pc=0x0000000005a1b0c8 method=com.sun.org.apache.xerces.internal.dom.AttrImpl.getOwnerElement()Lorg/w3c/dom/Element; @ 18
Event: 285.405 Thread 0x0000000021427800 Uncommon trap: reason=class_check action=maybe_recompile pc=0x0000000005a1b0c8 method=com.sun.org.apache.xerces.internal.dom.AttrImpl.getOwnerElement()Lorg/w3c/dom/Element; @ 18

Classes redefined (0 events):
No events

Internal exceptions (10 events):
Event: 279.665 Thread 0x000000002141e800 Exception <a 'sun/nio/fs/WindowsException'> (0x00000000e580d5c8) thrown at [D:\src\AOSP-openjdk-cygwin\jdk8u\hotspot\src\share\vm\prims\jni.cpp, line 709]
Event: 279.666 Thread 0x000000002141e800 Exception <a 'sun/nio/fs/WindowsException'> (0x00000000e580f208) thrown at [D:\src\AOSP-openjdk-cygwin\jdk8u\hotspot\src\share\vm\prims\jni.cpp, line 709]
Event: 279.666 Thread 0x000000002141e800 Exception <a 'sun/nio/fs/WindowsException'> (0x00000000e580fe40) thrown at [D:\src\AOSP-openjdk-cygwin\jdk8u\hotspot\src\share\vm\prims\jni.cpp, line 709]
Event: 279.666 Thread 0x000000002141e800 Exception <a 'sun/nio/fs/WindowsException'> (0x00000000e5812a18) thrown at [D:\src\AOSP-openjdk-cygwin\jdk8u\hotspot\src\share\vm\prims\jni.cpp, line 709]
Event: 279.666 Thread 0x000000002141e800 Exception <a 'sun/nio/fs/WindowsException'> (0x00000000e5813690) thrown at [D:\src\AOSP-openjdk-cygwin\jdk8u\hotspot\src\share\vm\prims\jni.cpp, line 709]
Event: 279.666 Thread 0x000000002141e800 Exception <a 'sun/nio/fs/WindowsException'> (0x00000000e5815348) thrown at [D:\src\AOSP-openjdk-cygwin\jdk8u\hotspot\src\share\vm\prims\jni.cpp, line 709]
Event: 279.666 Thread 0x000000002141e800 Exception <a 'sun/nio/fs/WindowsException'> (0x00000000e5815ff8) thrown at [D:\src\AOSP-openjdk-cygwin\jdk8u\hotspot\src\share\vm\prims\jni.cpp, line 709]
Event: 280.990 Thread 0x0000000021427800 Implicit null exception at 0x00000000060c8ede to 0x00000000060c9061
Event: 282.571 Thread 0x0000000021427800 Implicit null exception at 0x00000000063226e7 to 0x0000000006322be1
Event: 285.663 Thread 0x0000000021427800 Exception <a 'java/lang/reflect/InvocationTargetException'> (0x00000000e1067a20) thrown at [D:\src\AOSP-openjdk-cygwin\jdk8u\hotspot\src\share\vm\runtime\reflection.cpp, line 1092]

Events (10 events):
Event: 285.684 Thread 0x000000001ad85000 Thread exited: 0x000000001ad85000
Event: 285.684 Thread 0x000000001ad84000 Thread exited: 0x000000001ad84000
Event: 285.684 Thread 0x000000001ad85800 Thread exited: 0x000000001ad85800
Event: 285.684 Executing VM operation: RevokeBias
Event: 285.684 Executing VM operation: RevokeBias done
Event: 285.684 Thread 0x000000001ad82800 Thread exited: 0x000000001ad82800
Event: 285.684 Executing VM operation: RevokeBias
Event: 285.684 Executing VM operation: RevokeBias done
Event: 285.685 Executing VM operation: RevokeBias
Event: 285.685 Executing VM operation: RevokeBias done


Dynamic libraries:
0x00007ff78e5f0000 - 0x00007ff78e621000 	C:\Program Files\Android\Android Studio\jre\bin\java.exe
0x00007ff9edae0000 - 0x00007ff9edcc0000 	C:\WINDOWS\SYSTEM32\ntdll.dll
0x00007ff9eb010000 - 0x00007ff9eb0be000 	C:\WINDOWS\System32\KERNEL32.DLL
0x00007ff9ea930000 - 0x00007ff9eab96000 	C:\WINDOWS\System32\KERNELBASE.dll
0x00007ff9ec0b0000 - 0x00007ff9ec151000 	C:\WINDOWS\System32\ADVAPI32.dll
0x00007ff9eda10000 - 0x00007ff9edaad000 	C:\WINDOWS\System32\msvcrt.dll
0x00007ff9eb400000 - 0x00007ff9eb45b000 	C:\WINDOWS\System32\sechost.dll
0x00007ff9ed8f0000 - 0x00007ff9eda0f000 	C:\WINDOWS\System32\RPCRT4.dll
0x00007ff9ed760000 - 0x00007ff9ed8ef000 	C:\WINDOWS\System32\USER32.dll
0x00007ff9eac20000 - 0x00007ff9eac40000 	C:\WINDOWS\System32\win32u.dll
0x00007ff9eb460000 - 0x00007ff9eb488000 	C:\WINDOWS\System32\GDI32.dll
0x00007ff9ea630000 - 0x00007ff9ea7c3000 	C:\WINDOWS\System32\gdi32full.dll
0x00007ff9eaf10000 - 0x00007ff9eafab000 	C:\WINDOWS\System32\msvcp_win.dll
0x00007ff9ea7d0000 - 0x00007ff9ea8c6000 	C:\WINDOWS\System32\ucrtbase.dll
0x00007ff9d8dc0000 - 0x00007ff9d9029000 	C:\WINDOWS\WinSxS\amd64_microsoft.windows.common-controls_6595b64144ccf1df_6.0.16299.309_none_15cfd4c4935e6b11\COMCTL32.dll
0x00007ff9ebb80000 - 0x00007ff9ebe88000 	C:\WINDOWS\System32\combase.dll
0x00007ff9eaba0000 - 0x00007ff9eac12000 	C:\WINDOWS\System32\bcryptPrimitives.dll
0x00007ff9eb3d0000 - 0x00007ff9eb3fd000 	C:\WINDOWS\System32\IMM32.DLL
0x000000006d540000 - 0x000000006d579000 	C:\PROGRA~2\Sophos\SOPHOS~1\SOPHOS~2.DLL
0x00007ff9ed750000 - 0x00007ff9ed758000 	C:\WINDOWS\System32\PSAPI.DLL
0x000000006b9b0000 - 0x000000006ba82000 	C:\Program Files\Android\Android Studio\jre\jre\bin\msvcr100.dll
0x000000006bb70000 - 0x000000006c3b1000 	C:\Program Files\Android\Android Studio\jre\jre\bin\server\jvm.dll
0x00007ff9e7880000 - 0x00007ff9e7889000 	C:\WINDOWS\SYSTEM32\WSOCK32.dll
0x00007ff9e76d0000 - 0x00007ff9e76f3000 	C:\WINDOWS\SYSTEM32\WINMM.dll
0x00007ff9e4840000 - 0x00007ff9e484a000 	C:\WINDOWS\SYSTEM32\VERSION.dll
0x00007ff9eb6c0000 - 0x00007ff9eb72c000 	C:\WINDOWS\System32\WS2_32.dll
0x00007ff9e76a0000 - 0x00007ff9e76ca000 	C:\WINDOWS\SYSTEM32\winmmbase.dll
0x00007ff9eaec0000 - 0x00007ff9eaf0a000 	C:\WINDOWS\System32\cfgmgr32.dll
0x00007ff9e2f10000 - 0x00007ff9e2f1f000 	C:\Program Files\Android\Android Studio\jre\jre\bin\verify.dll
0x00007ff9d4b50000 - 0x00007ff9d4b79000 	C:\Program Files\Android\Android Studio\jre\jre\bin\java.dll
0x00007ff9d9930000 - 0x00007ff9d9946000 	C:\Program Files\Android\Android Studio\jre\jre\bin\zip.dll
0x00007ff9ec310000 - 0x00007ff9ed746000 	C:\WINDOWS\System32\SHELL32.dll
0x00007ff9eb490000 - 0x00007ff9eb536000 	C:\WINDOWS\System32\shcore.dll
0x00007ff9e9ee0000 - 0x00007ff9ea627000 	C:\WINDOWS\System32\windows.storage.dll
0x00007ff9ec2b0000 - 0x00007ff9ec301000 	C:\WINDOWS\System32\shlwapi.dll
0x00007ff9e9e50000 - 0x00007ff9e9e61000 	C:\WINDOWS\System32\kernel.appcore.dll
0x00007ff9e9e70000 - 0x00007ff9e9ebc000 	C:\WINDOWS\System32\powrprof.dll
0x00007ff9e9ec0000 - 0x00007ff9e9edb000 	C:\WINDOWS\System32\profapi.dll
0x00007ff9d89e0000 - 0x00007ff9d89fa000 	C:\Program Files\Android\Android Studio\jre\jre\bin\net.dll
0x00007ff9e96c0000 - 0x00007ff9e9726000 	C:\WINDOWS\system32\mswsock.dll
0x00007ff9d7020000 - 0x00007ff9d7031000 	C:\Program Files\Android\Android Studio\jre\jre\bin\nio.dll
0x00007ff9e3050000 - 0x00007ff9e306e000 	C:\Users\LRIBEIRO\.gradle\native\25\windows-amd64\native-platform.dll
0x00007ff9e2f00000 - 0x00007ff9e2f0d000 	C:\Program Files\Android\Android Studio\jre\jre\bin\management.dll
0x00007ff9e9880000 - 0x00007ff9e9897000 	C:\WINDOWS\SYSTEM32\CRYPTSP.dll
0x00007ff9e92c0000 - 0x00007ff9e92f3000 	C:\WINDOWS\system32\rsaenh.dll
0x00007ff9e9990000 - 0x00007ff9e99b5000 	C:\WINDOWS\SYSTEM32\bcrypt.dll
0x00007ff9e9d60000 - 0x00007ff9e9d89000 	C:\WINDOWS\SYSTEM32\USERENV.dll
0x00007ff9e98a0000 - 0x00007ff9e98ab000 	C:\WINDOWS\SYSTEM32\CRYPTBASE.dll
0x00007ff9e9450000 - 0x00007ff9e9489000 	C:\WINDOWS\SYSTEM32\IPHLPAPI.DLL
0x00007ff9ec0a0000 - 0x00007ff9ec0a8000 	C:\WINDOWS\System32\NSI.dll
0x00007ff9e5690000 - 0x00007ff9e56a6000 	C:\WINDOWS\SYSTEM32\dhcpcsvc6.DLL
0x00007ff9e5670000 - 0x00007ff9e568a000 	C:\WINDOWS\SYSTEM32\dhcpcsvc.DLL
0x00007ff9bad90000 - 0x00007ff9baf27000 	C:\Program Files\Android\Android Studio\jre\jre\bin\awt.dll
0x00007ff9ec160000 - 0x00007ff9ec225000 	C:\WINDOWS\System32\OLEAUT32.dll
0x00007ff9e6070000 - 0x00007ff9e6628000 	C:\WINDOWS\SYSTEM32\d2d1.dll
0x00007ff9eac40000 - 0x00007ff9eae0e000 	C:\WINDOWS\System32\CRYPT32.dll
0x00007ff9e9e30000 - 0x00007ff9e9e42000 	C:\WINDOWS\System32\MSASN1.dll
0x00007ff9e82e0000 - 0x00007ff9e8368000 	C:\WINDOWS\SYSTEM32\apphelp.dll
0x00007ff9e86b0000 - 0x00007ff9e86da000 	C:\WINDOWS\system32\DWMAPI.DLL
0x00007ff9e8410000 - 0x00007ff9e84a5000 	C:\WINDOWS\system32\uxtheme.dll

VM Arguments:
jvm_args: -Xmx1536m -Dfile.encoding=windows-1252 -Duser.country=BR -Duser.language=pt -Duser.variant 
java_command: org.gradle.launcher.daemon.bootstrap.GradleDaemon 4.6
java_class_path (initial): C:\Users\LRIBEIRO\.gradle\wrapper\dists\gradle-4.6-all\bcst21l2brirad8k2ben1letg\gradle-4.6\lib\gradle-launcher-4.6.jar
Launcher Type: SUN_STANDARD

Environment Variables:
JAVA_HOME=C:\Java\jdk1.8.0_162
CLASSPATH=C:\Java\jdk1.8.0_162\lib;C:\Java\jdk1.8.0_162\lib\tools.jar;C:\Java\jdk1.8.0_162\lib\dt.jar;C:\Java\jdk1.8.0_162\lib\htmlconverter.jar;C:\Java\jdk1.8.0_162\jre\lib;C:\Java\jdk1.8.0_162\jre\lib\rt.jar,C:\Java\jdk1.8.0_162\lib\security\cacerts ;
PATH=C:\Java\jdk1.8.0_162\bin;C:\Program Files (x86)\Common Files\Oracle\Java\javapath;C:\ProgramData\Oracle\Java\javapath;C:\WINDOWS\system32;C:\WINDOWS;C:\WINDOWS\System32\Wbem;C:\WINDOWS\System32\WindowsPowerShell\v1.0\;C:\Program Files\TortoiseSVN\bin;C:\Program Files (x86)\Attachmate\EXTRA!\;C:\Program Files (x86)\Borland\StarTeam SDK 13.0\Lib;C:\Program Files (x86)\Borland\StarTeam SDK 13.0\Bin;C:\Java\jdk1.8.0_162\bin;C:\Program Files\Micro Focus\StarTeam SDK 16.0\lib;C:\Program Files\Micro Focus\StarTeam SDK 16.0\bin;C:\Program Files\nodejs\;C:\Program Files\Git\cmd;C:\Users\LRIBEIRO\AppData\Local\Microsoft\WindowsApps;C:\Users\LRIBEIRO\AppData\Roaming\npm;C:\Program Files\Docker Toolbox;C:\VisualCode\bin
USERNAME=lribeiro
OS=Windows_NT
PROCESSOR_IDENTIFIER=Intel64 Family 6 Model 142 Stepping 9, GenuineIntel



---------------  S Y S T E M  ---------------

OS: Windows 10.0 , 64 bit Build 16299 (10.0.16299.15)

CPU:total 4 (initial active 4) (2 cores per cpu, 2 threads per core) family 6 model 142 stepping 9, cmov, cx8, fxsr, mmx, sse, sse2, sse3, ssse3, sse4.1, sse4.2, popcnt, avx, avx2, aes, clmul, erms, 3dnowpref, lzcnt, ht, tsc, tscinvbit, bmi1, bmi2, adx

Memory: 4k page, physical 8294624k(487696k free), swap 8294624k(6188k free)

vm_info: OpenJDK 64-Bit Server VM (25.152-b06) for windows-amd64 JRE (1.8.0_152-release-1136-b06), built by "builder" with MS VC++ 10.0 (VS2010)

time: Thu Oct 18 16:58:36 2018
elapsed time: 285 seconds (0d 0h 4m 45s)

