#
# There is insufficient memory for the Java Runtime Environment to continue.
# Native memory allocation (malloc) failed to allocate 595696 bytes for Chunk::new
# Possible reasons:
#   The system is out of physical RAM or swap space
#   In 32 bit mode, the process size limit was hit
# Possible solutions:
#   Reduce memory load on the system
#   Increase physical memory or swap space
#   Check if swap backing store is full
#   Use 64 bit Java on a 64 bit OS
#   Decrease Java heap size (-Xmx/-Xms)
#   Decrease number of Java threads
#   Decrease Java thread stack sizes (-Xss)
#   Set larger code cache with -XX:ReservedCodeCacheSize=
# This output file may be truncated or incomplete.
#
#  Out of Memory Error (allocation.cpp:390), pid=10440, tid=0x0000000000000854
#
# JRE version: OpenJDK Runtime Environment (8.0_152-b06) (build 1.8.0_152-release-1136-b06)
# Java VM: OpenJDK 64-Bit Server VM (25.152-b06 mixed mode windows-amd64 compressed oops)
# Failed to write core dump. Minidumps are not enabled by default on client versions of Windows
#

---------------  T H R E A D  ---------------

Current thread (0x0000000014c60800):  JavaThread "C2 CompilerThread0" daemon [_thread_in_native, id=2132, stack(0x00000000163a0000,0x00000000164a0000)]

Stack: [0x00000000163a0000,0x00000000164a0000]
[error occurred during error reporting (printing stack bounds), id 0xc0000005]

Native frames: (J=compiled Java code, j=interpreted, Vv=VM code, C=native code)


Current CompileTask:
C2:   4192  875 %     4       org.objectweb.asm.ClassReader::a @ 74 (3587 bytes)


---------------  P R O C E S S  ---------------

Java Threads: ( => current thread )
  0x0000000014cac000 JavaThread "Service Thread" daemon [_thread_blocked, id=10048, stack(0x0000000016aa0000,0x0000000016ba0000)]
  0x00000000164b4000 JavaThread "C1 CompilerThread2" daemon [_thread_blocked, id=7068, stack(0x00000000169a0000,0x0000000016aa0000)]
  0x0000000014ca6000 JavaThread "C2 CompilerThread1" daemon [_thread_in_native, id=9876, stack(0x00000000168a0000,0x00000000169a0000)]
=>0x0000000014c60800 JavaThread "C2 CompilerThread0" daemon [_thread_in_native, id=2132, stack(0x00000000163a0000,0x00000000164a0000)]
  0x0000000014c5d000 JavaThread "Attach Listener" daemon [_thread_blocked, id=8612, stack(0x00000000162a0000,0x00000000163a0000)]
  0x0000000014c5b800 JavaThread "Signal Dispatcher" daemon [_thread_blocked, id=10204, stack(0x00000000161a0000,0x00000000162a0000)]
  0x0000000014c3d800 JavaThread "Finalizer" daemon [_thread_blocked, id=3816, stack(0x0000000015ea0000,0x0000000015fa0000)]
  0x00000000048e9800 JavaThread "Reference Handler" daemon [_thread_blocked, id=12280, stack(0x0000000015da0000,0x0000000015ea0000)]
  0x00000000047f7000 JavaThread "main" [_thread_in_native, id=9932, stack(0x00000000045f0000,0x00000000046f0000)]

Other Threads:
  0x0000000014c17000 VMThread [stack: 0x0000000015ca0000,0x0000000015da0000] [id=3656]
  0x0000000014cac800 WatcherThread [stack: 0x0000000016ba0000,0x0000000016ca0000] [id=11540]

VM state:not at safepoint (normal execution)

VM Mutex/Monitor currently owned by a thread: None

Heap:
 PSYoungGen      total 18944K, used 13361K [0x00000000feb00000, 0x0000000100000000, 0x0000000100000000)
  eden space 16384K, 66% used [0x00000000feb00000,0x00000000ff5912a8,0x00000000ffb00000)
  from space 2560K, 99% used [0x00000000ffd80000,0x00000000ffffb2d8,0x0000000100000000)
  to   space 2560K, 0% used [0x00000000ffb00000,0x00000000ffb00000,0x00000000ffd80000)
 ParOldGen       total 44032K, used 5133K [0x00000000fc000000, 0x00000000feb00000, 0x00000000feb00000)
  object space 44032K, 11% used [0x00000000fc000000,0x00000000fc5037a0,0x00000000feb00000)
 Metaspace       used 7548K, capacity 7722K, committed 7936K, reserved 1056768K
  class space    used 869K, capacity 957K, committed 1024K, reserved 1048576K

Card table byte_map: [0x0000000004550000,0x0000000004580000] byte_map_base: 0x0000000003d70000

Marking Bits: (ParMarkBitMap*) 0x000000006c785aa0
 Begin Bits: [0x00000000140b0000, 0x00000000141b0000)
 End Bits:   [0x00000000141b0000, 0x00000000142b0000)

Polling page: 0x00000000005f0000

CodeCache: size=245760Kb used=3773Kb max_used=3773Kb free=241986Kb
 bounds [0x00000000048f0000, 0x0000000004cb0000, 0x00000000138f0000]
 total_blobs=1327 nmethods=996 adapters=245
 compilation: enabled

Compilation events (10 events):
Event: 4.137 Thread 0x00000000164b4000 1001       3       java.util.concurrent.TimeUnit$4::convert (6 bytes)
Event: 4.137 Thread 0x00000000164b4000 nmethod 1001 0x0000000004c9b350 code [0x0000000004c9b4c0, 0x0000000004c9b6e8]
Event: 4.137 Thread 0x00000000164b4000 1002       3       java.util.concurrent.TimeUnit$3::toSeconds (6 bytes)
Event: 4.137 Thread 0x00000000164b4000 nmethod 1002 0x0000000004c9b010 code [0x0000000004c9b160, 0x0000000004c9b2d0]
Event: 4.137 Thread 0x00000000164b4000 1003       3       java.util.zip.ZipOutputStream::writeExtra (106 bytes)
Event: 4.138 Thread 0x00000000164b4000 nmethod 1003 0x0000000004c99dd0 code [0x0000000004c99fc0, 0x0000000004c9aa88]
Event: 4.138 Thread 0x00000000164b4000 1004       3       java.util.Vector::elementData (7 bytes)
Event: 4.138 Thread 0x00000000164b4000 nmethod 1004 0x0000000004c99a10 code [0x0000000004c99b60, 0x0000000004c99cd0]
Event: 4.139 Thread 0x00000000164b4000 1005       3       java.nio.file.attribute.FileTime::to (117 bytes)
Event: 4.139 Thread 0x00000000164b4000 nmethod 1005 0x0000000004ca0c90 code [0x0000000004ca0e80, 0x0000000004ca16f8]

GC Heap History (4 events):
Event: 3.269 GC heap before
{Heap before GC invocations=1 (full 0):
 PSYoungGen      total 18944K, used 16384K [0x00000000feb00000, 0x0000000100000000, 0x0000000100000000)
  eden space 16384K, 100% used [0x00000000feb00000,0x00000000ffb00000,0x00000000ffb00000)
  from space 2560K, 0% used [0x00000000ffd80000,0x00000000ffd80000,0x0000000100000000)
  to   space 2560K, 0% used [0x00000000ffb00000,0x00000000ffb00000,0x00000000ffd80000)
 ParOldGen       total 44032K, used 0K [0x00000000fc000000, 0x00000000feb00000, 0x00000000feb00000)
  object space 44032K, 0% used [0x00000000fc000000,0x00000000fc000000,0x00000000feb00000)
 Metaspace       used 6490K, capacity 6680K, committed 6784K, reserved 1056768K
  class space    used 769K, capacity 824K, committed 896K, reserved 1048576K
Event: 3.279 GC heap after
Heap after GC invocations=1 (full 0):
 PSYoungGen      total 18944K, used 2552K [0x00000000feb00000, 0x0000000100000000, 0x0000000100000000)
  eden space 16384K, 0% used [0x00000000feb00000,0x00000000feb00000,0x00000000ffb00000)
  from space 2560K, 99% used [0x00000000ffb00000,0x00000000ffd7e040,0x00000000ffd80000)
  to   space 2560K, 0% used [0x00000000ffd80000,0x00000000ffd80000,0x0000000100000000)
 ParOldGen       total 44032K, used 1694K [0x00000000fc000000, 0x00000000feb00000, 0x00000000feb00000)
  object space 44032K, 3% used [0x00000000fc000000,0x00000000fc1a7a40,0x00000000feb00000)
 Metaspace       used 6490K, capacity 6680K, committed 6784K, reserved 1056768K
  class space    used 769K, capacity 824K, committed 896K, reserved 1048576K
}
Event: 3.949 GC heap before
{Heap before GC invocations=2 (full 0):
 PSYoungGen      total 18944K, used 18936K [0x00000000feb00000, 0x0000000100000000, 0x0000000100000000)
  eden space 16384K, 100% used [0x00000000feb00000,0x00000000ffb00000,0x00000000ffb00000)
  from space 2560K, 99% used [0x00000000ffb00000,0x00000000ffd7e040,0x00000000ffd80000)
  to   space 2560K, 0% used [0x00000000ffd80000,0x00000000ffd80000,0x0000000100000000)
 ParOldGen       total 44032K, used 1694K [0x00000000fc000000, 0x00000000feb00000, 0x00000000feb00000)
  object space 44032K, 3% used [0x00000000fc000000,0x00000000fc1a7a40,0x00000000feb00000)
 Metaspace       used 7507K, capacity 7722K, committed 7936K, reserved 1056768K
  class space    used 869K, capacity 957K, committed 1024K, reserved 1048576K
Event: 3.977 GC heap after
Heap after GC invocations=2 (full 0):
 PSYoungGen      total 18944K, used 2540K [0x00000000feb00000, 0x0000000100000000, 0x0000000100000000)
  eden space 16384K, 0% used [0x00000000feb00000,0x00000000feb00000,0x00000000ffb00000)
  from space 2560K, 99% used [0x00000000ffd80000,0x00000000ffffb2d8,0x0000000100000000)
  to   space 2560K, 0% used [0x00000000ffb00000,0x00000000ffb00000,0x00000000ffd80000)
 ParOldGen       total 44032K, used 5133K [0x00000000fc000000, 0x00000000feb00000, 0x00000000feb00000)
  object space 44032K, 11% used [0x00000000fc000000,0x00000000fc5037a0,0x00000000feb00000)
 Metaspace       used 7507K, capacity 7722K, committed 7936K, reserved 1056768K
  class space    used 869K, capacity 957K, committed 1024K, reserved 1048576K
}

Deoptimization events (10 events):
Event: 3.318 Thread 0x00000000047f7000 Uncommon trap: reason=unstable_if action=reinterpret pc=0x0000000004b216c8 method=java.util.HashMap$HashIterator.nextNode()Ljava/util/HashMap$Node; @ 74
Event: 3.354 Thread 0x00000000047f7000 Uncommon trap: reason=unstable_if action=reinterpret pc=0x0000000004b01ac0 method=java.util.zip.ZipFile.getZipEntry(Ljava/lang/String;J)Ljava/util/zip/ZipEntry; @ 19
Event: 3.391 Thread 0x00000000047f7000 Uncommon trap: reason=unstable_if action=reinterpret pc=0x0000000004b16a48 method=java.util.HashMap$HashIterator.nextNode()Ljava/util/HashMap$Node; @ 74
Event: 3.482 Thread 0x00000000047f7000 Uncommon trap: reason=unloaded action=reinterpret pc=0x0000000004b0467c method=java.util.zip.ZipEntry.setExtra0([BZ)V @ 37
Event: 3.572 Thread 0x00000000047f7000 Uncommon trap: reason=unstable_if action=reinterpret pc=0x0000000004ace3f8 method=java.lang.String.<init>([CII)V @ 18
Event: 3.900 Thread 0x00000000047f7000 Uncommon trap: reason=unstable_if action=reinterpret pc=0x0000000004c11298 method=org.objectweb.asm.Item.a(Lorg/objectweb/asm/Item;)Z @ 345
Event: 4.030 Thread 0x00000000047f7000 Uncommon trap: reason=class_check action=maybe_recompile pc=0x0000000004c34f20 method=org.objectweb.asm.MethodVisitor.visitVarInsn(II)V @ 13
Event: 4.030 Thread 0x00000000047f7000 Uncommon trap: reason=class_check action=maybe_recompile pc=0x0000000004c34f20 method=org.objectweb.asm.MethodVisitor.visitVarInsn(II)V @ 13
Event: 4.030 Thread 0x00000000047f7000 Uncommon trap: reason=class_check action=maybe_recompile pc=0x0000000004c34f20 method=org.objectweb.asm.MethodVisitor.visitVarInsn(II)V @ 13
Event: 4.030 Thread 0x00000000047f7000 Uncommon trap: reason=class_check action=maybe_recompile pc=0x0000000004c34f20 method=org.objectweb.asm.MethodVisitor.visitVarInsn(II)V @ 13

Classes redefined (0 events):
No events

Internal exceptions (10 events):
Event: 3.387 Thread 0x00000000047f7000 Exception <a 'sun/nio/fs/WindowsException'> (0x00000000ff136df8) thrown at [D:\src\AOSP-openjdk-cygwin\jdk8u\hotspot\src\share\vm\prims\jni.cpp, line 709]
Event: 3.387 Thread 0x00000000047f7000 Exception <a 'sun/nio/fs/WindowsException'> (0x00000000ff1373f0) thrown at [D:\src\AOSP-openjdk-cygwin\jdk8u\hotspot\src\share\vm\prims\jni.cpp, line 709]
Event: 3.387 Thread 0x00000000047f7000 Exception <a 'sun/nio/fs/WindowsException'> (0x00000000ff137bc0) thrown at [D:\src\AOSP-openjdk-cygwin\jdk8u\hotspot\src\share\vm\prims\jni.cpp, line 709]
Event: 3.387 Thread 0x00000000047f7000 Exception <a 'sun/nio/fs/WindowsException'> (0x00000000ff138190) thrown at [D:\src\AOSP-openjdk-cygwin\jdk8u\hotspot\src\share\vm\prims\jni.cpp, line 709]
Event: 3.387 Thread 0x00000000047f7000 Exception <a 'sun/nio/fs/WindowsException'> (0x00000000ff138950) thrown at [D:\src\AOSP-openjdk-cygwin\jdk8u\hotspot\src\share\vm\prims\jni.cpp, line 709]
Event: 3.399 Thread 0x00000000047f7000 Exception <a 'sun/nio/fs/WindowsException'> (0x00000000ff13ddb8) thrown at [D:\src\AOSP-openjdk-cygwin\jdk8u\hotspot\src\share\vm\prims\jni.cpp, line 709]
Event: 3.520 Thread 0x00000000047f7000 Exception <a 'sun/nio/fs/WindowsException'> (0x00000000ff5e2c70) thrown at [D:\src\AOSP-openjdk-cygwin\jdk8u\hotspot\src\share\vm\prims\jni.cpp, line 709]
Event: 3.520 Thread 0x00000000047f7000 Exception <a 'sun/nio/fs/WindowsException'> (0x00000000ff5e3218) thrown at [D:\src\AOSP-openjdk-cygwin\jdk8u\hotspot\src\share\vm\prims\jni.cpp, line 709]
Event: 3.856 Thread 0x00000000047f7000 Exception <a 'sun/nio/fs/WindowsException'> (0x00000000ff846da8) thrown at [D:\src\AOSP-openjdk-cygwin\jdk8u\hotspot\src\share\vm\prims\jni.cpp, line 709]
Event: 3.856 Thread 0x00000000047f7000 Exception <a 'sun/nio/fs/WindowsException'> (0x00000000ff8472d0) thrown at [D:\src\AOSP-openjdk-cygwin\jdk8u\hotspot\src\share\vm\prims\jni.cpp, line 709]

Events (10 events):
Event: 4.030 Thread 0x00000000047f7000 DEOPT PACKING pc=0x0000000004c34f20 sp=0x00000000046ee830
Event: 4.030 Thread 0x00000000047f7000 DEOPT UNPACKING pc=0x000000000493557b sp=0x00000000046ee7e0 mode 2
Event: 4.030 Thread 0x00000000047f7000 Uncommon trap: trap_request=0xffffffde fr.pc=0x0000000004c34f20
Event: 4.030 Thread 0x00000000047f7000 DEOPT PACKING pc=0x0000000004c34f20 sp=0x00000000046ee830
Event: 4.030 Thread 0x00000000047f7000 DEOPT UNPACKING pc=0x000000000493557b sp=0x00000000046ee7e0 mode 2
Event: 4.030 Thread 0x00000000047f7000 Uncommon trap: trap_request=0xffffffde fr.pc=0x0000000004c34f20
Event: 4.030 Thread 0x00000000047f7000 DEOPT PACKING pc=0x0000000004c34f20 sp=0x00000000046ee830
Event: 4.030 Thread 0x00000000047f7000 DEOPT UNPACKING pc=0x000000000493557b sp=0x00000000046ee7e0 mode 2
Event: 4.190 Executing VM operation: EnableBiasedLocking
Event: 4.190 Executing VM operation: EnableBiasedLocking done


Dynamic libraries:
0x00007ff736570000 - 0x00007ff7365a1000 	C:\Program Files\Android\Android Studio\jre\bin\java.exe
0x00007fff37710000 - 0x00007fff378f0000 	C:\WINDOWS\SYSTEM32\ntdll.dll
0x00007fff35830000 - 0x00007fff358de000 	C:\WINDOWS\System32\KERNEL32.DLL
0x00007fff33cb0000 - 0x00007fff33f16000 	C:\WINDOWS\System32\KERNELBASE.dll
0x00007fff35960000 - 0x00007fff35a01000 	C:\WINDOWS\System32\ADVAPI32.dll
0x00007fff34f40000 - 0x00007fff34fdd000 	C:\WINDOWS\System32\msvcrt.dll
0x00007fff35d40000 - 0x00007fff35d9b000 	C:\WINDOWS\System32\sechost.dll
0x00007fff34c60000 - 0x00007fff34d7f000 	C:\WINDOWS\System32\RPCRT4.dll
0x00007fff34d80000 - 0x00007fff34f0f000 	C:\WINDOWS\System32\USER32.dll
0x00007fff341c0000 - 0x00007fff341e0000 	C:\WINDOWS\System32\win32u.dll
0x00007fff35d10000 - 0x00007fff35d38000 	C:\WINDOWS\System32\GDI32.dll
0x00007fff33b10000 - 0x00007fff33ca3000 	C:\WINDOWS\System32\gdi32full.dll
0x00007fff34070000 - 0x00007fff3410b000 	C:\WINDOWS\System32\msvcp_win.dll
0x00007fff33f20000 - 0x00007fff34016000 	C:\WINDOWS\System32\ucrtbase.dll
0x00007fff20630000 - 0x00007fff20899000 	C:\WINDOWS\WinSxS\amd64_microsoft.windows.common-controls_6595b64144ccf1df_6.0.16299.309_none_15cfd4c4935e6b11\COMCTL32.dll
0x00007fff35370000 - 0x00007fff35678000 	C:\WINDOWS\System32\combase.dll
0x00007fff34990000 - 0x00007fff34a02000 	C:\WINDOWS\System32\bcryptPrimitives.dll
0x00007fff35ce0000 - 0x00007fff35d0d000 	C:\WINDOWS\System32\IMM32.DLL
0x000000006d310000 - 0x000000006d349000 	C:\PROGRA~2\Sophos\SOPHOS~1\SOPHOS~2.DLL
0x00007fff34f30000 - 0x00007fff34f38000 	C:\WINDOWS\System32\PSAPI.DLL
0x000000006b980000 - 0x000000006ba52000 	C:\Program Files\Android\Android Studio\jre\jre\bin\msvcr100.dll
0x000000006bfc0000 - 0x000000006c801000 	C:\Program Files\Android\Android Studio\jre\jre\bin\server\jvm.dll
0x00007fff2f8d0000 - 0x00007fff2f8d9000 	C:\WINDOWS\SYSTEM32\WSOCK32.dll
0x00007fff350f0000 - 0x00007fff3515c000 	C:\WINDOWS\System32\WS2_32.dll
0x00007fff31e20000 - 0x00007fff31e43000 	C:\WINDOWS\SYSTEM32\WINMM.dll
0x00007fff2f440000 - 0x00007fff2f44a000 	C:\WINDOWS\SYSTEM32\VERSION.dll
0x00007fff31dc0000 - 0x00007fff31dea000 	C:\WINDOWS\SYSTEM32\WINMMBASE.dll
0x00007fff34020000 - 0x00007fff3406a000 	C:\WINDOWS\System32\cfgmgr32.dll
0x00007fff2f8c0000 - 0x00007fff2f8cf000 	C:\Program Files\Android\Android Studio\jre\jre\bin\verify.dll
0x00007fff1fbb0000 - 0x00007fff1fbd9000 	C:\Program Files\Android\Android Studio\jre\jre\bin\java.dll
0x00007fff258d0000 - 0x00007fff258e6000 	C:\Program Files\Android\Android Studio\jre\jre\bin\zip.dll
0x00007fff35da0000 - 0x00007fff371d6000 	C:\WINDOWS\System32\SHELL32.dll
0x00007fff37630000 - 0x00007fff376d6000 	C:\WINDOWS\System32\shcore.dll
0x00007fff341e0000 - 0x00007fff34927000 	C:\WINDOWS\System32\windows.storage.dll
0x00007fff35c80000 - 0x00007fff35cd1000 	C:\WINDOWS\System32\shlwapi.dll
0x00007fff33af0000 - 0x00007fff33b01000 	C:\WINDOWS\System32\kernel.appcore.dll
0x00007fff33aa0000 - 0x00007fff33aec000 	C:\WINDOWS\System32\powrprof.dll
0x00007fff33a60000 - 0x00007fff33a7b000 	C:\WINDOWS\System32\profapi.dll
0x00007fff33450000 - 0x00007fff33467000 	C:\WINDOWS\SYSTEM32\CRYPTSP.dll
0x00007fff32e90000 - 0x00007fff32ec3000 	C:\WINDOWS\system32\rsaenh.dll
0x00007fff33560000 - 0x00007fff33585000 	C:\WINDOWS\SYSTEM32\bcrypt.dll
0x00007fff33990000 - 0x00007fff339b9000 	C:\WINDOWS\SYSTEM32\USERENV.dll
0x00007fff33470000 - 0x00007fff3347b000 	C:\WINDOWS\SYSTEM32\CRYPTBASE.dll
0x00007fff245f0000 - 0x00007fff2460a000 	C:\Program Files\Android\Android Studio\jre\jre\bin\net.dll
0x00007fff33290000 - 0x00007fff332f6000 	C:\WINDOWS\system32\mswsock.dll
0x00007fff33020000 - 0x00007fff33059000 	C:\WINDOWS\SYSTEM32\IPHLPAPI.DLL
0x00007fff358f0000 - 0x00007fff358f8000 	C:\WINDOWS\System32\NSI.dll
0x00007fff2f240000 - 0x00007fff2f256000 	C:\WINDOWS\SYSTEM32\dhcpcsvc6.DLL
0x00007fff2f220000 - 0x00007fff2f23a000 	C:\WINDOWS\SYSTEM32\dhcpcsvc.DLL
0x00007fff24580000 - 0x00007fff24591000 	C:\Program Files\Android\Android Studio\jre\jre\bin\nio.dll

VM Arguments:
jvm_args: -Djava.awt.headless=true -Xmx64M -Dfile.encoding=windows-1252 -Duser.country=BR -Duser.language=pt -Duser.variant 
java_command: com.google.devtools.build.android.desugar.Desugar --input C:\Users\LRIBEIRO\Documents\A\MEUS-BENS-master\app\build\intermediates\transforms\stackFramesFixer\debug\7.jar --output C:\Users\LRIBEIRO\Documents\A\MEUS-BENS-master\app\build\intermediates\transforms\desugar\debug\8.jar --input C:\Users\LRIBEIRO\Documents\A\MEUS-BENS-master\app\build\intermediates\transforms\stackFramesFixer\debug\12.jar --output C:\Users\LRIBEIRO\Documents\A\MEUS-BENS-master\app\build\intermediates\transforms\desugar\debug\13.jar --input C:\Users\LRIBEIRO\Documents\A\MEUS-BENS-master\app\build\intermediates\transforms\stackFramesFixer\debug\40.jar --output C:\Users\LRIBEIRO\Documents\A\MEUS-BENS-master\app\build\intermediates\transforms\desugar\debug\41.jar --input C:\Users\LRIBEIRO\Documents\A\MEUS-BENS-master\app\build\intermediates\classes\debug --output C:\Users\LRIBEIRO\Documents\A\MEUS-BENS-master\app\build\intermediates\transforms\desugar\debug\0 --input C:\Users\LRIBEIRO\Documents\A\MEUS-BENS-master\app\build\intermediates\transforms\stackFramesFixer\debug\31.jar --output C:\Users\LRIBEIRO\Documents\A\MEUS-BENS-master\app\build\intermediates\transforms\desugar\debug\32.jar --input C:\Users\LRIBEIRO\Documents\A\MEUS-BENS-master\app\build\intermediates\transforms\stackFramesFixer\debug\18.jar --output C:\Users\LRIBEIRO\Documents\A\MEUS-BENS-master\app\build\intermediates\transforms\desugar\debug\19.jar --input C:\Users\LRIBEIRO\Documents\A\MEUS-BENS-master\app\build\intermediates\transforms\stackFramesFixer\debug\50.jar --output C:\Users\LRIBEIRO\Documents\A\MEUS-BENS-master\app\build\intermediates\transforms\desugar\debug\51.jar --input C:\Users\LRIBEIRO\Documents\A\MEUS-BENS-master\app\build\intermediates\transforms\stackFramesFixer\debug\24.jar --output C:\Users\LRIBEIRO\Documents\A\MEUS-BENS-master\app\build\intermediates\transforms\desugar\debug\25.jar --input C:\Users\LRIBEIRO\Documents\A\MEUS-BENS-master\app\build\intermediates\transforms\stackFramesFixer\debug
java_class_path (initial): C:\Users\LRIBEIRO\AppData\Local\Temp\desugar_deploy.jar5698441870577895883
Launcher Type: SUN_STANDARD

Environment Variables:
JAVA_HOME=C:\Java\jdk1.8.0_162
CLASSPATH=C:\Java\jdk1.8.0_162\lib;C:\Java\jdk1.8.0_162\lib\tools.jar;C:\Java\jdk1.8.0_162\lib\dt.jar;C:\Java\jdk1.8.0_162\lib\htmlconverter.jar;C:\Java\jdk1.8.0_162\jre\lib;C:\Java\jdk1.8.0_162\jre\lib\rt.jar,C:\Java\jdk1.8.0_162\lib\security\cacerts ;
PATH=C:\Java\jdk1.8.0_162\bin;C:\Program Files (x86)\Common Files\Oracle\Java\javapath;C:\ProgramData\Oracle\Java\javapath;C:\WINDOWS\system32;C:\WINDOWS;C:\WINDOWS\System32\Wbem;C:\WINDOWS\System32\WindowsPowerShell\v1.0\;C:\Program Files\TortoiseSVN\bin;C:\Program Files (x86)\Attachmate\EXTRA!\;C:\Program Files (x86)\Borland\StarTeam SDK 13.0\Lib;C:\Program Files (x86)\Borland\StarTeam SDK 13.0\Bin;C:\Java\jdk1.8.0_162\bin;C:\Program Files\Micro Focus\StarTeam SDK 16.0\lib;C:\Program Files\Micro Focus\StarTeam SDK 16.0\bin;C:\Program Files\nodejs\;C:\Program Files\Git\cmd;C:\Users\LRIBEIRO\AppData\Local\Microsoft\WindowsApps;C:\Users\LRIBEIRO\AppData\Roaming\npm;C:\Program Files\Docker Toolbox;C:\VisualCode\bin
USERNAME=lribeiro
OS=Windows_NT
PROCESSOR_IDENTIFIER=Intel64 Family 6 Model 142 Stepping 9, GenuineIntel



---------------  S Y S T E M  ---------------

OS: Windows 10.0 , 64 bit Build 16299 (10.0.16299.15)

CPU:total 4 (initial active 4) (2 cores per cpu, 2 threads per core) family 6 model 142 stepping 9, cmov, cx8, fxsr, mmx, sse, sse2, sse3, ssse3, sse4.1, sse4.2, popcnt, avx, avx2, aes, clmul, erms, 3dnowpref, lzcnt, ht, tsc, tscinvbit, bmi1, bmi2, adx

Memory: 4k page, physical 8294624k(1595480k free), swap 8294624k(4764k free)

vm_info: OpenJDK 64-Bit Server VM (25.152-b06) for windows-amd64 JRE (1.8.0_152-release-1136-b06), built by "builder" with MS VC++ 10.0 (VS2010)

time: Thu Oct 18 10:36:17 2018
elapsed time: 4 seconds (0d 0h 0m 4s)

