#
# There is insufficient memory for the Java Runtime Environment to continue.
# Native memory allocation (malloc) failed to allocate 146656 bytes for Chunk::new
# Possible reasons:
#   The system is out of physical RAM or swap space
#   In 32 bit mode, the process size limit was hit
# Possible solutions:
#   Reduce memory load on the system
#   Increase physical memory or swap space
#   Check if swap backing store is full
#   Use 64 bit Java on a 64 bit OS
#   Decrease Java heap size (-Xmx/-Xms)
#   Decrease number of Java threads
#   Decrease Java thread stack sizes (-Xss)
#   Set larger code cache with -XX:ReservedCodeCacheSize=
# This output file may be truncated or incomplete.
#
#  Out of Memory Error (allocation.cpp:390), pid=8680, tid=0x0000000000000888
#
# JRE version: OpenJDK Runtime Environment (8.0_152-b06) (build 1.8.0_152-release-1136-b06)
# Java VM: OpenJDK 64-Bit Server VM (25.152-b06 mixed mode windows-amd64 compressed oops)
# Failed to write core dump. Minidumps are not enabled by default on client versions of Windows
#

---------------  T H R E A D  ---------------

Current thread (0x000000001564a000):  JavaThread "C2 CompilerThread1" daemon [_thread_in_native, id=2184, stack(0x00000000172b0000,0x00000000173b0000)]

Stack: [0x00000000172b0000,0x00000000173b0000]
[error occurred during error reporting (printing stack bounds), id 0xc0000005]

Native frames: (J=compiled Java code, j=interpreted, Vv=VM code, C=native code)


Current CompileTask:
C2:   1566  871       4       org.objectweb.asm.ClassWriter::newUTF8 (70 bytes)


---------------  P R O C E S S  ---------------

Java Threads: ( => current thread )
  0x0000000016ebd800 JavaThread "Service Thread" daemon [_thread_blocked, id=8056, stack(0x00000000174b0000,0x00000000175b0000)]
  0x000000001569e000 JavaThread "C1 CompilerThread2" daemon [_thread_blocked, id=4756, stack(0x00000000173b0000,0x00000000174b0000)]
=>0x000000001564a000 JavaThread "C2 CompilerThread1" daemon [_thread_in_native, id=2184, stack(0x00000000172b0000,0x00000000173b0000)]
  0x0000000015650800 JavaThread "C2 CompilerThread0" daemon [_thread_in_native, id=12168, stack(0x0000000016db0000,0x0000000016eb0000)]
  0x000000001564d000 JavaThread "Attach Listener" daemon [_thread_blocked, id=3852, stack(0x0000000016cb0000,0x0000000016db0000)]
  0x000000001564b800 JavaThread "Signal Dispatcher" daemon [_thread_blocked, id=11520, stack(0x0000000016bb0000,0x0000000016cb0000)]
  0x000000001562d800 JavaThread "Finalizer" daemon [_thread_blocked, id=11592, stack(0x00000000168b0000,0x00000000169b0000)]
  0x00000000052d9800 JavaThread "Reference Handler" daemon [_thread_blocked, id=4732, stack(0x00000000167b0000,0x00000000168b0000)]
  0x00000000051e7000 JavaThread "main" [_thread_in_vm, id=9628, stack(0x00000000050e0000,0x00000000051e0000)]

Other Threads:
  0x0000000015607000 VMThread [stack: 0x00000000166b0000,0x00000000167b0000] [id=1884]
  0x0000000016ebe000 WatcherThread [stack: 0x00000000175b0000,0x00000000176b0000] [id=11248]

VM state:not at safepoint (normal execution)

VM Mutex/Monitor currently owned by a thread: None

Heap:
 PSYoungGen      total 18944K, used 18924K [0x00000000feb00000, 0x0000000100000000, 0x0000000100000000)
  eden space 16384K, 99% used [0x00000000feb00000,0x00000000ffafd550,0x00000000ffb00000)
  from space 2560K, 99% used [0x00000000ffb00000,0x00000000ffd7de90,0x00000000ffd80000)
  to   space 2560K, 0% used [0x00000000ffd80000,0x00000000ffd80000,0x0000000100000000)
 ParOldGen       total 44032K, used 1704K [0x00000000fc000000, 0x00000000feb00000, 0x00000000feb00000)
  object space 44032K, 3% used [0x00000000fc000000,0x00000000fc1aa150,0x00000000feb00000)
 Metaspace       used 7446K, capacity 7650K, committed 7936K, reserved 1056768K
  class space    used 866K, capacity 957K, committed 1024K, reserved 1048576K

Card table byte_map: [0x0000000004cc0000,0x0000000004cf0000] byte_map_base: 0x00000000044e0000

Marking Bits: (ParMarkBitMap*) 0x000000006c785aa0
 Begin Bits: [0x0000000014aa0000, 0x0000000014ba0000)
 End Bits:   [0x0000000014ba0000, 0x0000000014ca0000)

Polling page: 0x0000000004c90000

CodeCache: size=245760Kb used=3257Kb max_used=3264Kb free=242502Kb
 bounds [0x00000000052e0000, 0x0000000005620000, 0x00000000142e0000]
 total_blobs=1201 nmethods=870 adapters=245
 compilation: enabled

Compilation events (10 events):
Event: 1.537 Thread 0x000000001564a000 nmethod 857 0x000000000560c250 code [0x000000000560c3a0, 0x000000000560c4c8]
Event: 1.537 Thread 0x000000001564a000  856       4       org.objectweb.asm.tree.InsnNode::accept (14 bytes)
Event: 1.549 Thread 0x000000001564a000 nmethod 856 0x000000000560d310 code [0x000000000560d4a0, 0x000000000560db38]
Event: 1.560 Thread 0x000000001569e000  868       3       org.objectweb.asm.Label::a (93 bytes)
Event: 1.560 Thread 0x000000001564a000  871       4       org.objectweb.asm.ClassWriter::newUTF8 (70 bytes)
Event: 1.560 Thread 0x000000001569e000 nmethod 868 0x000000000560cb90 code [0x000000000560cd00, 0x000000000560d148]
Event: 1.560 Thread 0x000000001569e000  869       3       org.objectweb.asm.MethodVisitor::visitJumpInsn (17 bytes)
Event: 1.560 Thread 0x000000001569e000 nmethod 869 0x000000000560f290 code [0x000000000560f400, 0x000000000560f668]
Event: 1.560 Thread 0x000000001569e000  870       3       java.util.SubList::size (9 bytes)
Event: 1.560 Thread 0x000000001569e000 nmethod 870 0x000000000560ecd0 code [0x000000000560ee40, 0x000000000560f108]

GC Heap History (2 events):
Event: 1.104 GC heap before
{Heap before GC invocations=1 (full 0):
 PSYoungGen      total 18944K, used 16384K [0x00000000feb00000, 0x0000000100000000, 0x0000000100000000)
  eden space 16384K, 100% used [0x00000000feb00000,0x00000000ffb00000,0x00000000ffb00000)
  from space 2560K, 0% used [0x00000000ffd80000,0x00000000ffd80000,0x0000000100000000)
  to   space 2560K, 0% used [0x00000000ffb00000,0x00000000ffb00000,0x00000000ffd80000)
 ParOldGen       total 44032K, used 0K [0x00000000fc000000, 0x00000000feb00000, 0x00000000feb00000)
  object space 44032K, 0% used [0x00000000fc000000,0x00000000fc000000,0x00000000feb00000)
 Metaspace       used 6498K, capacity 6672K, committed 6784K, reserved 1056768K
  class space    used 769K, capacity 824K, committed 896K, reserved 1048576K
Event: 1.109 GC heap after
Heap after GC invocations=1 (full 0):
 PSYoungGen      total 18944K, used 2551K [0x00000000feb00000, 0x0000000100000000, 0x0000000100000000)
  eden space 16384K, 0% used [0x00000000feb00000,0x00000000feb00000,0x00000000ffb00000)
  from space 2560K, 99% used [0x00000000ffb00000,0x00000000ffd7de90,0x00000000ffd80000)
  to   space 2560K, 0% used [0x00000000ffd80000,0x00000000ffd80000,0x0000000100000000)
 ParOldGen       total 44032K, used 1704K [0x00000000fc000000, 0x00000000feb00000, 0x00000000feb00000)
  object space 44032K, 3% used [0x00000000fc000000,0x00000000fc1aa150,0x00000000feb00000)
 Metaspace       used 6498K, capacity 6672K, committed 6784K, reserved 1056768K
  class space    used 769K, capacity 824K, committed 896K, reserved 1048576K
}

Deoptimization events (10 events):
Event: 0.957 Thread 0x00000000051e7000 Uncommon trap: reason=unstable_if action=reinterpret pc=0x0000000005462908 method=java.lang.String.startsWith(Ljava/lang/String;I)Z @ 25
Event: 1.006 Thread 0x00000000051e7000 Uncommon trap: reason=unstable_if action=reinterpret pc=0x00000000054f89ec method=java.util.zip.ZipFile$ZipEntryIterator.hasNext()Z @ 25
Event: 1.007 Thread 0x00000000051e7000 Uncommon trap: reason=unstable_if action=reinterpret pc=0x00000000054fbf6c method=java.util.zip.ZipCoder.decoder()Ljava/nio/charset/CharsetDecoder; @ 4
Event: 1.007 Thread 0x00000000051e7000 Uncommon trap: reason=unstable_if action=reinterpret pc=0x00000000054da2d8 method=java.util.zip.ZipEntry.setExtra0([BZ)V @ 1
Event: 1.010 Thread 0x00000000051e7000 Uncommon trap: reason=unstable_if action=reinterpret pc=0x00000000054f9e08 method=java.util.zip.ZipFile$ZipEntryIterator.hasNext()Z @ 25
Event: 1.010 Thread 0x00000000051e7000 Uncommon trap: reason=unstable_if action=reinterpret pc=0x00000000054f943c method=java.util.zip.ZipCoder.decoder()Ljava/nio/charset/CharsetDecoder; @ 4
Event: 1.013 Thread 0x00000000051e7000 Uncommon trap: reason=unstable_if action=reinterpret pc=0x0000000005505a48 method=java.util.zip.ZipCoder.decoder()Ljava/nio/charset/CharsetDecoder; @ 4
Event: 1.128 Thread 0x00000000051e7000 Uncommon trap: reason=unstable_if action=reinterpret pc=0x000000000550a6f8 method=java.util.zip.ZipCoder.decoder()Ljava/nio/charset/CharsetDecoder; @ 4
Event: 1.347 Thread 0x00000000051e7000 Uncommon trap: reason=unloaded action=reinterpret pc=0x0000000005507efc method=java.util.zip.ZipEntry.setExtra0([BZ)V @ 37
Event: 1.454 Thread 0x00000000051e7000 Uncommon trap: reason=unstable_if action=reinterpret pc=0x00000000054c5a38 method=java.lang.String.<init>([CII)V @ 18

Classes redefined (0 events):
No events

Internal exceptions (10 events):
Event: 1.184 Thread 0x00000000051e7000 Exception <a 'sun/nio/fs/WindowsException'> (0x00000000ff1360a8) thrown at [D:\src\AOSP-openjdk-cygwin\jdk8u\hotspot\src\share\vm\prims\jni.cpp, line 709]
Event: 1.184 Thread 0x00000000051e7000 Exception <a 'sun/nio/fs/WindowsException'> (0x00000000ff1366a0) thrown at [D:\src\AOSP-openjdk-cygwin\jdk8u\hotspot\src\share\vm\prims\jni.cpp, line 709]
Event: 1.185 Thread 0x00000000051e7000 Exception <a 'sun/nio/fs/WindowsException'> (0x00000000ff136e70) thrown at [D:\src\AOSP-openjdk-cygwin\jdk8u\hotspot\src\share\vm\prims\jni.cpp, line 709]
Event: 1.185 Thread 0x00000000051e7000 Exception <a 'sun/nio/fs/WindowsException'> (0x00000000ff137440) thrown at [D:\src\AOSP-openjdk-cygwin\jdk8u\hotspot\src\share\vm\prims\jni.cpp, line 709]
Event: 1.185 Thread 0x00000000051e7000 Exception <a 'sun/nio/fs/WindowsException'> (0x00000000ff137c00) thrown at [D:\src\AOSP-openjdk-cygwin\jdk8u\hotspot\src\share\vm\prims\jni.cpp, line 709]
Event: 1.209 Thread 0x00000000051e7000 Exception <a 'sun/nio/fs/WindowsException'> (0x00000000ff13d068) thrown at [D:\src\AOSP-openjdk-cygwin\jdk8u\hotspot\src\share\vm\prims\jni.cpp, line 709]
Event: 1.386 Thread 0x00000000051e7000 Exception <a 'sun/nio/fs/WindowsException'> (0x00000000ff5e1ee8) thrown at [D:\src\AOSP-openjdk-cygwin\jdk8u\hotspot\src\share\vm\prims\jni.cpp, line 709]
Event: 1.386 Thread 0x00000000051e7000 Exception <a 'sun/nio/fs/WindowsException'> (0x00000000ff5e2490) thrown at [D:\src\AOSP-openjdk-cygwin\jdk8u\hotspot\src\share\vm\prims\jni.cpp, line 709]
Event: 1.394 Thread 0x00000000051e7000 Exception <a 'sun/nio/fs/WindowsException'> (0x00000000ff5edd50) thrown at [D:\src\AOSP-openjdk-cygwin\jdk8u\hotspot\src\share\vm\prims\jni.cpp, line 709]
Event: 1.395 Thread 0x00000000051e7000 Exception <a 'sun/nio/fs/WindowsException'> (0x00000000ff5ee278) thrown at [D:\src\AOSP-openjdk-cygwin\jdk8u\hotspot\src\share\vm\prims\jni.cpp, line 709]

Events (10 events):
Event: 1.451 loading class java/util/zip/ZipOutputStream$XEntry done
Event: 1.454 Thread 0x00000000051e7000 Uncommon trap: trap_request=0xffffff65 fr.pc=0x00000000054c5a38
Event: 1.454 Thread 0x00000000051e7000 DEOPT PACKING pc=0x00000000054c5a38 sp=0x00000000051dedb0
Event: 1.454 Thread 0x00000000051e7000 DEOPT UNPACKING pc=0x000000000532557b sp=0x00000000051ded98 mode 2
Event: 1.456 loading class org/objectweb/asm/tree/TryCatchBlockNode
Event: 1.456 loading class org/objectweb/asm/tree/TryCatchBlockNode done
Event: 1.456 loading class org/objectweb/asm/Handler
Event: 1.456 loading class org/objectweb/asm/Handler done
Event: 1.460 loading class org/objectweb/asm/Opcodes
Event: 1.460 loading class org/objectweb/asm/Opcodes done


Dynamic libraries:
0x00007ff736570000 - 0x00007ff7365a1000 	C:\Program Files\Android\Android Studio\jre\bin\java.exe
0x00007fff37710000 - 0x00007fff378f0000 	C:\WINDOWS\SYSTEM32\ntdll.dll
0x00007fff35830000 - 0x00007fff358de000 	C:\WINDOWS\System32\KERNEL32.DLL
0x00007fff33cb0000 - 0x00007fff33f16000 	C:\WINDOWS\System32\KERNELBASE.dll
0x00007fff35960000 - 0x00007fff35a01000 	C:\WINDOWS\System32\ADVAPI32.dll
0x00007fff34f40000 - 0x00007fff34fdd000 	C:\WINDOWS\System32\msvcrt.dll
0x00007fff35d40000 - 0x00007fff35d9b000 	C:\WINDOWS\System32\sechost.dll
0x00007fff34c60000 - 0x00007fff34d7f000 	C:\WINDOWS\System32\RPCRT4.dll
0x00007fff34d80000 - 0x00007fff34f0f000 	C:\WINDOWS\System32\USER32.dll
0x00007fff341c0000 - 0x00007fff341e0000 	C:\WINDOWS\System32\win32u.dll
0x00007fff35d10000 - 0x00007fff35d38000 	C:\WINDOWS\System32\GDI32.dll
0x00007fff33b10000 - 0x00007fff33ca3000 	C:\WINDOWS\System32\gdi32full.dll
0x00007fff34070000 - 0x00007fff3410b000 	C:\WINDOWS\System32\msvcp_win.dll
0x00007fff33f20000 - 0x00007fff34016000 	C:\WINDOWS\System32\ucrtbase.dll
0x00007fff20630000 - 0x00007fff20899000 	C:\WINDOWS\WinSxS\amd64_microsoft.windows.common-controls_6595b64144ccf1df_6.0.16299.309_none_15cfd4c4935e6b11\COMCTL32.dll
0x00007fff35370000 - 0x00007fff35678000 	C:\WINDOWS\System32\combase.dll
0x00007fff34990000 - 0x00007fff34a02000 	C:\WINDOWS\System32\bcryptPrimitives.dll
0x00007fff35ce0000 - 0x00007fff35d0d000 	C:\WINDOWS\System32\IMM32.DLL
0x000000006d310000 - 0x000000006d349000 	C:\PROGRA~2\Sophos\SOPHOS~1\SOPHOS~2.DLL
0x00007fff34f30000 - 0x00007fff34f38000 	C:\WINDOWS\System32\PSAPI.DLL
0x000000006b980000 - 0x000000006ba52000 	C:\Program Files\Android\Android Studio\jre\jre\bin\msvcr100.dll
0x000000006bfc0000 - 0x000000006c801000 	C:\Program Files\Android\Android Studio\jre\jre\bin\server\jvm.dll
0x00007fff2f8d0000 - 0x00007fff2f8d9000 	C:\WINDOWS\SYSTEM32\WSOCK32.dll
0x00007fff350f0000 - 0x00007fff3515c000 	C:\WINDOWS\System32\WS2_32.dll
0x00007fff31e20000 - 0x00007fff31e43000 	C:\WINDOWS\SYSTEM32\WINMM.dll
0x00007fff2f440000 - 0x00007fff2f44a000 	C:\WINDOWS\SYSTEM32\VERSION.dll
0x00007fff31dc0000 - 0x00007fff31dea000 	C:\WINDOWS\SYSTEM32\WINMMBASE.dll
0x00007fff34020000 - 0x00007fff3406a000 	C:\WINDOWS\System32\cfgmgr32.dll
0x00007fff2f8c0000 - 0x00007fff2f8cf000 	C:\Program Files\Android\Android Studio\jre\jre\bin\verify.dll
0x00007fff1fbb0000 - 0x00007fff1fbd9000 	C:\Program Files\Android\Android Studio\jre\jre\bin\java.dll
0x00007fff258d0000 - 0x00007fff258e6000 	C:\Program Files\Android\Android Studio\jre\jre\bin\zip.dll
0x00007fff35da0000 - 0x00007fff371d6000 	C:\WINDOWS\System32\SHELL32.dll
0x00007fff37630000 - 0x00007fff376d6000 	C:\WINDOWS\System32\shcore.dll
0x00007fff341e0000 - 0x00007fff34927000 	C:\WINDOWS\System32\windows.storage.dll
0x00007fff35c80000 - 0x00007fff35cd1000 	C:\WINDOWS\System32\shlwapi.dll
0x00007fff33af0000 - 0x00007fff33b01000 	C:\WINDOWS\System32\kernel.appcore.dll
0x00007fff33aa0000 - 0x00007fff33aec000 	C:\WINDOWS\System32\powrprof.dll
0x00007fff33a60000 - 0x00007fff33a7b000 	C:\WINDOWS\System32\profapi.dll
0x00007fff33450000 - 0x00007fff33467000 	C:\WINDOWS\SYSTEM32\CRYPTSP.dll
0x00007fff32e90000 - 0x00007fff32ec3000 	C:\WINDOWS\system32\rsaenh.dll
0x00007fff33560000 - 0x00007fff33585000 	C:\WINDOWS\SYSTEM32\bcrypt.dll
0x00007fff33990000 - 0x00007fff339b9000 	C:\WINDOWS\SYSTEM32\USERENV.dll
0x00007fff33470000 - 0x00007fff3347b000 	C:\WINDOWS\SYSTEM32\CRYPTBASE.dll
0x00007fff245f0000 - 0x00007fff2460a000 	C:\Program Files\Android\Android Studio\jre\jre\bin\net.dll
0x00007fff33290000 - 0x00007fff332f6000 	C:\WINDOWS\system32\mswsock.dll
0x00007fff33020000 - 0x00007fff33059000 	C:\WINDOWS\SYSTEM32\IPHLPAPI.DLL
0x00007fff358f0000 - 0x00007fff358f8000 	C:\WINDOWS\System32\NSI.dll
0x00007fff2f240000 - 0x00007fff2f256000 	C:\WINDOWS\SYSTEM32\dhcpcsvc6.DLL
0x00007fff2f220000 - 0x00007fff2f23a000 	C:\WINDOWS\SYSTEM32\dhcpcsvc.DLL
0x00007fff24580000 - 0x00007fff24591000 	C:\Program Files\Android\Android Studio\jre\jre\bin\nio.dll

VM Arguments:
jvm_args: -Djava.awt.headless=true -Xmx64M -Dfile.encoding=windows-1252 -Duser.country=BR -Duser.language=pt -Duser.variant 
java_command: com.google.devtools.build.android.desugar.Desugar --input C:\Users\LRIBEIRO\Documents\A\MEUS-BENS-master\app\build\intermediates\transforms\stackFramesFixer\debug\53.jar --output C:\Users\LRIBEIRO\Documents\A\MEUS-BENS-master\app\build\intermediates\transforms\desugar\debug\54.jar --input C:\Users\LRIBEIRO\Documents\A\MEUS-BENS-master\app\build\intermediates\transforms\stackFramesFixer\debug\47.jar --output C:\Users\LRIBEIRO\Documents\A\MEUS-BENS-master\app\build\intermediates\transforms\desugar\debug\48.jar --input C:\Users\LRIBEIRO\Documents\A\MEUS-BENS-master\app\build\intermediates\transforms\stackFramesFixer\debug\7.jar --output C:\Users\LRIBEIRO\Documents\A\MEUS-BENS-master\app\build\intermediates\transforms\desugar\debug\8.jar --input C:\Users\LRIBEIRO\Documents\A\MEUS-BENS-master\app\build\intermediates\transforms\stackFramesFixer\debug\10.jar --output C:\Users\LRIBEIRO\Documents\A\MEUS-BENS-master\app\build\intermediates\transforms\desugar\debug\11.jar --input C:\Users\LRIBEIRO\Documents\A\MEUS-BENS-master\app\build\intermediates\transforms\stackFramesFixer\debug\15.jar --output C:\Users\LRIBEIRO\Documents\A\MEUS-BENS-master\app\build\intermediates\transforms\desugar\debug\16.jar --input C:\Users\LRIBEIRO\Documents\A\MEUS-BENS-master\app\build\intermediates\transforms\stackFramesFixer\debug\5.jar --output C:\Users\LRIBEIRO\Documents\A\MEUS-BENS-master\app\build\intermediates\transforms\desugar\debug\6.jar --input C:\Users\LRIBEIRO\Documents\A\MEUS-BENS-master\app\build\intermediates\transforms\stackFramesFixer\debug\26.jar --output C:\Users\LRIBEIRO\Documents\A\MEUS-BENS-master\app\build\intermediates\transforms\desugar\debug\27.jar --input C:\Users\LRIBEIRO\Documents\A\MEUS-BENS-master\app\build\intermediates\transforms\stackFramesFixer\debug\31.jar --output C:\Users\LRIBEIRO\Documents\A\MEUS-BENS-master\app\build\intermediates\transforms\desugar\debug\32.jar --input C:\Users\LRIBEIRO\Documents\A\MEUS-BENS-master\app\build\intermediates\tra
java_class_path (initial): C:\Users\LRIBEIRO\AppData\Local\Temp\desugar_deploy.jar5698441870577895883
Launcher Type: SUN_STANDARD

Environment Variables:
JAVA_HOME=C:\Java\jdk1.8.0_162
CLASSPATH=C:\Java\jdk1.8.0_162\lib;C:\Java\jdk1.8.0_162\lib\tools.jar;C:\Java\jdk1.8.0_162\lib\dt.jar;C:\Java\jdk1.8.0_162\lib\htmlconverter.jar;C:\Java\jdk1.8.0_162\jre\lib;C:\Java\jdk1.8.0_162\jre\lib\rt.jar,C:\Java\jdk1.8.0_162\lib\security\cacerts ;
PATH=C:\Java\jdk1.8.0_162\bin;C:\Program Files (x86)\Common Files\Oracle\Java\javapath;C:\ProgramData\Oracle\Java\javapath;C:\WINDOWS\system32;C:\WINDOWS;C:\WINDOWS\System32\Wbem;C:\WINDOWS\System32\WindowsPowerShell\v1.0\;C:\Program Files\TortoiseSVN\bin;C:\Program Files (x86)\Attachmate\EXTRA!\;C:\Program Files (x86)\Borland\StarTeam SDK 13.0\Lib;C:\Program Files (x86)\Borland\StarTeam SDK 13.0\Bin;C:\Java\jdk1.8.0_162\bin;C:\Program Files\Micro Focus\StarTeam SDK 16.0\lib;C:\Program Files\Micro Focus\StarTeam SDK 16.0\bin;C:\Program Files\nodejs\;C:\Program Files\Git\cmd;C:\Users\LRIBEIRO\AppData\Local\Microsoft\WindowsApps;C:\Users\LRIBEIRO\AppData\Roaming\npm;C:\Program Files\Docker Toolbox;C:\VisualCode\bin
USERNAME=lribeiro
OS=Windows_NT
PROCESSOR_IDENTIFIER=Intel64 Family 6 Model 142 Stepping 9, GenuineIntel



---------------  S Y S T E M  ---------------

OS: Windows 10.0 , 64 bit Build 16299 (10.0.16299.15)

CPU:total 4 (initial active 4) (2 cores per cpu, 2 threads per core) family 6 model 142 stepping 9, cmov, cx8, fxsr, mmx, sse, sse2, sse3, ssse3, sse4.1, sse4.2, popcnt, avx, avx2, aes, clmul, erms, 3dnowpref, lzcnt, ht, tsc, tscinvbit, bmi1, bmi2, adx

Memory: 4k page, physical 8294624k(1663592k free), swap 8294624k(132k free)

vm_info: OpenJDK 64-Bit Server VM (25.152-b06) for windows-amd64 JRE (1.8.0_152-release-1136-b06), built by "builder" with MS VC++ 10.0 (VS2010)

time: Thu Oct 18 10:33:11 2018
elapsed time: 1 seconds (0d 0h 0m 1s)

