#
# There is insufficient memory for the Java Runtime Environment to continue.
# Native memory allocation (malloc) failed to allocate 1048576 bytes for AllocateHeap
# Possible reasons:
#   The system is out of physical RAM or swap space
#   In 32 bit mode, the process size limit was hit
# Possible solutions:
#   Reduce memory load on the system
#   Increase physical memory or swap space
#   Check if swap backing store is full
#   Use 64 bit Java on a 64 bit OS
#   Decrease Java heap size (-Xmx/-Xms)
#   Decrease number of Java threads
#   Decrease Java thread stack sizes (-Xss)
#   Set larger code cache with -XX:ReservedCodeCacheSize=
# This output file may be truncated or incomplete.
#
#  Out of Memory Error (memory/allocation.inline.hpp:61), pid=11548, tid=0x0000000000000510
#
# JRE version:  (8.0_152-b06) (build )
# Java VM: OpenJDK 64-Bit Server VM (25.152-b06 mixed mode windows-amd64 compressed oops)
# Failed to write core dump. Minidumps are not enabled by default on client versions of Windows
#

---------------  T H R E A D  ---------------

Current thread (0x0000000005157000):  JavaThread "Unknown thread" [_thread_in_vm, id=1296, stack(0x0000000005020000,0x0000000005120000)]

Stack: [0x0000000005020000,0x0000000005120000]
[error occurred during error reporting (printing stack bounds), id 0xc0000005]

Native frames: (J=compiled Java code, j=interpreted, Vv=VM code, C=native code)


---------------  P R O C E S S  ---------------

Java Threads: ( => current thread )

Other Threads:

=>0x0000000005157000 (exited) JavaThread "Unknown thread" [_thread_in_vm, id=1296, stack(0x0000000005020000,0x0000000005120000)]

VM state:not at safepoint (normal execution)

VM Mutex/Monitor currently owned by a thread: None

Heap:
 PSYoungGen      total 18944K, used 327K [0x00000000feb00000, 0x0000000100000000, 0x0000000100000000)
  eden space 16384K, 2% used [0x00000000feb00000,0x00000000feb51ec8,0x00000000ffb00000)
  from space 2560K, 0% used [0x00000000ffd80000,0x00000000ffd80000,0x0000000100000000)
  to   space 2560K, 0% used [0x00000000ffb00000,0x00000000ffb00000,0x00000000ffd80000)
 ParOldGen       total 44032K, used 0K [0x00000000fc000000, 0x00000000feb00000, 0x00000000feb00000)
  object space 44032K, 0% used [0x00000000fc000000,0x00000000fc000000,0x00000000feb00000)
 Metaspace       used 783K, capacity 1156K, committed 1408K, reserved 1060864K
  class space    used 73K, capacity 384K, committed 384K, reserved 1048576K

Card table byte_map: [0x0000000004d80000,0x0000000004db0000] byte_map_base: 0x00000000045a0000

Marking Bits: (ParMarkBitMap*) 0x000000006c395aa0
 Begin Bits: [0x0000000014a10000, 0x0000000014b10000)
 End Bits:   [0x0000000014b10000, 0x0000000014c10000)

Polling page: 0x0000000003190000

CodeCache: size=245760Kb used=328Kb max_used=328Kb free=245431Kb
 bounds [0x0000000005250000, 0x00000000054c0000, 0x0000000014250000]
 total_blobs=57 nmethods=0 adapters=38
 compilation: enabled

Compilation events (0 events):
No events

GC Heap History (0 events):
No events

Deoptimization events (0 events):
No events

Classes redefined (0 events):
No events

Internal exceptions (0 events):
No events

Events (10 events):
Event: 0.031 loading class java/lang/Short
Event: 0.031 loading class java/lang/Short done
Event: 0.031 loading class java/lang/Integer
Event: 0.031 loading class java/lang/Integer done
Event: 0.031 loading class java/lang/Long
Event: 0.031 loading class java/lang/Long done
Event: 0.032 loading class java/lang/NullPointerException
Event: 0.032 loading class java/lang/NullPointerException done
Event: 0.032 loading class java/lang/ArithmeticException
Event: 0.032 loading class java/lang/ArithmeticException done


Dynamic libraries:
0x00007ff736570000 - 0x00007ff7365a1000 	C:\Program Files\Android\Android Studio\jre\bin\java.exe
0x00007fff37710000 - 0x00007fff378f0000 	C:\WINDOWS\SYSTEM32\ntdll.dll
0x00007fff35830000 - 0x00007fff358de000 	C:\WINDOWS\System32\KERNEL32.DLL
0x00007fff33cb0000 - 0x00007fff33f16000 	C:\WINDOWS\System32\KERNELBASE.dll
0x00007fff35960000 - 0x00007fff35a01000 	C:\WINDOWS\System32\ADVAPI32.dll
0x00007fff34f40000 - 0x00007fff34fdd000 	C:\WINDOWS\System32\msvcrt.dll
0x00007fff35d40000 - 0x00007fff35d9b000 	C:\WINDOWS\System32\sechost.dll
0x00007fff34c60000 - 0x00007fff34d7f000 	C:\WINDOWS\System32\RPCRT4.dll
0x00007fff34d80000 - 0x00007fff34f0f000 	C:\WINDOWS\System32\USER32.dll
0x00007fff341c0000 - 0x00007fff341e0000 	C:\WINDOWS\System32\win32u.dll
0x00007fff35d10000 - 0x00007fff35d38000 	C:\WINDOWS\System32\GDI32.dll
0x00007fff33b10000 - 0x00007fff33ca3000 	C:\WINDOWS\System32\gdi32full.dll
0x00007fff34070000 - 0x00007fff3410b000 	C:\WINDOWS\System32\msvcp_win.dll
0x00007fff33f20000 - 0x00007fff34016000 	C:\WINDOWS\System32\ucrtbase.dll
0x00007fff20630000 - 0x00007fff20899000 	C:\WINDOWS\WinSxS\amd64_microsoft.windows.common-controls_6595b64144ccf1df_6.0.16299.309_none_15cfd4c4935e6b11\COMCTL32.dll
0x00007fff35370000 - 0x00007fff35678000 	C:\WINDOWS\System32\combase.dll
0x00007fff34990000 - 0x00007fff34a02000 	C:\WINDOWS\System32\bcryptPrimitives.dll
0x00007fff35ce0000 - 0x00007fff35d0d000 	C:\WINDOWS\System32\IMM32.DLL
0x000000006d310000 - 0x000000006d349000 	C:\PROGRA~2\Sophos\SOPHOS~1\SOPHOS~2.DLL
0x00007fff34f30000 - 0x00007fff34f38000 	C:\WINDOWS\System32\PSAPI.DLL
0x000000006b980000 - 0x000000006ba52000 	C:\Program Files\Android\Android Studio\jre\jre\bin\msvcr100.dll
0x000000006bbd0000 - 0x000000006c411000 	C:\Program Files\Android\Android Studio\jre\jre\bin\server\jvm.dll
0x00007fff31720000 - 0x00007fff31729000 	C:\WINDOWS\SYSTEM32\WSOCK32.dll
0x00007fff350f0000 - 0x00007fff3515c000 	C:\WINDOWS\System32\WS2_32.dll
0x00007fff31e20000 - 0x00007fff31e43000 	C:\WINDOWS\SYSTEM32\WINMM.dll
0x00007fff2f440000 - 0x00007fff2f44a000 	C:\WINDOWS\SYSTEM32\VERSION.dll
0x00007fff31dc0000 - 0x00007fff31dea000 	C:\WINDOWS\SYSTEM32\WINMMBASE.dll
0x00007fff34020000 - 0x00007fff3406a000 	C:\WINDOWS\System32\cfgmgr32.dll
0x00007fff31710000 - 0x00007fff3171f000 	C:\Program Files\Android\Android Studio\jre\jre\bin\verify.dll
0x00007fff1fc60000 - 0x00007fff1fc89000 	C:\Program Files\Android\Android Studio\jre\jre\bin\java.dll
0x00007fff2f8c0000 - 0x00007fff2f8d6000 	C:\Program Files\Android\Android Studio\jre\jre\bin\zip.dll

VM Arguments:
jvm_args: -Djava.awt.headless=true -Xmx64M -Dfile.encoding=windows-1252 -Duser.country=BR -Duser.language=pt -Duser.variant 
java_command: com.google.devtools.build.android.desugar.Desugar --input C:\Users\LRIBEIRO\Documents\A\MEUS-BENS-master\app\build\intermediates\transforms\stackFramesFixer\debug\28.jar --output C:\Users\LRIBEIRO\Documents\A\MEUS-BENS-master\app\build\intermediates\transforms\desugar\debug\29.jar --input C:\Users\LRIBEIRO\Documents\A\MEUS-BENS-master\app\build\intermediates\transforms\stackFramesFixer\debug\42.jar --output C:\Users\LRIBEIRO\Documents\A\MEUS-BENS-master\app\build\intermediates\transforms\desugar\debug\43.jar --input C:\Users\LRIBEIRO\Documents\A\MEUS-BENS-master\app\build\intermediates\classes\debug --output C:\Users\LRIBEIRO\Documents\A\MEUS-BENS-master\app\build\intermediates\transforms\desugar\debug\0 --input C:\Users\LRIBEIRO\Documents\A\MEUS-BENS-master\app\build\intermediates\transforms\stackFramesFixer\debug\26.jar --output C:\Users\LRIBEIRO\Documents\A\MEUS-BENS-master\app\build\intermediates\transforms\desugar\debug\27.jar --input C:\Users\LRIBEIRO\Documents\A\MEUS-BENS-master\app\build\intermediates\transforms\stackFramesFixer\debug\50.jar --output C:\Users\LRIBEIRO\Documents\A\MEUS-BENS-master\app\build\intermediates\transforms\desugar\debug\51.jar --input C:\Users\LRIBEIRO\Documents\A\MEUS-BENS-master\app\build\intermediates\transforms\stackFramesFixer\debug\24.jar --output C:\Users\LRIBEIRO\Documents\A\MEUS-BENS-master\app\build\intermediates\transforms\desugar\debug\25.jar --input C:\Users\LRIBEIRO\Documents\A\MEUS-BENS-master\app\build\intermediates\transforms\stackFramesFixer\debug\35.jar --output C:\Users\LRIBEIRO\Documents\A\MEUS-BENS-master\app\build\intermediates\transforms\desugar\debug\36.jar --input C:\Users\LRIBEIRO\Documents\A\MEUS-BENS-master\app\build\intermediates\transforms\stackFramesFixer\debug\16.jar --output C:\Users\LRIBEIRO\Documents\A\MEUS-BENS-master\app\build\intermediates\transforms\desugar\debug\17.jar --input C:\Users\LRIBEIRO\Documents\A\MEUS-BENS-master\app\build\intermediates\transforms\stackFramesFixer\deb
java_class_path (initial): C:\Users\LRIBEIRO\AppData\Local\Temp\desugar_deploy.jar8114844120760170281
Launcher Type: SUN_STANDARD

Environment Variables:
JAVA_HOME=C:\Java\jdk1.8.0_162
CLASSPATH=C:\Java\jdk1.8.0_162\lib;C:\Java\jdk1.8.0_162\lib\tools.jar;C:\Java\jdk1.8.0_162\lib\dt.jar;C:\Java\jdk1.8.0_162\lib\htmlconverter.jar;C:\Java\jdk1.8.0_162\jre\lib;C:\Java\jdk1.8.0_162\jre\lib\rt.jar,C:\Java\jdk1.8.0_162\lib\security\cacerts ;
PATH=C:\Java\jdk1.8.0_162\bin;C:\Program Files (x86)\Common Files\Oracle\Java\javapath;C:\ProgramData\Oracle\Java\javapath;C:\WINDOWS\system32;C:\WINDOWS;C:\WINDOWS\System32\Wbem;C:\WINDOWS\System32\WindowsPowerShell\v1.0\;C:\Program Files\TortoiseSVN\bin;C:\Program Files (x86)\Attachmate\EXTRA!\;C:\Program Files (x86)\Borland\StarTeam SDK 13.0\Lib;C:\Program Files (x86)\Borland\StarTeam SDK 13.0\Bin;C:\Java\jdk1.8.0_162\bin;C:\Program Files\Micro Focus\StarTeam SDK 16.0\lib;C:\Program Files\Micro Focus\StarTeam SDK 16.0\bin;C:\Program Files\nodejs\;C:\Program Files\Git\cmd;C:\Users\LRIBEIRO\AppData\Local\Microsoft\WindowsApps;C:\Users\LRIBEIRO\AppData\Roaming\npm;C:\Program Files\Docker Toolbox;C:\VisualCode\bin
USERNAME=lribeiro
OS=Windows_NT
PROCESSOR_IDENTIFIER=Intel64 Family 6 Model 142 Stepping 9, GenuineIntel



---------------  S Y S T E M  ---------------

OS: Windows 10.0 , 64 bit Build 16299 (10.0.16299.15)

CPU:total 4 (initial active 4) (2 cores per cpu, 2 threads per core) family 6 model 142 stepping 9, cmov, cx8, fxsr, mmx, sse, sse2, sse3, ssse3, sse4.1, sse4.2, popcnt, avx, avx2, aes, clmul, erms, 3dnowpref, lzcnt, ht, tsc, tscinvbit, bmi1, bmi2, adx

Memory: 4k page, physical 8294624k(1484368k free), swap 8294624k(3140k free)

vm_info: OpenJDK 64-Bit Server VM (25.152-b06) for windows-amd64 JRE (1.8.0_152-release-1136-b06), built by "builder" with MS VC++ 10.0 (VS2010)

time: Wed Oct 17 17:26:32 2018
elapsed time: 0 seconds (0d 0h 0m 0s)

