#
# There is insufficient memory for the Java Runtime Environment to continue.
# Native memory allocation (malloc) failed to allocate 32744 bytes for ChunkPool::allocate
# Possible reasons:
#   The system is out of physical RAM or swap space
#   In 32 bit mode, the process size limit was hit
# Possible solutions:
#   Reduce memory load on the system
#   Increase physical memory or swap space
#   Check if swap backing store is full
#   Use 64 bit Java on a 64 bit OS
#   Decrease Java heap size (-Xmx/-Xms)
#   Decrease number of Java threads
#   Decrease Java thread stack sizes (-Xss)
#   Set larger code cache with -XX:ReservedCodeCacheSize=
# This output file may be truncated or incomplete.
#
#  Out of Memory Error (allocation.cpp:273), pid=5076, tid=0x0000000000002480
#
# JRE version: OpenJDK Runtime Environment (8.0_152-b06) (build 1.8.0_152-release-1136-b06)
# Java VM: OpenJDK 64-Bit Server VM (25.152-b06 mixed mode windows-amd64 compressed oops)
# Failed to write core dump. Minidumps are not enabled by default on client versions of Windows
#

---------------  T H R E A D  ---------------

Current thread (0x00000000151c2000):  JavaThread "C1 CompilerThread2" daemon [_thread_in_native, id=9344, stack(0x0000000016b20000,0x0000000016c20000)]

Stack: [0x0000000016b20000,0x0000000016c20000]
[error occurred during error reporting (printing stack bounds), id 0xc0000005]

Native frames: (J=compiled Java code, j=interpreted, Vv=VM code, C=native code)


Current CompileTask:
C1:   1205  901       3       java.util.HashMap$EntryIterator::next (5 bytes)


---------------  P R O C E S S  ---------------

Java Threads: ( => current thread )
  0x000000001521e800 JavaThread "Service Thread" daemon [_thread_blocked, id=3124, stack(0x0000000017020000,0x0000000017120000)]
=>0x00000000151c2000 JavaThread "C1 CompilerThread2" daemon [_thread_in_native, id=9344, stack(0x0000000016b20000,0x0000000016c20000)]
  0x00000000151d5800 JavaThread "C2 CompilerThread1" daemon [_thread_in_native, id=2264, stack(0x0000000016a20000,0x0000000016b20000)]
  0x00000000151d1000 JavaThread "C2 CompilerThread0" daemon [_thread_in_native, id=10808, stack(0x0000000016920000,0x0000000016a20000)]
  0x00000000151cd800 JavaThread "Attach Listener" daemon [_thread_blocked, id=12000, stack(0x0000000016820000,0x0000000016920000)]
  0x00000000151cc800 JavaThread "Signal Dispatcher" daemon [_thread_blocked, id=12232, stack(0x0000000016720000,0x0000000016820000)]
  0x0000000004e5e000 JavaThread "Finalizer" daemon [_thread_blocked, id=9100, stack(0x0000000016420000,0x0000000016520000)]
  0x0000000004e5b000 JavaThread "Reference Handler" daemon [_thread_blocked, id=11040, stack(0x0000000016320000,0x0000000016420000)]
  0x0000000004d67000 JavaThread "main" [_thread_in_Java, id=11168, stack(0x0000000004c60000,0x0000000004d60000)]

Other Threads:
  0x0000000015187000 VMThread [stack: 0x0000000016220000,0x0000000016320000] [id=824]
  0x0000000016c42800 WatcherThread [stack: 0x0000000017120000,0x0000000017220000] [id=7484]

VM state:not at safepoint (normal execution)

VM Mutex/Monitor currently owned by a thread: None

Heap:
 PSYoungGen      total 18944K, used 2979K [0x00000000feb00000, 0x0000000100000000, 0x0000000100000000)
  eden space 16384K, 2% used [0x00000000feb00000,0x00000000feb6c7a0,0x00000000ffb00000)
  from space 2560K, 99% used [0x00000000ffd80000,0x00000000ffffc660,0x0000000100000000)
  to   space 2560K, 0% used [0x00000000ffb00000,0x00000000ffb00000,0x00000000ffd80000)
 ParOldGen       total 44032K, used 5173K [0x00000000fc000000, 0x00000000feb00000, 0x00000000feb00000)
  object space 44032K, 11% used [0x00000000fc000000,0x00000000fc50d638,0x00000000feb00000)
 Metaspace       used 7482K, capacity 7650K, committed 7936K, reserved 1058816K
  class space    used 867K, capacity 957K, committed 1024K, reserved 1048576K

Card table byte_map: [0x0000000003270000,0x00000000032a0000] byte_map_base: 0x0000000002a90000

Marking Bits: (ParMarkBitMap*) 0x000000006c395aa0
 Begin Bits: [0x0000000014620000, 0x0000000014720000)
 End Bits:   [0x0000000014720000, 0x0000000014820000)

Polling page: 0x00000000009f0000

CodeCache: size=245760Kb used=3408Kb max_used=3408Kb free=242352Kb
 bounds [0x0000000004e60000, 0x00000000051c0000, 0x0000000013e60000]
 total_blobs=1228 nmethods=897 adapters=245
 compilation: enabled

Compilation events (10 events):
Event: 1.197 Thread 0x00000000151c2000 nmethod 890 0x00000000051b3ad0 code [0x00000000051b3c40, 0x00000000051b3e48]
Event: 1.198 Thread 0x00000000151c2000  891       3       org.objectweb.asm.tree.MethodNode::<init> (125 bytes)
Event: 1.199 Thread 0x00000000151c2000 nmethod 891 0x00000000051b3ed0 code [0x00000000051b4100, 0x00000000051b4de8]
Event: 1.199 Thread 0x00000000151c2000  887       3       org.objectweb.asm.ClassWriter::visitMethod (20 bytes)
Event: 1.199 Thread 0x00000000151c2000 nmethod 887 0x00000000051b55d0 code [0x00000000051b5740, 0x00000000051b5968]
Event: 1.199 Thread 0x00000000151c2000  889       3       com.google.common.base.Preconditions::checkNotNull (35 bytes)
Event: 1.199 Thread 0x00000000151c2000 nmethod 889 0x00000000051b5a50 code [0x00000000051b5c00, 0x00000000051b6258]
Event: 1.201 Thread 0x00000000151c2000  900       3       java.util.LinkedHashMap$LinkedHashIterator::hasNext (13 bytes)
Event: 1.201 Thread 0x00000000151c2000 nmethod 900 0x00000000051b6490 code [0x00000000051b65e0, 0x00000000051b6790]
Event: 1.203 Thread 0x00000000151c2000  901       3       java.util.HashMap$EntryIterator::next (5 bytes)

GC Heap History (4 events):
Event: 0.787 GC heap before
{Heap before GC invocations=1 (full 0):
 PSYoungGen      total 18944K, used 16384K [0x00000000feb00000, 0x0000000100000000, 0x0000000100000000)
  eden space 16384K, 100% used [0x00000000feb00000,0x00000000ffb00000,0x00000000ffb00000)
  from space 2560K, 0% used [0x00000000ffd80000,0x00000000ffd80000,0x0000000100000000)
  to   space 2560K, 0% used [0x00000000ffb00000,0x00000000ffb00000,0x00000000ffd80000)
 ParOldGen       total 44032K, used 0K [0x00000000fc000000, 0x00000000feb00000, 0x00000000feb00000)
  object space 44032K, 0% used [0x00000000fc000000,0x00000000fc000000,0x00000000feb00000)
 Metaspace       used 6477K, capacity 6608K, committed 6784K, reserved 1056768K
  class space    used 769K, capacity 824K, committed 896K, reserved 1048576K
Event: 0.792 GC heap after
Heap after GC invocations=1 (full 0):
 PSYoungGen      total 18944K, used 2551K [0x00000000feb00000, 0x0000000100000000, 0x0000000100000000)
  eden space 16384K, 0% used [0x00000000feb00000,0x00000000feb00000,0x00000000ffb00000)
  from space 2560K, 99% used [0x00000000ffb00000,0x00000000ffd7de58,0x00000000ffd80000)
  to   space 2560K, 0% used [0x00000000ffd80000,0x00000000ffd80000,0x0000000100000000)
 ParOldGen       total 44032K, used 1714K [0x00000000fc000000, 0x00000000feb00000, 0x00000000feb00000)
  object space 44032K, 3% used [0x00000000fc000000,0x00000000fc1ac930,0x00000000feb00000)
 Metaspace       used 6477K, capacity 6608K, committed 6784K, reserved 1056768K
  class space    used 769K, capacity 824K, committed 896K, reserved 1048576K
}
Event: 1.187 GC heap before
{Heap before GC invocations=2 (full 0):
 PSYoungGen      total 18944K, used 18935K [0x00000000feb00000, 0x0000000100000000, 0x0000000100000000)
  eden space 16384K, 100% used [0x00000000feb00000,0x00000000ffb00000,0x00000000ffb00000)
  from space 2560K, 99% used [0x00000000ffb00000,0x00000000ffd7de58,0x00000000ffd80000)
  to   space 2560K, 0% used [0x00000000ffd80000,0x00000000ffd80000,0x0000000100000000)
 ParOldGen       total 44032K, used 1714K [0x00000000fc000000, 0x00000000feb00000, 0x00000000feb00000)
  object space 44032K, 3% used [0x00000000fc000000,0x00000000fc1ac930,0x00000000feb00000)
 Metaspace       used 7477K, capacity 7650K, committed 7936K, reserved 1058816K
  class space    used 867K, capacity 957K, committed 1024K, reserved 1048576K
Event: 1.194 GC heap after
Heap after GC invocations=2 (full 0):
 PSYoungGen      total 18944K, used 2545K [0x00000000feb00000, 0x0000000100000000, 0x0000000100000000)
  eden space 16384K, 0% used [0x00000000feb00000,0x00000000feb00000,0x00000000ffb00000)
  from space 2560K, 99% used [0x00000000ffd80000,0x00000000ffffc660,0x0000000100000000)
  to   space 2560K, 0% used [0x00000000ffb00000,0x00000000ffb00000,0x00000000ffd80000)
 ParOldGen       total 44032K, used 5173K [0x00000000fc000000, 0x00000000feb00000, 0x00000000feb00000)
  object space 44032K, 11% used [0x00000000fc000000,0x00000000fc50d638,0x00000000feb00000)
 Metaspace       used 7477K, capacity 7650K, committed 7936K, reserved 1058816K
  class space    used 867K, capacity 957K, committed 1024K, reserved 1048576K
}

Deoptimization events (10 events):
Event: 0.812 Thread 0x0000000004d67000 Uncommon trap: reason=unstable_if action=reinterpret pc=0x000000000507e078 method=java.util.zip.ZipCoder.decoder()Ljava/nio/charset/CharsetDecoder; @ 4
Event: 0.813 Thread 0x0000000004d67000 Uncommon trap: reason=unstable_if action=reinterpret pc=0x00000000050793c8 method=java.util.zip.ZipCoder.decoder()Ljava/nio/charset/CharsetDecoder; @ 4
Event: 0.817 Thread 0x0000000004d67000 Uncommon trap: reason=unstable_if action=reinterpret pc=0x0000000005081908 method=java.util.HashMap$HashIterator.nextNode()Ljava/util/HashMap$Node; @ 74
Event: 0.960 Thread 0x0000000004d67000 Uncommon trap: reason=unloaded action=reinterpret pc=0x0000000005075a3c method=java.util.zip.ZipEntry.setExtra0([BZ)V @ 37
Event: 0.978 Thread 0x0000000004d67000 Uncommon trap: reason=unstable_if action=reinterpret pc=0x00000000050872a8 method=java.util.HashMap$HashIterator.nextNode()Ljava/util/HashMap$Node; @ 74
Event: 1.135 Thread 0x0000000004d67000 Uncommon trap: reason=unstable_if action=reinterpret pc=0x000000000514980c method=java.lang.String.<init>([CII)V @ 18
Event: 1.146 Thread 0x0000000004d67000 Uncommon trap: reason=unstable_if action=reinterpret pc=0x0000000005115634 method=java.lang.String.<init>([CII)V @ 18
Event: 1.174 Thread 0x0000000004d67000 Uncommon trap: reason=unstable_if action=reinterpret pc=0x000000000518711c method=org.objectweb.asm.Type.getArgumentsAndReturnSizes(Ljava/lang/String;)I @ 41
Event: 1.182 Thread 0x0000000004d67000 Uncommon trap: reason=unstable_if action=reinterpret pc=0x000000000518ea64 method=org.objectweb.asm.ClassReader.readUTF8(I[C)Ljava/lang/String; @ 7
Event: 1.182 Thread 0x0000000004d67000 Uncommon trap: reason=unstable_if action=reinterpret pc=0x0000000005040b78 method=java.lang.String.<init>([CII)V @ 18

Classes redefined (0 events):
No events

Internal exceptions (10 events):
Event: 0.855 Thread 0x0000000004d67000 Exception <a 'sun/nio/fs/WindowsException'> (0x00000000ff127c28) thrown at [D:\src\AOSP-openjdk-cygwin\jdk8u\hotspot\src\share\vm\prims\jni.cpp, line 709]
Event: 0.867 Thread 0x0000000004d67000 Exception <a 'sun/nio/fs/WindowsException'> (0x00000000ff12d090) thrown at [D:\src\AOSP-openjdk-cygwin\jdk8u\hotspot\src\share\vm\prims\jni.cpp, line 709]
Event: 0.983 Thread 0x0000000004d67000 Exception <a 'sun/nio/fs/WindowsException'> (0x00000000ff5cff98) thrown at [D:\src\AOSP-openjdk-cygwin\jdk8u\hotspot\src\share\vm\prims\jni.cpp, line 709]
Event: 0.984 Thread 0x0000000004d67000 Exception <a 'sun/nio/fs/WindowsException'> (0x00000000ff5d0540) thrown at [D:\src\AOSP-openjdk-cygwin\jdk8u\hotspot\src\share\vm\prims\jni.cpp, line 709]
Event: 0.992 Thread 0x0000000004d67000 Exception <a 'sun/nio/fs/WindowsException'> (0x00000000ff5dbe00) thrown at [D:\src\AOSP-openjdk-cygwin\jdk8u\hotspot\src\share\vm\prims\jni.cpp, line 709]
Event: 0.992 Thread 0x0000000004d67000 Exception <a 'sun/nio/fs/WindowsException'> (0x00000000ff5dc328) thrown at [D:\src\AOSP-openjdk-cygwin\jdk8u\hotspot\src\share\vm\prims\jni.cpp, line 709]
Event: 0.998 Thread 0x0000000004d67000 Exception <a 'sun/nio/fs/WindowsException'> (0x00000000ff5df7c0) thrown at [D:\src\AOSP-openjdk-cygwin\jdk8u\hotspot\src\share\vm\prims\jni.cpp, line 709]
Event: 0.998 Thread 0x0000000004d67000 Exception <a 'sun/nio/fs/WindowsException'> (0x00000000ff5dfce8) thrown at [D:\src\AOSP-openjdk-cygwin\jdk8u\hotspot\src\share\vm\prims\jni.cpp, line 709]
Event: 1.201 Thread 0x0000000004d67000 Exception <a 'sun/nio/fs/WindowsException'> (0x00000000feb0b730) thrown at [D:\src\AOSP-openjdk-cygwin\jdk8u\hotspot\src\share\vm\prims\jni.cpp, line 709]
Event: 1.201 Thread 0x0000000004d67000 Exception <a 'sun/nio/fs/WindowsException'> (0x00000000feb0bc58) thrown at [D:\src\AOSP-openjdk-cygwin\jdk8u\hotspot\src\share\vm\prims\jni.cpp, line 709]

Events (10 events):
Event: 1.174 Thread 0x0000000004d67000 DEOPT PACKING pc=0x000000000518711c sp=0x0000000004d5e780
Event: 1.174 Thread 0x0000000004d67000 DEOPT UNPACKING pc=0x0000000004ea557b sp=0x0000000004d5e708 mode 2
Event: 1.182 Thread 0x0000000004d67000 Uncommon trap: trap_request=0xffffff65 fr.pc=0x000000000518ea64
Event: 1.182 Thread 0x0000000004d67000 DEOPT PACKING pc=0x000000000518ea64 sp=0x0000000004d5e700
Event: 1.182 Thread 0x0000000004d67000 DEOPT UNPACKING pc=0x0000000004ea557b sp=0x0000000004d5e6e0 mode 2
Event: 1.182 Thread 0x0000000004d67000 Uncommon trap: trap_request=0xffffff65 fr.pc=0x0000000005040b78
Event: 1.182 Thread 0x0000000004d67000 DEOPT PACKING pc=0x0000000005040b78 sp=0x0000000004d5e4f0
Event: 1.182 Thread 0x0000000004d67000 DEOPT UNPACKING pc=0x0000000004ea557b sp=0x0000000004d5e4b8 mode 2
Event: 1.187 Executing VM operation: ParallelGCFailedAllocation
Event: 1.194 Executing VM operation: ParallelGCFailedAllocation done


Dynamic libraries:
0x00007ff75a1f0000 - 0x00007ff75a221000 	C:\Program Files\Android\Android Studio\jre\bin\java.exe
0x00007fff37710000 - 0x00007fff378f0000 	C:\WINDOWS\SYSTEM32\ntdll.dll
0x00007fff35830000 - 0x00007fff358de000 	C:\WINDOWS\System32\KERNEL32.DLL
0x00007fff33cb0000 - 0x00007fff33f16000 	C:\WINDOWS\System32\KERNELBASE.dll
0x00007fff35960000 - 0x00007fff35a01000 	C:\WINDOWS\System32\ADVAPI32.dll
0x00007fff34f40000 - 0x00007fff34fdd000 	C:\WINDOWS\System32\msvcrt.dll
0x00007fff35d40000 - 0x00007fff35d9b000 	C:\WINDOWS\System32\sechost.dll
0x00007fff34c60000 - 0x00007fff34d7f000 	C:\WINDOWS\System32\RPCRT4.dll
0x00007fff34d80000 - 0x00007fff34f0f000 	C:\WINDOWS\System32\USER32.dll
0x00007fff341c0000 - 0x00007fff341e0000 	C:\WINDOWS\System32\win32u.dll
0x00007fff35d10000 - 0x00007fff35d38000 	C:\WINDOWS\System32\GDI32.dll
0x00007fff33b10000 - 0x00007fff33ca3000 	C:\WINDOWS\System32\gdi32full.dll
0x00007fff34070000 - 0x00007fff3410b000 	C:\WINDOWS\System32\msvcp_win.dll
0x00007fff33f20000 - 0x00007fff34016000 	C:\WINDOWS\System32\ucrtbase.dll
0x00007fff20630000 - 0x00007fff20899000 	C:\WINDOWS\WinSxS\amd64_microsoft.windows.common-controls_6595b64144ccf1df_6.0.16299.309_none_15cfd4c4935e6b11\COMCTL32.dll
0x00007fff35370000 - 0x00007fff35678000 	C:\WINDOWS\System32\combase.dll
0x00007fff34990000 - 0x00007fff34a02000 	C:\WINDOWS\System32\bcryptPrimitives.dll
0x00007fff35ce0000 - 0x00007fff35d0d000 	C:\WINDOWS\System32\IMM32.DLL
0x000000006d310000 - 0x000000006d349000 	C:\PROGRA~2\Sophos\SOPHOS~1\SOPHOS~2.DLL
0x00007fff34f30000 - 0x00007fff34f38000 	C:\WINDOWS\System32\PSAPI.DLL
0x000000006b980000 - 0x000000006ba52000 	C:\Program Files\Android\Android Studio\jre\jre\bin\msvcr100.dll
0x000000006bbd0000 - 0x000000006c411000 	C:\Program Files\Android\Android Studio\jre\jre\bin\server\jvm.dll
0x00007fff31e20000 - 0x00007fff31e43000 	C:\WINDOWS\SYSTEM32\WINMM.dll
0x00007fff2f440000 - 0x00007fff2f44a000 	C:\WINDOWS\SYSTEM32\VERSION.dll
0x00007fff2fab0000 - 0x00007fff2fab9000 	C:\WINDOWS\SYSTEM32\WSOCK32.dll
0x00007fff31dc0000 - 0x00007fff31dea000 	C:\WINDOWS\SYSTEM32\WINMMBASE.dll
0x00007fff350f0000 - 0x00007fff3515c000 	C:\WINDOWS\System32\WS2_32.dll
0x00007fff34020000 - 0x00007fff3406a000 	C:\WINDOWS\System32\cfgmgr32.dll
0x00007fff257c0000 - 0x00007fff257cf000 	C:\Program Files\Android\Android Studio\jre\jre\bin\verify.dll
0x00007fff23e50000 - 0x00007fff23e79000 	C:\Program Files\Android\Android Studio\jre\jre\bin\java.dll
0x00007fff24580000 - 0x00007fff24596000 	C:\Program Files\Android\Android Studio\jre\jre\bin\zip.dll
0x00007fff35da0000 - 0x00007fff371d6000 	C:\WINDOWS\System32\SHELL32.dll
0x00007fff37630000 - 0x00007fff376d6000 	C:\WINDOWS\System32\shcore.dll
0x00007fff341e0000 - 0x00007fff34927000 	C:\WINDOWS\System32\windows.storage.dll
0x00007fff35c80000 - 0x00007fff35cd1000 	C:\WINDOWS\System32\shlwapi.dll
0x00007fff33af0000 - 0x00007fff33b01000 	C:\WINDOWS\System32\kernel.appcore.dll
0x00007fff33aa0000 - 0x00007fff33aec000 	C:\WINDOWS\System32\powrprof.dll
0x00007fff33a60000 - 0x00007fff33a7b000 	C:\WINDOWS\System32\profapi.dll
0x00007fff33450000 - 0x00007fff33467000 	C:\WINDOWS\SYSTEM32\CRYPTSP.dll
0x00007fff32e90000 - 0x00007fff32ec3000 	C:\WINDOWS\system32\rsaenh.dll
0x00007fff33560000 - 0x00007fff33585000 	C:\WINDOWS\SYSTEM32\bcrypt.dll
0x00007fff33990000 - 0x00007fff339b9000 	C:\WINDOWS\SYSTEM32\USERENV.dll
0x00007fff33470000 - 0x00007fff3347b000 	C:\WINDOWS\SYSTEM32\CRYPTBASE.dll
0x00007fff1f5b0000 - 0x00007fff1f5ca000 	C:\Program Files\Android\Android Studio\jre\jre\bin\net.dll
0x00007fff33290000 - 0x00007fff332f6000 	C:\WINDOWS\system32\mswsock.dll
0x00007fff33020000 - 0x00007fff33059000 	C:\WINDOWS\SYSTEM32\IPHLPAPI.DLL
0x00007fff358f0000 - 0x00007fff358f8000 	C:\WINDOWS\System32\NSI.dll
0x00007fff2f240000 - 0x00007fff2f256000 	C:\WINDOWS\SYSTEM32\dhcpcsvc6.DLL
0x00007fff2f220000 - 0x00007fff2f23a000 	C:\WINDOWS\SYSTEM32\dhcpcsvc.DLL
0x00007fff1efa0000 - 0x00007fff1efb1000 	C:\Program Files\Android\Android Studio\jre\jre\bin\nio.dll

VM Arguments:
jvm_args: -Djava.awt.headless=true -Xmx64M -Dfile.encoding=windows-1252 -Duser.country=BR -Duser.language=pt -Duser.variant 
java_command: com.google.devtools.build.android.desugar.Desugar --input C:\Users\LRIBEIRO\Documents\A\MEUS-BENS-master\app\build\intermediates\transforms\stackFramesFixer\debug\53.jar --output C:\Users\LRIBEIRO\Documents\A\MEUS-BENS-master\app\build\intermediates\transforms\desugar\debug\54.jar --input C:\Users\LRIBEIRO\Documents\A\MEUS-BENS-master\app\build\intermediates\transforms\stackFramesFixer\debug\39.jar --output C:\Users\LRIBEIRO\Documents\A\MEUS-BENS-master\app\build\intermediates\transforms\desugar\debug\40.jar --input C:\Users\LRIBEIRO\Documents\A\MEUS-BENS-master\app\build\intermediates\transforms\stackFramesFixer\debug\10.jar --output C:\Users\LRIBEIRO\Documents\A\MEUS-BENS-master\app\build\intermediates\transforms\desugar\debug\11.jar --input C:\Users\LRIBEIRO\Documents\A\MEUS-BENS-master\app\build\intermediates\transforms\stackFramesFixer\debug\12.jar --output C:\Users\LRIBEIRO\Documents\A\MEUS-BENS-master\app\build\intermediates\transforms\desugar\debug\13.jar --input C:\Users\LRIBEIRO\Documents\A\MEUS-BENS-master\app\build\intermediates\transforms\stackFramesFixer\debug\37.jar --output C:\Users\LRIBEIRO\Documents\A\MEUS-BENS-master\app\build\intermediates\transforms\desugar\debug\38.jar --input C:\Users\LRIBEIRO\Documents\A\MEUS-BENS-master\app\build\intermediates\classes\debug --output C:\Users\LRIBEIRO\Documents\A\MEUS-BENS-master\app\build\intermediates\transforms\desugar\debug\0 --input C:\Users\LRIBEIRO\Documents\A\MEUS-BENS-master\app\build\intermediates\transforms\stackFramesFixer\debug\13.jar --output C:\Users\LRIBEIRO\Documents\A\MEUS-BENS-master\app\build\intermediates\transforms\desugar\debug\14.jar --input C:\Users\LRIBEIRO\Documents\A\MEUS-BENS-master\app\build\intermediates\transforms\stackFramesFixer\debug\24.jar --output C:\Users\LRIBEIRO\Documents\A\MEUS-BENS-master\app\build\intermediates\transforms\desugar\debug\25.jar --input C:\Users\LRIBEIRO\Documents\A\MEUS-BENS-master\app\build\intermediates\transforms\stackFramesFixer\deb
java_class_path (initial): C:\Users\LRIBEIRO\AppData\Local\Temp\desugar_deploy.jar7001358232661522916
Launcher Type: SUN_STANDARD

Environment Variables:
JAVA_HOME=C:\Java\jdk1.8.0_162
CLASSPATH=C:\Java\jdk1.8.0_162\lib;C:\Java\jdk1.8.0_162\lib\tools.jar;C:\Java\jdk1.8.0_162\lib\dt.jar;C:\Java\jdk1.8.0_162\lib\htmlconverter.jar;C:\Java\jdk1.8.0_162\jre\lib;C:\Java\jdk1.8.0_162\jre\lib\rt.jar,C:\Java\jdk1.8.0_162\lib\security\cacerts ;
PATH=C:\Java\jdk1.8.0_162\bin;C:\Program Files (x86)\Common Files\Oracle\Java\javapath;C:\ProgramData\Oracle\Java\javapath;C:\WINDOWS\system32;C:\WINDOWS;C:\WINDOWS\System32\Wbem;C:\WINDOWS\System32\WindowsPowerShell\v1.0\;C:\Program Files\TortoiseSVN\bin;C:\Program Files (x86)\Attachmate\EXTRA!\;C:\Program Files (x86)\Borland\StarTeam SDK 13.0\Lib;C:\Program Files (x86)\Borland\StarTeam SDK 13.0\Bin;C:\Java\jdk1.8.0_162\bin;C:\Program Files\Micro Focus\StarTeam SDK 16.0\lib;C:\Program Files\Micro Focus\StarTeam SDK 16.0\bin;C:\Program Files\nodejs\;C:\Program Files\Git\cmd;C:\Users\LRIBEIRO\AppData\Local\Microsoft\WindowsApps;C:\Users\LRIBEIRO\AppData\Roaming\npm;C:\Program Files\Docker Toolbox;C:\VisualCode\bin
USERNAME=lribeiro
OS=Windows_NT
PROCESSOR_IDENTIFIER=Intel64 Family 6 Model 142 Stepping 9, GenuineIntel



---------------  S Y S T E M  ---------------

OS: Windows 10.0 , 64 bit Build 16299 (10.0.16299.15)

CPU:total 4 (initial active 4) (2 cores per cpu, 2 threads per core) family 6 model 142 stepping 9, cmov, cx8, fxsr, mmx, sse, sse2, sse3, ssse3, sse4.1, sse4.2, popcnt, avx, avx2, aes, clmul, erms, 3dnowpref, lzcnt, ht, tsc, tscinvbit, bmi1, bmi2, adx

Memory: 4k page, physical 8294624k(1614204k free), swap 8294624k(908k free)

vm_info: OpenJDK 64-Bit Server VM (25.152-b06) for windows-amd64 JRE (1.8.0_152-release-1136-b06), built by "builder" with MS VC++ 10.0 (VS2010)

time: Tue Oct 16 14:41:46 2018
elapsed time: 1 seconds (0d 0h 0m 1s)

