#
# A fatal error has been detected by the Java Runtime Environment:
#
#  EXCEPTION_STACK_OVERFLOW (0xc00000fd) at pc=0x000000006bd5ca77, pid=5068, tid=0x0000000000002c88
#
# JRE version: OpenJDK Runtime Environment (8.0_152-b06) (build 1.8.0_152-release-1136-b06)
# Java VM: OpenJDK 64-Bit Server VM (25.152-b06 mixed mode windows-amd64 compressed oops)
# Problematic frame:
# V  [jvm.dll+0x1eca77]
#
# Failed to write core dump. Minidumps are not enabled by default on client versions of Windows
#
# If you would like to submit a bug report, please visit:
#   http://bugreport.java.com/bugreport/crash.jsp
#

---------------  T H R E A D  ---------------

Current thread (0x0000000016be4000):  JavaThread "SeedGenerator Thread" daemon [_thread_in_vm, id=11400, stack(0x0000000017180000,0x0000000017280000)]

siginfo: ExceptionCode=0xc00000fd, ExceptionInformation=0x0000000000000001 0x000000001727e880 

Registers:
RAX=0x000000001727e880, RBX=0x0000000000000002, RCX=0x0000000000001000, RDX=0x0000000000000006
RSP=0x000000001727f880, RBP=0x0000000000000000, RSI=0x000000001727f880, RDI=0x0000000000000002
R8 =0x0000000000000006, R9 =0x0000000016bcbca0, R10=0x00000000147bd9a0, R11=0x000000001718a148
R12=0x0000000016bcbca0, R13=0x0000000016be4000, R14=0x000000001727f948, R15=0x00000000147bd9a0
RIP=0x000000006bd5ca77, EFLAGS=0x0000000000010202

Top of Stack: (sp=0x000000001727f880)
0x000000001727f880:   00005dba9abf79ec 000000006ba04e7e
0x000000001727f890:   0000000016be4000 0000000016bcbca0
0x000000001727f8a0:   00000000ffffffff 000000006bd5d9a7
0x000000001727f8b0:   000000001727f9b0 00000000147bd9a0
0x000000001727f8c0:   0000000016be4000 000000006bc0b693
0x000000001727f8d0:   000000001727f910 0000000016be4000
0x000000001727f8e0:   000000001727f9a0 0000000016be4000
0x000000001727f8f0:   00000000147bd9a0 0000000016be4000
0x000000001727f900:   0000000004de3920 0000000016be4000
0x000000001727f910:   00000000147bd9a0 0000000016be4000
0x000000001727f920:   00000000147bd9a0 0000000016be4000
0x000000001727f930:   0000000000000001 00000000147bd9a0
0x000000001727f940:   0000000016be4000 0000000016bab380
0x000000001727f950:   0000000016be4000 000000006bc0cd3d
0x000000001727f960:   000000001727fc68 00000001000066b0
0x000000001727f970:   00000001000066b0 00007ff9edb592de 

Instructions: (pc=0x000000006bd5ca77)
0x000000006bd5ca57:   48 89 6c 24 30 33 ed 66 90 e8 0b c0 07 00 ff c3
0x000000006bd5ca67:   48 63 c8 48 8b c6 48 0f af cf 48 ff c7 48 2b c1
0x000000006bd5ca77:   89 28 48 63 c3 48 3b 05 25 5b 57 00 7e db 48 8b
0x000000006bd5ca87:   6c 24 30 48 8b 5c 24 38 48 8b 74 24 40 48 83 c4 


Register to memory mapping:

RAX=0x000000001727e880 is pointing into the stack for thread: 0x0000000016be4000
RBX=0x0000000000000002 is an unknown value
RCX=0x0000000000001000 is an unknown value
RDX=0x0000000000000006 is an unknown value
RSP=0x000000001727f880 is pointing into the stack for thread: 0x0000000016be4000
RBP=0x0000000000000000 is an unknown value
RSI=0x000000001727f880 is pointing into the stack for thread: 0x0000000016be4000
RDI=0x0000000000000002 is an unknown value
R8 =0x0000000000000006 is an unknown value
R9 =0x0000000016bcbca0 is an unknown value
R10=